\BOOKMARK [1][-]{section.1}{\376\377\000I\000n\000t\000r\000o\000d\000u\000c\000t\000i\000o\000n\000\040\000a\000n\000d\000\040\000S\000e\000s\000s\000i\000o\000n\000\040\000O\000v\000e\000r\000v\000i\000e\000w}{}% 1
\BOOKMARK [2][-]{subsection.1.1}{\376\377\000W\000h\000a\000t\000\040\000W\000e\000'\000l\000l\000\040\000L\000e\000a\000r\000n\000\040\000T\000o\000d\000a\000y}{section.1}% 2
\BOOKMARK [2][-]{subsection.1.2}{\376\377\000R\000e\000c\000a\000p\000:\000\040\000W\000h\000e\000r\000e\000\040\000W\000e\000\040\000L\000e\000f\000t\000\040\000O\000f\000f}{section.1}% 3
\BOOKMARK [1][-]{section.2}{\376\377\000U\000n\000d\000e\000r\000s\000t\000a\000n\000d\000i\000n\000g\000\040\000P\000a\000t\000h\000\040\000P\000a\000r\000a\000m\000e\000t\000e\000r\000s}{}% 4
\BOOKMARK [2][-]{subsection.2.1}{\376\377\000W\000h\000a\000t\000\040\000A\000r\000e\000\040\000P\000a\000t\000h\000\040\000P\000a\000r\000a\000m\000e\000t\000e\000r\000s\000?}{section.2}% 5
\BOOKMARK [2][-]{subsection.2.2}{\376\377\000S\000i\000m\000p\000l\000e\000\040\000E\000x\000p\000l\000a\000n\000a\000t\000i\000o\000n\000\040\000w\000i\000t\000h\000\040\000E\000x\000a\000m\000p\000l\000e}{section.2}% 6
\BOOKMARK [3][-]{subsubsection.2.2.1}{\376\377\000C\000u\000r\000r\000e\000n\000t\000\040\000S\000i\000t\000u\000a\000t\000i\000o\000n}{subsection.2.2}% 7
\BOOKMARK [3][-]{subsubsection.2.2.2}{\376\377\000T\000h\000e\000\040\000N\000e\000w\000\040\000R\000e\000q\000u\000i\000r\000e\000m\000e\000n\000t}{subsection.2.2}% 8
\BOOKMARK [3][-]{subsubsection.2.2.3}{\376\377\000T\000h\000e\000\040\000S\000o\000l\000u\000t\000i\000o\000n\000:\000\040\000D\000y\000n\000a\000m\000i\000c\000\040\000U\000R\000L}{subsection.2.2}% 9
\BOOKMARK [2][-]{subsection.2.3}{\376\377\000T\000h\000e\000\040\000D\000y\000n\000a\000m\000i\000c\000\040\000P\000o\000r\000t\000i\000o\000n}{section.2}% 10
\BOOKMARK [2][-]{subsection.2.4}{\376\377\000P\000u\000r\000p\000o\000s\000e\000\040\000o\000f\000\040\000P\000a\000t\000h\000\040\000P\000a\000r\000a\000m\000e\000t\000e\000r\000s}{section.2}% 11
\BOOKMARK [2][-]{subsection.2.5}{\376\377\000C\000o\000m\000m\000o\000n\000\040\000U\000s\000e\000\040\000C\000a\000s\000e\000s\000\040\000f\000o\000r\000\040\000P\000a\000t\000h\000\040\000P\000a\000r\000a\000m\000e\000t\000e\000r\000s}{section.2}% 12
\BOOKMARK [3][-]{subsubsection.2.5.1}{\376\377\0001\000.\000\040\000R\000e\000t\000r\000i\000e\000v\000e\000\040\000O\000p\000e\000r\000a\000t\000i\000o\000n\000s}{subsection.2.5}% 13
\BOOKMARK [3][-]{subsubsection.2.5.2}{\376\377\0002\000.\000\040\000U\000p\000d\000a\000t\000e\000\040\000O\000p\000e\000r\000a\000t\000i\000o\000n\000s}{subsection.2.5}% 14
\BOOKMARK [3][-]{subsubsection.2.5.3}{\376\377\0003\000.\000\040\000D\000e\000l\000e\000t\000e\000\040\000O\000p\000e\000r\000a\000t\000i\000o\000n\000s}{subsection.2.5}% 15
\BOOKMARK [1][-]{section.3}{\376\377\000I\000m\000p\000l\000e\000m\000e\000n\000t\000i\000n\000g\000\040\000P\000a\000t\000h\000\040\000P\000a\000r\000a\000m\000e\000t\000e\000r\000s\000\040\000i\000n\000\040\000F\000a\000s\000t\000A\000P\000I}{}% 16
\BOOKMARK [2][-]{subsection.3.1}{\376\377\000B\000u\000i\000l\000d\000i\000n\000g\000\040\000t\000h\000e\000\040\000E\000n\000d\000p\000o\000i\000n\000t}{section.3}% 17
\BOOKMARK [3][-]{subsubsection.3.1.1}{\376\377\000S\000t\000e\000p\000\040\0001\000:\000\040\000D\000e\000f\000i\000n\000e\000\040\000t\000h\000e\000\040\000R\000o\000u\000t\000e}{subsection.3.1}% 18
\BOOKMARK [3][-]{subsubsection.3.1.2}{\376\377\000S\000t\000e\000p\000\040\0002\000:\000\040\000C\000r\000e\000a\000t\000e\000\040\000H\000a\000n\000d\000l\000e\000r\000\040\000F\000u\000n\000c\000t\000i\000o\000n}{subsection.3.1}% 19
\BOOKMARK [3][-]{subsubsection.3.1.3}{\376\377\000S\000t\000e\000p\000\040\0003\000:\000\040\000I\000m\000p\000l\000e\000m\000e\000n\000t\000\040\000F\000u\000n\000c\000t\000i\000o\000n\000\040\000L\000o\000g\000i\000c}{subsection.3.1}% 20
\BOOKMARK [2][-]{subsection.3.2}{\376\377\000U\000n\000d\000e\000r\000s\000t\000a\000n\000d\000i\000n\000g\000\040\000t\000h\000e\000\040\000F\000l\000o\000w}{section.3}% 21
\BOOKMARK [2][-]{subsection.3.3}{\376\377\000T\000e\000s\000t\000i\000n\000g\000\040\000t\000h\000e\000\040\000E\000n\000d\000p\000o\000i\000n\000t}{section.3}% 22
\BOOKMARK [3][-]{subsubsection.3.3.1}{\376\377\000M\000e\000t\000h\000o\000d\000\040\0001\000:\000\040\000B\000r\000o\000w\000s\000e\000r}{subsection.3.3}% 23
\BOOKMARK [3][-]{subsubsection.3.3.2}{\376\377\000M\000e\000t\000h\000o\000d\000\040\0002\000:\000\040\000I\000n\000t\000e\000r\000a\000c\000t\000i\000v\000e\000\040\000D\000o\000c\000u\000m\000e\000n\000t\000a\000t\000i\000o\000n}{subsection.3.3}% 24
\BOOKMARK [1][-]{section.4}{\376\377\000I\000m\000p\000r\000o\000v\000i\000n\000g\000\040\000C\000o\000d\000e\000\040\000w\000i\000t\000h\000\040\000t\000h\000e\000\040\000P\000a\000t\000h\000\050\000\051\000\040\000F\000u\000n\000c\000t\000i\000o\000n}{}% 25
\BOOKMARK [2][-]{subsection.4.1}{\376\377\000C\000u\000r\000r\000e\000n\000t\000\040\000P\000r\000o\000b\000l\000e\000m\000\040\000w\000i\000t\000h\000\040\000D\000o\000c\000u\000m\000e\000n\000t\000a\000t\000i\000o\000n}{section.4}% 26
\BOOKMARK [2][-]{subsection.4.2}{\376\377\000T\000h\000e\000\040\000P\000a\000t\000h\000\050\000\051\000\040\000F\000u\000n\000c\000t\000i\000o\000n}{section.4}% 27
\BOOKMARK [2][-]{subsection.4.3}{\376\377\000C\000a\000p\000a\000b\000i\000l\000i\000t\000i\000e\000s\000\040\000o\000f\000\040\000P\000a\000t\000h\000\050\000\051}{section.4}% 28
\BOOKMARK [2][-]{subsection.4.4}{\376\377\000I\000m\000p\000l\000e\000m\000e\000n\000t\000i\000n\000g\000\040\000P\000a\000t\000h\000\050\000\051\000\040\000F\000u\000n\000c\000t\000i\000o\000n}{section.4}% 29
\BOOKMARK [3][-]{subsubsection.4.4.1}{\376\377\000S\000t\000e\000p\000\040\0001\000:\000\040\000I\000m\000p\000o\000r\000t\000\040\000P\000a\000t\000h}{subsection.4.4}% 30
\BOOKMARK [3][-]{subsubsection.4.4.2}{\376\377\000S\000t\000e\000p\000\040\0002\000:\000\040\000U\000s\000e\000\040\000P\000a\000t\000h\000\050\000\051\000\040\000i\000n\000\040\000F\000u\000n\000c\000t\000i\000o\000n}{subsection.4.4}% 31
\BOOKMARK [2][-]{subsection.4.5}{\376\377\000U\000n\000d\000e\000r\000s\000t\000a\000n\000d\000i\000n\000g\000\040\000t\000h\000e\000\040\000P\000a\000t\000h\000\050\000\051\000\040\000P\000a\000r\000a\000m\000e\000t\000e\000r\000s}{section.4}% 32
\BOOKMARK [3][-]{subsubsection.4.5.1}{\376\377\000T\000h\000e\000\040\000E\000l\000l\000i\000p\000s\000i\000s\000\040\000\050\000.\000.\000.\000\051}{subsection.4.5}% 33
\BOOKMARK [3][-]{subsubsection.4.5.2}{\376\377\000D\000e\000s\000c\000r\000i\000p\000t\000i\000o\000n}{subsection.4.5}% 34
\BOOKMARK [3][-]{subsubsection.4.5.3}{\376\377\000E\000x\000a\000m\000p\000l\000e}{subsection.4.5}% 35
\BOOKMARK [2][-]{subsection.4.6}{\376\377\000A\000d\000d\000i\000t\000i\000o\000n\000a\000l\000\040\000V\000a\000l\000i\000d\000a\000t\000i\000o\000n\000\040\000O\000p\000t\000i\000o\000n\000s}{section.4}% 36
\BOOKMARK [2][-]{subsection.4.7}{\376\377\000B\000e\000n\000e\000f\000i\000t\000s\000\040\000A\000f\000t\000e\000r\000\040\000A\000d\000d\000i\000n\000g\000\040\000P\000a\000t\000h\000\050\000\051}{section.4}% 37
\BOOKMARK [3][-]{subsubsection.4.7.1}{\376\377\000I\000m\000p\000r\000o\000v\000e\000d\000\040\000D\000o\000c\000u\000m\000e\000n\000t\000a\000t\000i\000o\000n}{subsection.4.7}% 38
\BOOKMARK [1][-]{section.5}{\376\377\000H\000T\000T\000P\000\040\000S\000t\000a\000t\000u\000s\000\040\000C\000o\000d\000e\000s\000:\000\040\000A\000\040\000C\000r\000i\000t\000i\000c\000a\000l\000\040\000C\000o\000n\000c\000e\000p\000t}{}% 39
\BOOKMARK [2][-]{subsection.5.1}{\376\377\000W\000h\000a\000t\000\040\000A\000r\000e\000\040\000H\000T\000T\000P\000\040\000S\000t\000a\000t\000u\000s\000\040\000C\000o\000d\000e\000s\000?}{section.5}% 40
\BOOKMARK [2][-]{subsection.5.2}{\376\377\000U\000n\000d\000e\000r\000s\000t\000a\000n\000d\000i\000n\000g\000\040\000t\000h\000e\000\040\000R\000e\000q\000u\000e\000s\000t\000-\000R\000e\000s\000p\000o\000n\000s\000e\000\040\000F\000l\000o\000w}{section.5}% 41
\BOOKMARK [2][-]{subsection.5.3}{\376\377\000P\000u\000r\000p\000o\000s\000e\000\040\000o\000f\000\040\000S\000t\000a\000t\000u\000s\000\040\000C\000o\000d\000e\000s}{section.5}% 42
\BOOKMARK [2][-]{subsection.5.4}{\376\377\000C\000a\000t\000e\000g\000o\000r\000i\000e\000s\000\040\000o\000f\000\040\000S\000t\000a\000t\000u\000s\000\040\000C\000o\000d\000e\000s}{section.5}% 43
\BOOKMARK [2][-]{subsection.5.5}{\376\377\000C\000o\000m\000m\000o\000n\000\040\000H\000T\000T\000P\000\040\000S\000t\000a\000t\000u\000s\000\040\000C\000o\000d\000e\000s}{section.5}% 44
\BOOKMARK [3][-]{subsubsection.5.5.1}{\376\377\0002\000x\000x\000\040\000-\000\040\000S\000u\000c\000c\000e\000s\000s\000\040\000C\000o\000d\000e\000s}{subsection.5.5}% 45
\BOOKMARK [3][-]{subsubsection.5.5.2}{\376\377\0004\000x\000x\000\040\000-\000\040\000C\000l\000i\000e\000n\000t\000\040\000E\000r\000r\000o\000r\000\040\000C\000o\000d\000e\000s}{subsection.5.5}% 46
\BOOKMARK [3][-]{subsubsection.5.5.3}{\376\377\0005\000x\000x\000\040\000-\000\040\000S\000e\000r\000v\000e\000r\000\040\000E\000r\000r\000o\000r\000\040\000C\000o\000d\000e\000s}{subsection.5.5}% 47
\BOOKMARK [2][-]{subsection.5.6}{\376\377\000S\000e\000e\000i\000n\000g\000\040\000S\000t\000a\000t\000u\000s\000\040\000C\000o\000d\000e\000s\000\040\000i\000n\000\040\000A\000c\000t\000i\000o\000n}{section.5}% 48
\BOOKMARK [1][-]{section.6}{\376\377\000I\000d\000e\000n\000t\000i\000f\000y\000i\000n\000g\000\040\000t\000h\000e\000\040\000P\000r\000o\000b\000l\000e\000m\000:\000\040\000I\000n\000c\000o\000r\000r\000e\000c\000t\000\040\000S\000t\000a\000t\000u\000s\000\040\000C\000o\000d\000e\000s}{}% 49
\BOOKMARK [2][-]{subsection.6.1}{\376\377\000T\000e\000s\000t\000i\000n\000g\000\040\000w\000i\000t\000h\000\040\000N\000o\000n\000-\000E\000x\000i\000s\000t\000e\000n\000t\000\040\000P\000a\000t\000i\000e\000n\000t}{section.6}% 50
\BOOKMARK [2][-]{subsection.6.2}{\376\377\000T\000h\000e\000\040\000P\000r\000o\000b\000l\000e\000m\000\040\000R\000e\000v\000e\000a\000l\000e\000d}{section.6}% 51
\BOOKMARK [2][-]{subsection.6.3}{\376\377\000W\000h\000y\000\040\000S\000t\000a\000t\000u\000s\000\040\000C\000o\000d\000e\000s\000\040\000M\000a\000t\000t\000e\000r}{section.6}% 52
\BOOKMARK [2][-]{subsection.6.4}{\376\377\000T\000h\000e\000\040\000S\000o\000l\000u\000t\000i\000o\000n\000:\000\040\000H\000T\000T\000P\000E\000x\000c\000e\000p\000t\000i\000o\000n}{section.6}% 53
\BOOKMARK [2][-]{subsection.6.5}{\376\377\000I\000m\000p\000l\000e\000m\000e\000n\000t\000i\000n\000g\000\040\000H\000T\000T\000P\000E\000x\000c\000e\000p\000t\000i\000o\000n}{section.6}% 54
\BOOKMARK [3][-]{subsubsection.6.5.1}{\376\377\000S\000t\000e\000p\000\040\0001\000:\000\040\000I\000m\000p\000o\000r\000t\000\040\000H\000T\000T\000P\000E\000x\000c\000e\000p\000t\000i\000o\000n}{subsection.6.5}% 55
\BOOKMARK [3][-]{subsubsection.6.5.2}{\376\377\000S\000t\000e\000p\000\040\0002\000:\000\040\000R\000a\000i\000s\000e\000\040\000E\000x\000c\000e\000p\000t\000i\000o\000n\000\040\000I\000n\000s\000t\000e\000a\000d\000\040\000o\000f\000\040\000R\000e\000t\000u\000r\000n\000i\000n\000g\000\040\000E\000r\000r\000o\000r}{subsection.6.5}% 56
\BOOKMARK [2][-]{subsection.6.6}{\376\377\000U\000n\000d\000e\000r\000s\000t\000a\000n\000d\000i\000n\000g\000\040\000t\000h\000e\000\040\000P\000a\000r\000a\000m\000e\000t\000e\000r\000s}{section.6}% 57
\BOOKMARK [2][-]{subsection.6.7}{\376\377\000T\000e\000s\000t\000i\000n\000g\000\040\000t\000h\000e\000\040\000I\000m\000p\000r\000o\000v\000e\000d\000\040\000C\000o\000d\000e}{section.6}% 58
\BOOKMARK [3][-]{subsubsection.6.7.1}{\376\377\000T\000e\000s\000t\000\040\0001\000:\000\040\000V\000a\000l\000i\000d\000\040\000P\000a\000t\000i\000e\000n\000t}{subsection.6.7}% 59
\BOOKMARK [3][-]{subsubsection.6.7.2}{\376\377\000T\000e\000s\000t\000\040\0002\000:\000\040\000I\000n\000v\000a\000l\000i\000d\000\040\000P\000a\000t\000i\000e\000n\000t}{subsection.6.7}% 60
\BOOKMARK [2][-]{subsection.6.8}{\376\377\000C\000o\000m\000p\000l\000e\000t\000e\000\040\000U\000p\000d\000a\000t\000e\000d\000\040\000C\000o\000d\000e}{section.6}% 61
\BOOKMARK [1][-]{section.7}{\376\377\000U\000n\000d\000e\000r\000s\000t\000a\000n\000d\000i\000n\000g\000\040\000Q\000u\000e\000r\000y\000\040\000P\000a\000r\000a\000m\000e\000t\000e\000r\000s}{}% 62
\BOOKMARK [2][-]{subsection.7.1}{\376\377\000T\000h\000e\000\040\000N\000e\000w\000\040\000R\000e\000q\000u\000i\000r\000e\000m\000e\000n\000t}{section.7}% 63
\BOOKMARK [3][-]{subsubsection.7.1.1}{\376\377\000C\000u\000r\000r\000e\000n\000t\000\040\000S\000i\000t\000u\000a\000t\000i\000o\000n}{subsection.7.1}% 64
\BOOKMARK [3][-]{subsubsection.7.1.2}{\376\377\000N\000e\000w\000\040\000F\000e\000a\000t\000u\000r\000e\000\040\000R\000e\000q\000u\000e\000s\000t}{subsection.7.1}% 65
\BOOKMARK [2][-]{subsection.7.2}{\376\377\000W\000h\000y\000\040\000N\000o\000t\000\040\000P\000a\000t\000h\000\040\000P\000a\000r\000a\000m\000e\000t\000e\000r\000s\000?}{section.7}% 66
\BOOKMARK [2][-]{subsection.7.3}{\376\377\000W\000h\000a\000t\000\040\000A\000r\000e\000\040\000Q\000u\000e\000r\000y\000\040\000P\000a\000r\000a\000m\000e\000t\000e\000r\000s\000?}{section.7}% 67
\BOOKMARK [2][-]{subsection.7.4}{\376\377\000Q\000u\000e\000r\000y\000\040\000P\000a\000r\000a\000m\000e\000t\000e\000r\000\040\000S\000y\000n\000t\000a\000x}{section.7}% 68
\BOOKMARK [2][-]{subsection.7.5}{\376\377\000Q\000u\000e\000r\000y\000\040\000P\000a\000r\000a\000m\000e\000t\000e\000r\000s\000\040\000v\000s\000\040\000P\000a\000t\000h\000\040\000P\000a\000r\000a\000m\000e\000t\000e\000r\000s}{section.7}% 69
\BOOKMARK [2][-]{subsection.7.6}{\376\377\000R\000e\000a\000l\000-\000W\000o\000r\000l\000d\000\040\000E\000x\000a\000m\000p\000l\000e\000s}{section.7}% 70
\BOOKMARK [3][-]{subsubsection.7.6.1}{\376\377\000E\000x\000a\000m\000p\000l\000e\000\040\0001\000:\000\040\000E\000-\000c\000o\000m\000m\000e\000r\000c\000e\000\040\000S\000e\000a\000r\000c\000h}{subsection.7.6}% 71
\BOOKMARK [3][-]{subsubsection.7.6.2}{\376\377\000E\000x\000a\000m\000p\000l\000e\000\040\0002\000:\000\040\000S\000o\000c\000i\000a\000l\000\040\000M\000e\000d\000i\000a\000\040\000F\000e\000e\000d}{subsection.7.6}% 72
\BOOKMARK [2][-]{subsection.7.7}{\376\377\000O\000u\000r\000\040\000U\000s\000e\000\040\000C\000a\000s\000e\000:\000\040\000P\000a\000t\000i\000e\000n\000t\000\040\000S\000o\000r\000t\000i\000n\000g}{section.7}% 73
\BOOKMARK [1][-]{section.8}{\376\377\000I\000m\000p\000l\000e\000m\000e\000n\000t\000i\000n\000g\000\040\000Q\000u\000e\000r\000y\000\040\000P\000a\000r\000a\000m\000e\000t\000e\000r\000s\000\040\000i\000n\000\040\000F\000a\000s\000t\000A\000P\000I}{}% 74
\BOOKMARK [2][-]{subsection.8.1}{\376\377\000T\000h\000e\000\040\000Q\000u\000e\000r\000y\000\050\000\051\000\040\000F\000u\000n\000c\000t\000i\000o\000n}{section.8}% 75
\BOOKMARK [2][-]{subsection.8.2}{\376\377\000C\000r\000e\000a\000t\000i\000n\000g\000\040\000t\000h\000e\000\040\000S\000o\000r\000t\000\040\000E\000n\000d\000p\000o\000i\000n\000t}{section.8}% 76
\BOOKMARK [3][-]{subsubsection.8.2.1}{\376\377\000S\000t\000e\000p\000\040\0001\000:\000\040\000I\000m\000p\000o\000r\000t\000\040\000Q\000u\000e\000r\000y}{subsection.8.2}% 77
\BOOKMARK [3][-]{subsubsection.8.2.2}{\376\377\000S\000t\000e\000p\000\040\0002\000:\000\040\000D\000e\000f\000i\000n\000e\000\040\000t\000h\000e\000\040\000E\000n\000d\000p\000o\000i\000n\000t}{subsection.8.2}% 78
\BOOKMARK [2][-]{subsection.8.3}{\376\377\000U\000n\000d\000e\000r\000s\000t\000a\000n\000d\000i\000n\000g\000\040\000t\000h\000e\000\040\000P\000a\000r\000a\000m\000e\000t\000e\000r\000s}{section.8}% 79
\BOOKMARK [3][-]{subsubsection.8.3.1}{\376\377\000R\000e\000q\000u\000i\000r\000e\000d\000\040\000Q\000u\000e\000r\000y\000\040\000P\000a\000r\000a\000m\000e\000t\000e\000r}{subsection.8.3}% 80
\BOOKMARK [3][-]{subsubsection.8.3.2}{\376\377\000O\000p\000t\000i\000o\000n\000a\000l\000\040\000Q\000u\000e\000r\000y\000\040\000P\000a\000r\000a\000m\000e\000t\000e\000r\000\040\000w\000i\000t\000h\000\040\000D\000e\000f\000a\000u\000l\000t}{subsection.8.3}% 81
\BOOKMARK [2][-]{subsection.8.4}{\376\377\000I\000m\000p\000l\000e\000m\000e\000n\000t\000i\000n\000g\000\040\000t\000h\000e\000\040\000S\000o\000r\000t\000i\000n\000g\000\040\000L\000o\000g\000i\000c}{section.8}% 82
\BOOKMARK [3][-]{subsubsection.8.4.1}{\376\377\000S\000t\000e\000p\000\040\0001\000:\000\040\000D\000e\000f\000i\000n\000e\000\040\000V\000a\000l\000i\000d\000\040\000F\000i\000e\000l\000d\000s}{subsection.8.4}% 83
\BOOKMARK [3][-]{subsubsection.8.4.2}{\376\377\000S\000t\000e\000p\000\040\0002\000:\000\040\000V\000a\000l\000i\000d\000a\000t\000e\000\040\000s\000o\000r\000t\000\137\000b\000y\000\040\000P\000a\000r\000a\000m\000e\000t\000e\000r}{subsection.8.4}% 84
\BOOKMARK [3][-]{subsubsection.8.4.3}{\376\377\000S\000t\000e\000p\000\040\0003\000:\000\040\000V\000a\000l\000i\000d\000a\000t\000e\000\040\000o\000r\000d\000e\000r\000\040\000P\000a\000r\000a\000m\000e\000t\000e\000r}{subsection.8.4}% 85
\BOOKMARK [3][-]{subsubsection.8.4.4}{\376\377\000S\000t\000e\000p\000\040\0004\000:\000\040\000L\000o\000a\000d\000\040\000a\000n\000d\000\040\000S\000o\000r\000t\000\040\000D\000a\000t\000a}{subsection.8.4}% 86
\BOOKMARK [2][-]{subsection.8.5}{\376\377\000U\000n\000d\000e\000r\000s\000t\000a\000n\000d\000i\000n\000g\000\040\000t\000h\000e\000\040\000S\000o\000r\000t\000i\000n\000g\000\040\000C\000o\000d\000e}{section.8}% 87
\BOOKMARK [3][-]{subsubsection.8.5.1}{\376\377\000E\000x\000t\000r\000a\000c\000t\000i\000n\000g\000\040\000V\000a\000l\000u\000e\000s}{subsection.8.5}% 88
\BOOKMARK [3][-]{subsubsection.8.5.2}{\376\377\000L\000a\000m\000b\000d\000a\000\040\000F\000u\000n\000c\000t\000i\000o\000n\000\040\000f\000o\000r\000\040\000S\000o\000r\000t\000i\000n\000g\000\040\000K\000e\000y}{subsection.8.5}% 89
\BOOKMARK [3][-]{subsubsection.8.5.3}{\376\377\000R\000e\000v\000e\000r\000s\000e\000\040\000P\000a\000r\000a\000m\000e\000t\000e\000r}{subsection.8.5}% 90
\BOOKMARK [2][-]{subsection.8.6}{\376\377\000C\000o\000m\000p\000l\000e\000t\000e\000\040\000S\000o\000r\000t\000\040\000F\000u\000n\000c\000t\000i\000o\000n}{section.8}% 91
\BOOKMARK [1][-]{section.9}{\376\377\000T\000e\000s\000t\000i\000n\000g\000\040\000t\000h\000e\000\040\000S\000o\000r\000t\000\040\000E\000n\000d\000p\000o\000i\000n\000t}{}% 92
\BOOKMARK [2][-]{subsection.9.1}{\376\377\000M\000e\000t\000h\000o\000d\000\040\0001\000:\000\040\000D\000i\000r\000e\000c\000t\000\040\000U\000R\000L\000\040\000T\000e\000s\000t\000i\000n\000g}{section.9}% 93
\BOOKMARK [3][-]{subsubsection.9.1.1}{\376\377\000T\000e\000s\000t\000\040\0001\000:\000\040\000S\000o\000r\000t\000\040\000b\000y\000\040\000B\000M\000I\000\040\000i\000n\000\040\000D\000e\000s\000c\000e\000n\000d\000i\000n\000g\000\040\000O\000r\000d\000e\000r}{subsection.9.1}% 94
\BOOKMARK [3][-]{subsubsection.9.1.2}{\376\377\000T\000e\000s\000t\000\040\0002\000:\000\040\000S\000o\000r\000t\000\040\000b\000y\000\040\000H\000e\000i\000g\000h\000t\000\040\000i\000n\000\040\000A\000s\000c\000e\000n\000d\000i\000n\000g\000\040\000O\000r\000d\000e\000r}{subsection.9.1}% 95
\BOOKMARK [3][-]{subsubsection.9.1.3}{\376\377\000T\000e\000s\000t\000\040\0003\000:\000\040\000S\000o\000r\000t\000\040\000b\000y\000\040\000W\000e\000i\000g\000h\000t\000\040\000\050\000D\000e\000f\000a\000u\000l\000t\000\040\000A\000s\000c\000e\000n\000d\000i\000n\000g\000\051}{subsection.9.1}% 96
\BOOKMARK [2][-]{subsection.9.2}{\376\377\000M\000e\000t\000h\000o\000d\000\040\0002\000:\000\040\000I\000n\000t\000e\000r\000a\000c\000t\000i\000v\000e\000\040\000D\000o\000c\000u\000m\000e\000n\000t\000a\000t\000i\000o\000n}{section.9}% 97
\BOOKMARK [3][-]{subsubsection.9.2.1}{\376\377\000T\000e\000s\000t\000i\000n\000g\000\040\000V\000a\000l\000i\000d\000\040\000R\000e\000q\000u\000e\000s\000t}{subsection.9.2}% 98
\BOOKMARK [3][-]{subsubsection.9.2.2}{\376\377\000T\000e\000s\000t\000i\000n\000g\000\040\000V\000a\000l\000i\000d\000a\000t\000i\000o\000n\000\040\000E\000r\000r\000o\000r\000s}{subsection.9.2}% 99
\BOOKMARK [2][-]{subsection.9.3}{\376\377\000V\000e\000r\000i\000f\000y\000i\000n\000g\000\040\000O\000p\000t\000i\000o\000n\000a\000l\000\040\000P\000a\000r\000a\000m\000e\000t\000e\000r\000s}{section.9}% 100
\BOOKMARK [1][-]{section.10}{\376\377\000C\000o\000m\000p\000l\000e\000t\000e\000\040\000P\000r\000o\000j\000e\000c\000t\000\040\000C\000o\000d\000e}{}% 101
\BOOKMARK [2][-]{subsection.10.1}{\376\377\000F\000i\000n\000a\000l\000\040\000m\000a\000i\000n\000.\000p\000y}{section.10}% 102
\BOOKMARK [2][-]{subsection.10.2}{\376\377\000A\000P\000I\000\040\000E\000n\000d\000p\000o\000i\000n\000t\000s\000\040\000S\000u\000m\000m\000a\000r\000y}{section.10}% 103
\BOOKMARK [2][-]{subsection.10.3}{\376\377\000P\000r\000o\000j\000e\000c\000t\000\040\000S\000t\000r\000u\000c\000t\000u\000r\000e}{section.10}% 104
\BOOKMARK [1][-]{section.11}{\376\377\000K\000e\000y\000\040\000C\000o\000n\000c\000e\000p\000t\000s\000\040\000S\000u\000m\000m\000a\000r\000y}{}% 105
\BOOKMARK [2][-]{subsection.11.1}{\376\377\000P\000a\000t\000h\000\040\000P\000a\000r\000a\000m\000e\000t\000e\000r\000s\000\040\000R\000e\000c\000a\000p}{section.11}% 106
\BOOKMARK [2][-]{subsection.11.2}{\376\377\000Q\000u\000e\000r\000y\000\040\000P\000a\000r\000a\000m\000e\000t\000e\000r\000s\000\040\000R\000e\000c\000a\000p}{section.11}% 107
\BOOKMARK [2][-]{subsection.11.3}{\376\377\000P\000a\000t\000h\000\050\000\051\000\040\000v\000s\000\040\000Q\000u\000e\000r\000y\000\050\000\051\000\040\000F\000u\000n\000c\000t\000i\000o\000n\000s}{section.11}% 108
\BOOKMARK [2][-]{subsection.11.4}{\376\377\000H\000T\000T\000P\000\040\000S\000t\000a\000t\000u\000s\000\040\000C\000o\000d\000e\000s\000\040\000R\000e\000f\000e\000r\000e\000n\000c\000e}{section.11}% 109
\BOOKMARK [2][-]{subsection.11.5}{\376\377\000W\000h\000e\000n\000\040\000t\000o\000\040\000U\000s\000e\000\040\000E\000a\000c\000h\000\040\000P\000a\000r\000a\000m\000e\000t\000e\000r\000\040\000T\000y\000p\000e}{section.11}% 110
\BOOKMARK [1][-]{section.12}{\376\377\000C\000o\000m\000b\000i\000n\000i\000n\000g\000\040\000B\000o\000t\000h\000\040\000P\000a\000r\000a\000m\000e\000t\000e\000r\000\040\000T\000y\000p\000e\000s}{}% 111
\BOOKMARK [1][-]{section.13}{\376\377\000B\000e\000s\000t\000\040\000P\000r\000a\000c\000t\000i\000c\000e\000s\000\040\000a\000n\000d\000\040\000G\000u\000i\000d\000e\000l\000i\000n\000e\000s}{}% 112
\BOOKMARK [2][-]{subsection.13.1}{\376\377\000P\000a\000r\000a\000m\000e\000t\000e\000r\000\040\000V\000a\000l\000i\000d\000a\000t\000i\000o\000n}{section.13}% 113
\BOOKMARK [2][-]{subsection.13.2}{\376\377\000D\000o\000c\000u\000m\000e\000n\000t\000a\000t\000i\000o\000n\000\040\000B\000e\000s\000t\000\040\000P\000r\000a\000c\000t\000i\000c\000e\000s}{section.13}% 114
\BOOKMARK [2][-]{subsection.13.3}{\376\377\000E\000r\000r\000o\000r\000\040\000H\000a\000n\000d\000l\000i\000n\000g\000\040\000B\000e\000s\000t\000\040\000P\000r\000a\000c\000t\000i\000c\000e\000s}{section.13}% 115
\BOOKMARK [2][-]{subsection.13.4}{\376\377\000O\000p\000t\000i\000o\000n\000a\000l\000\040\000v\000s\000\040\000R\000e\000q\000u\000i\000r\000e\000d\000\040\000P\000a\000r\000a\000m\000e\000t\000e\000r\000s}{section.13}% 116
\BOOKMARK [2][-]{subsection.13.5}{\376\377\000N\000a\000m\000i\000n\000g\000\040\000C\000o\000n\000v\000e\000n\000t\000i\000o\000n\000s}{section.13}% 117
\BOOKMARK [1][-]{section.14}{\376\377\000C\000o\000m\000m\000o\000n\000\040\000P\000i\000t\000f\000a\000l\000l\000s\000\040\000a\000n\000d\000\040\000H\000o\000w\000\040\000t\000o\000\040\000A\000v\000o\000i\000d\000\040\000T\000h\000e\000m}{}% 118
\BOOKMARK [2][-]{subsection.14.1}{\376\377\000P\000i\000t\000f\000a\000l\000l\000\040\0001\000:\000\040\000P\000a\000r\000a\000m\000e\000t\000e\000r\000\040\000N\000a\000m\000e\000\040\000M\000i\000s\000m\000a\000t\000c\000h}{section.14}% 119
\BOOKMARK [2][-]{subsection.14.2}{\376\377\000P\000i\000t\000f\000a\000l\000l\000\040\0002\000:\000\040\000F\000o\000r\000g\000e\000t\000t\000i\000n\000g\000\040\000Q\000u\000e\000s\000t\000i\000o\000n\000\040\000M\000a\000r\000k\000\040\000i\000n\000\040\000Q\000u\000e\000r\000y\000\040\000P\000a\000r\000a\000m\000e\000t\000e\000r\000s}{section.14}% 120
\BOOKMARK [2][-]{subsection.14.3}{\376\377\000P\000i\000t\000f\000a\000l\000l\000\040\0003\000:\000\040\000R\000e\000t\000u\000r\000n\000i\000n\000g\000\040\000W\000r\000o\000n\000g\000\040\000S\000t\000a\000t\000u\000s\000\040\000C\000o\000d\000e\000s}{section.14}% 121
\BOOKMARK [2][-]{subsection.14.4}{\376\377\000P\000i\000t\000f\000a\000l\000l\000\040\0004\000:\000\040\000N\000o\000t\000\040\000V\000a\000l\000i\000d\000a\000t\000i\000n\000g\000\040\000U\000s\000e\000r\000\040\000I\000n\000p\000u\000t}{section.14}% 122
\BOOKMARK [2][-]{subsection.14.5}{\376\377\000P\000i\000t\000f\000a\000l\000l\000\040\0005\000:\000\040\000C\000o\000n\000f\000u\000s\000i\000n\000g\000\040\000P\000a\000t\000h\000\040\000a\000n\000d\000\040\000Q\000u\000e\000r\000y\000\040\000P\000a\000r\000a\000m\000e\000t\000e\000r\000s}{section.14}% 123
\BOOKMARK [1][-]{section.15}{\376\377\000T\000r\000o\000u\000b\000l\000e\000s\000h\000o\000o\000t\000i\000n\000g\000\040\000G\000u\000i\000d\000e}{}% 124
\BOOKMARK [2][-]{subsection.15.1}{\376\377\000I\000s\000s\000u\000e\000:\000\040\0004\0002\0002\000\040\000U\000n\000p\000r\000o\000c\000e\000s\000s\000a\000b\000l\000e\000\040\000E\000n\000t\000i\000t\000y}{section.15}% 125
\BOOKMARK [2][-]{subsection.15.2}{\376\377\000I\000s\000s\000u\000e\000:\000\040\000P\000a\000r\000a\000m\000e\000t\000e\000r\000\040\000N\000o\000t\000\040\000B\000e\000i\000n\000g\000\040\000R\000e\000c\000o\000g\000n\000i\000z\000e\000d}{section.15}% 126
\BOOKMARK [2][-]{subsection.15.3}{\376\377\000I\000s\000s\000u\000e\000:\000\040\000V\000a\000l\000i\000d\000a\000t\000i\000o\000n\000\040\000N\000o\000t\000\040\000W\000o\000r\000k\000i\000n\000g}{section.15}% 127
\BOOKMARK [2][-]{subsection.15.4}{\376\377\000I\000s\000s\000u\000e\000:\000\040\000S\000t\000a\000t\000u\000s\000\040\000C\000o\000d\000e\000s\000\040\000N\000o\000t\000\040\000C\000h\000a\000n\000g\000i\000n\000g}{section.15}% 128
\BOOKMARK [1][-]{section.16}{\376\377\000P\000r\000a\000c\000t\000i\000c\000e\000\040\000E\000x\000e\000r\000c\000i\000s\000e\000s}{}% 129
\BOOKMARK [2][-]{subsection.16.1}{\376\377\000E\000x\000e\000r\000c\000i\000s\000e\000\040\0001\000:\000\040\000A\000d\000d\000\040\000A\000g\000e\000\040\000F\000i\000l\000t\000e\000r}{section.16}% 130
\BOOKMARK [2][-]{subsection.16.2}{\376\377\000E\000x\000e\000r\000c\000i\000s\000e\000\040\0002\000:\000\040\000S\000e\000a\000r\000c\000h\000\040\000b\000y\000\040\000C\000i\000t\000y}{section.16}% 131
\BOOKMARK [2][-]{subsection.16.3}{\376\377\000E\000x\000e\000r\000c\000i\000s\000e\000\040\0003\000:\000\040\000U\000p\000d\000a\000t\000e\000\040\000P\000a\000t\000i\000e\000n\000t\000\040\000W\000e\000i\000g\000h\000t}{section.16}% 132
\BOOKMARK [2][-]{subsection.16.4}{\376\377\000E\000x\000e\000r\000c\000i\000s\000e\000\040\0004\000:\000\040\000P\000a\000g\000i\000n\000a\000t\000i\000o\000n}{section.16}% 133
\BOOKMARK [2][-]{subsection.16.5}{\376\377\000S\000o\000l\000u\000t\000i\000o\000n\000s\000\040\000A\000p\000p\000r\000o\000a\000c\000h}{section.16}% 134
\BOOKMARK [1][-]{section.17}{\376\377\000Q\000u\000i\000c\000k\000\040\000R\000e\000f\000e\000r\000e\000n\000c\000e\000\040\000G\000u\000i\000d\000e}{}% 135
\BOOKMARK [2][-]{subsection.17.1}{\376\377\000C\000o\000m\000m\000a\000n\000d\000\040\000R\000e\000f\000e\000r\000e\000n\000c\000e}{section.17}% 136
\BOOKMARK [2][-]{subsection.17.2}{\376\377\000C\000o\000d\000e\000\040\000T\000e\000m\000p\000l\000a\000t\000e\000s}{section.17}% 137
\BOOKMARK [3][-]{subsubsection.17.2.1}{\376\377\000P\000a\000t\000h\000\040\000P\000a\000r\000a\000m\000e\000t\000e\000r\000\040\000T\000e\000m\000p\000l\000a\000t\000e}{subsection.17.2}% 138
\BOOKMARK [3][-]{subsubsection.17.2.2}{\376\377\000Q\000u\000e\000r\000y\000\040\000P\000a\000r\000a\000m\000e\000t\000e\000r\000\040\000T\000e\000m\000p\000l\000a\000t\000e}{subsection.17.2}% 139
\BOOKMARK [2][-]{subsection.17.3}{\376\377\000I\000m\000p\000o\000r\000t\000\040\000S\000t\000a\000t\000e\000m\000e\000n\000t\000s}{section.17}% 140
\BOOKMARK [2][-]{subsection.17.4}{\376\377\000S\000t\000a\000t\000u\000s\000\040\000C\000o\000d\000e\000\040\000Q\000u\000i\000c\000k\000\040\000R\000e\000f\000e\000r\000e\000n\000c\000e}{section.17}% 141
\BOOKMARK [2][-]{subsection.17.5}{\376\377\000U\000R\000L\000\040\000F\000o\000r\000m\000a\000t\000\040\000R\000e\000f\000e\000r\000e\000n\000c\000e}{section.17}% 142
