\BOOKMARK [1][-]{section.1}{\376\377\000I\000n\000t\000r\000o\000d\000u\000c\000t\000i\000o\000n\000\040\000t\000o\000\040\000D\000V\000C}{}% 1
\BOOKMARK [2][-]{subsection.1.1}{\376\377\000W\000h\000a\000t\000\040\000i\000s\000\040\000D\000V\000C\000?}{section.1}% 2
\BOOKMARK [2][-]{subsection.1.2}{\376\377\000W\000h\000y\000\040\000i\000s\000\040\000D\000V\000C\000\040\000N\000e\000e\000d\000e\000d\000\040\000i\000n\000\040\000M\000L\000O\000p\000s\000?}{section.1}% 3
\BOOKMARK [2][-]{subsection.1.3}{\376\377\000T\000h\000e\000\040\000M\000a\000c\000h\000i\000n\000e\000\040\000L\000e\000a\000r\000n\000i\000n\000g\000\040\000P\000i\000p\000e\000l\000i\000n\000e}{section.1}% 4
\BOOKMARK [2][-]{subsection.1.4}{\376\377\000R\000e\000a\000l\000-\000W\000o\000r\000l\000d\000\040\000S\000c\000e\000n\000a\000r\000i\000o}{section.1}% 5
\BOOKMARK [2][-]{subsection.1.5}{\376\377\000W\000h\000y\000\040\000N\000o\000t\000\040\000J\000u\000s\000t\000\040\000U\000s\000e\000\040\000G\000i\000t\000\040\000f\000o\000r\000\040\000D\000a\000t\000a\000?}{section.1}% 6
\BOOKMARK [1][-]{section.2}{\376\377\000H\000o\000w\000\040\000D\000V\000C\000\040\000W\000o\000r\000k\000s\000:\000\040\000T\000h\000e\000\040\000T\000e\000m\000p\000l\000e\000\040\000A\000n\000a\000l\000o\000g\000y}{}% 7
\BOOKMARK [2][-]{subsection.2.1}{\376\377\000U\000n\000d\000e\000r\000s\000t\000a\000n\000d\000i\000n\000g\000\040\000D\000V\000C\000\040\000w\000i\000t\000h\000\040\000a\000\040\000R\000e\000a\000l\000-\000W\000o\000r\000l\000d\000\040\000E\000x\000a\000m\000p\000l\000e}{section.2}% 8
\BOOKMARK [2][-]{subsection.2.2}{\376\377\000T\000h\000e\000\040\000D\000V\000C\000-\000G\000i\000t\000\040\000R\000e\000l\000a\000t\000i\000o\000n\000s\000h\000i\000p}{section.2}% 9
\BOOKMARK [2][-]{subsection.2.3}{\376\377\000D\000V\000C\000\040\000W\000o\000r\000k\000i\000n\000g\000\040\000M\000e\000c\000h\000a\000n\000i\000s\000m}{section.2}% 10
\BOOKMARK [2][-]{subsection.2.4}{\376\377\000W\000h\000a\000t\000\040\000G\000e\000t\000s\000\040\000S\000t\000o\000r\000e\000d\000\040\000W\000h\000e\000r\000e}{section.2}% 11
\BOOKMARK [2][-]{subsection.2.5}{\376\377\000V\000i\000s\000u\000a\000l\000\040\000R\000e\000p\000r\000e\000s\000e\000n\000t\000a\000t\000i\000o\000n}{section.2}% 12
\BOOKMARK [1][-]{section.3}{\376\377\000S\000e\000t\000t\000i\000n\000g\000\040\000U\000p\000\040\000D\000V\000C}{}% 13
\BOOKMARK [2][-]{subsection.3.1}{\376\377\000P\000r\000e\000r\000e\000q\000u\000i\000s\000i\000t\000e\000s}{section.3}% 14
\BOOKMARK [2][-]{subsection.3.2}{\376\377\000I\000n\000s\000t\000a\000l\000l\000a\000t\000i\000o\000n}{section.3}% 15
\BOOKMARK [3][-]{subsubsection.3.2.1}{\376\377\000I\000n\000s\000t\000a\000l\000l\000i\000n\000g\000\040\000D\000V\000C}{subsection.3.2}% 16
\BOOKMARK [3][-]{subsubsection.3.2.2}{\376\377\000V\000e\000r\000i\000f\000y\000i\000n\000g\000\040\000I\000n\000s\000t\000a\000l\000l\000a\000t\000i\000o\000n}{subsection.3.2}% 17
\BOOKMARK [2][-]{subsection.3.3}{\376\377\000E\000s\000s\000e\000n\000t\000i\000a\000l\000\040\000T\000e\000r\000m\000i\000n\000a\000l\000\040\000C\000o\000m\000m\000a\000n\000d\000s}{section.3}% 18
\BOOKMARK [2][-]{subsection.3.4}{\376\377\000P\000y\000t\000h\000o\000n\000\040\000V\000i\000r\000t\000u\000a\000l\000\040\000E\000n\000v\000i\000r\000o\000n\000m\000e\000n\000t}{section.3}% 19
\BOOKMARK [1][-]{section.4}{\376\377\000C\000o\000m\000p\000l\000e\000t\000e\000\040\000D\000V\000C\000\040\000W\000o\000r\000k\000f\000l\000o\000w}{}% 20
\BOOKMARK [2][-]{subsection.4.1}{\376\377\000W\000o\000r\000k\000f\000l\000o\000w\000\040\000O\000v\000e\000r\000v\000i\000e\000w}{section.4}% 21
\BOOKMARK [2][-]{subsection.4.2}{\376\377\000S\000t\000e\000p\000-\000b\000y\000-\000S\000t\000e\000p\000\040\000I\000m\000p\000l\000e\000m\000e\000n\000t\000a\000t\000i\000o\000n}{section.4}% 22
\BOOKMARK [3][-]{subsubsection.4.2.1}{\376\377\000S\000t\000e\000p\000\040\0001\000:\000\040\000C\000r\000e\000a\000t\000e\000\040\000a\000n\000d\000\040\000C\000l\000o\000n\000e\000\040\000G\000i\000t\000\040\000R\000e\000p\000o\000s\000i\000t\000o\000r\000y}{subsection.4.2}% 23
\BOOKMARK [3][-]{subsubsection.4.2.2}{\376\377\000S\000t\000e\000p\000\040\0002\000:\000\040\000C\000r\000e\000a\000t\000e\000\040\000P\000y\000t\000h\000o\000n\000\040\000S\000c\000r\000i\000p\000t}{subsection.4.2}% 24
\BOOKMARK [3][-]{subsubsection.4.2.3}{\376\377\000S\000t\000e\000p\000\040\0003\000:\000\040\000C\000o\000n\000f\000i\000g\000u\000r\000e\000\040\000.\000g\000i\000t\000i\000g\000n\000o\000r\000e}{subsection.4.2}% 25
\BOOKMARK [3][-]{subsubsection.4.2.4}{\376\377\000S\000t\000e\000p\000\040\0004\000:\000\040\000I\000n\000i\000t\000i\000a\000l\000\040\000G\000i\000t\000\040\000C\000o\000m\000m\000i\000t}{subsection.4.2}% 26
\BOOKMARK [3][-]{subsubsection.4.2.5}{\376\377\000S\000t\000e\000p\000\040\0005\000:\000\040\000I\000n\000i\000t\000i\000a\000l\000i\000z\000e\000\040\000D\000V\000C}{subsection.4.2}% 27
\BOOKMARK [3][-]{subsubsection.4.2.6}{\376\377\000S\000t\000e\000p\000\040\0006\000:\000\040\000C\000o\000n\000f\000i\000g\000u\000r\000e\000\040\000R\000e\000m\000o\000t\000e\000\040\000S\000t\000o\000r\000a\000g\000e}{subsection.4.2}% 28
\BOOKMARK [3][-]{subsubsection.4.2.7}{\376\377\000S\000t\000e\000p\000\040\0007\000:\000\040\000V\000e\000r\000i\000f\000y\000\040\000R\000e\000m\000o\000t\000e\000\040\000C\000o\000n\000f\000i\000g\000u\000r\000a\000t\000i\000o\000n}{subsection.4.2}% 29
\BOOKMARK [3][-]{subsubsection.4.2.8}{\376\377\000S\000t\000e\000p\000\040\0008\000:\000\040\000T\000r\000a\000c\000k\000\040\000D\000a\000t\000a\000\040\000w\000i\000t\000h\000\040\000D\000V\000C}{subsection.4.2}% 30
\BOOKMARK [3][-]{subsubsection.4.2.9}{\376\377\000S\000t\000e\000p\000\040\0009\000:\000\040\000T\000r\000a\000c\000k\000\040\000.\000d\000v\000c\000\040\000F\000i\000l\000e\000\040\000w\000i\000t\000h\000\040\000G\000i\000t}{subsection.4.2}% 31
\BOOKMARK [3][-]{subsubsection.4.2.10}{\376\377\000S\000t\000e\000p\000\040\0001\0000\000:\000\040\000C\000h\000e\000c\000k\000\040\000D\000V\000C\000\040\000S\000t\000a\000t\000u\000s}{subsection.4.2}% 32
\BOOKMARK [3][-]{subsubsection.4.2.11}{\376\377\000S\000t\000e\000p\000\040\0001\0001\000:\000\040\000P\000u\000s\000h\000\040\000D\000a\000t\000a\000\040\000t\000o\000\040\000D\000V\000C\000\040\000R\000e\000m\000o\000t\000e}{subsection.4.2}% 33
\BOOKMARK [3][-]{subsubsection.4.2.12}{\376\377\000S\000t\000e\000p\000\040\0001\0002\000:\000\040\000P\000u\000s\000h\000\040\000C\000o\000d\000e\000\040\000t\000o\000\040\000G\000i\000t}{subsection.4.2}% 34
\BOOKMARK [1][-]{section.5}{\376\377\000V\000e\000r\000s\000i\000o\000n\000i\000n\000g\000\040\000D\000a\000t\000a\000\040\000T\000h\000r\000o\000u\000g\000h\000\040\000I\000t\000e\000r\000a\000t\000i\000o\000n\000s}{}% 35
\BOOKMARK [2][-]{subsection.5.1}{\376\377\000C\000r\000e\000a\000t\000i\000n\000g\000\040\000V\000e\000r\000s\000i\000o\000n\000\040\0002}{section.5}% 36
\BOOKMARK [3][-]{subsubsection.5.1.1}{\376\377\000U\000p\000d\000a\000t\000e\000\040\000t\000h\000e\000\040\000C\000o\000d\000e}{subsection.5.1}% 37
\BOOKMARK [3][-]{subsubsection.5.1.2}{\376\377\000R\000u\000n\000\040\000t\000h\000e\000\040\000S\000c\000r\000i\000p\000t}{subsection.5.1}% 38
\BOOKMARK [3][-]{subsubsection.5.1.3}{\376\377\000C\000h\000e\000c\000k\000\040\000D\000V\000C\000\040\000S\000t\000a\000t\000u\000s}{subsection.5.1}% 39
\BOOKMARK [3][-]{subsubsection.5.1.4}{\376\377\000C\000o\000m\000m\000i\000t\000\040\000a\000n\000d\000\040\000P\000u\000s\000h\000\040\000V\000e\000r\000s\000i\000o\000n\000\040\0002}{subsection.5.1}% 40
\BOOKMARK [2][-]{subsection.5.2}{\376\377\000C\000r\000e\000a\000t\000i\000n\000g\000\040\000V\000e\000r\000s\000i\000o\000n\000\040\0003}{section.5}% 41
\BOOKMARK [3][-]{subsubsection.5.2.1}{\376\377\000U\000p\000d\000a\000t\000e\000\040\000C\000o\000d\000e\000\040\000A\000g\000a\000i\000n}{subsection.5.2}% 42
\BOOKMARK [3][-]{subsubsection.5.2.2}{\376\377\000V\000e\000r\000s\000i\000o\000n\000\040\000a\000n\000d\000\040\000C\000o\000m\000m\000i\000t}{subsection.5.2}% 43
\BOOKMARK [2][-]{subsection.5.3}{\376\377\000U\000n\000d\000e\000r\000s\000t\000a\000n\000d\000i\000n\000g\000\040\000t\000h\000e\000\040\000V\000e\000r\000s\000i\000o\000n\000i\000n\000g\000\040\000P\000r\000o\000c\000e\000s\000s}{section.5}% 44
\BOOKMARK [2][-]{subsection.5.4}{\376\377\000C\000o\000r\000r\000e\000c\000t\000e\000d\000\040\000V\000e\000r\000s\000i\000o\000n\000i\000n\000g\000\040\000W\000o\000r\000k\000f\000l\000o\000w}{section.5}% 45
\BOOKMARK [3][-]{subsubsection.5.4.1}{\376\377\000V\000e\000r\000s\000i\000o\000n\000\040\0002\000\040\000-\000\040\000C\000o\000r\000r\000e\000c\000t\000\040\000C\000o\000m\000m\000a\000n\000d\000s}{subsection.5.4}% 46
\BOOKMARK [3][-]{subsubsection.5.4.2}{\376\377\000V\000e\000r\000s\000i\000o\000n\000\040\0003\000\040\000-\000\040\000C\000o\000r\000r\000e\000c\000t\000\040\000C\000o\000m\000m\000a\000n\000d\000s}{subsection.5.4}% 47
\BOOKMARK [2][-]{subsection.5.5}{\376\377\000U\000n\000d\000e\000r\000s\000t\000a\000n\000d\000i\000n\000g\000\040\000C\000a\000c\000h\000e\000\040\000B\000e\000h\000a\000v\000i\000o\000r}{section.5}% 48
\BOOKMARK [2][-]{subsection.5.6}{\376\377\000V\000i\000e\000w\000i\000n\000g\000\040\000V\000e\000r\000s\000i\000o\000n\000\040\000H\000i\000s\000t\000o\000r\000y}{section.5}% 49
\BOOKMARK [3][-]{subsubsection.5.6.1}{\376\377\000C\000h\000e\000c\000k\000\040\000G\000i\000t\000\040\000L\000o\000g}{subsection.5.6}% 50
\BOOKMARK [1][-]{section.6}{\376\377\000R\000o\000l\000l\000i\000n\000g\000\040\000B\000a\000c\000k\000\040\000t\000o\000\040\000P\000r\000e\000v\000i\000o\000u\000s\000\040\000V\000e\000r\000s\000i\000o\000n\000s}{}% 51
\BOOKMARK [2][-]{subsection.6.1}{\376\377\000T\000h\000e\000\040\000N\000e\000e\000d\000\040\000f\000o\000r\000\040\000R\000o\000l\000l\000b\000a\000c\000k}{section.6}% 52
\BOOKMARK [2][-]{subsection.6.2}{\376\377\000R\000o\000l\000l\000b\000a\000c\000k\000\040\000P\000r\000o\000c\000e\000s\000s}{section.6}% 53
\BOOKMARK [2][-]{subsection.6.3}{\376\377\000S\000t\000e\000p\000-\000b\000y\000-\000S\000t\000e\000p\000\040\000R\000o\000l\000l\000b\000a\000c\000k}{section.6}% 54
\BOOKMARK [3][-]{subsubsection.6.3.1}{\376\377\000S\000t\000e\000p\000\040\0001\000:\000\040\000V\000i\000e\000w\000\040\000A\000v\000a\000i\000l\000a\000b\000l\000e\000\040\000V\000e\000r\000s\000i\000o\000n\000s}{subsection.6.3}% 55
\BOOKMARK [3][-]{subsubsection.6.3.2}{\376\377\000S\000t\000e\000p\000\040\0002\000:\000\040\000C\000h\000e\000c\000k\000o\000u\000t\000\040\000S\000p\000e\000c\000i\000f\000i\000c\000\040\000V\000e\000r\000s\000i\000o\000n}{subsection.6.3}% 56
\BOOKMARK [3][-]{subsubsection.6.3.3}{\376\377\000S\000t\000e\000p\000\040\0003\000:\000\040\000C\000h\000e\000c\000k\000\040\000D\000V\000C\000\040\000S\000t\000a\000t\000u\000s}{subsection.6.3}% 57
\BOOKMARK [3][-]{subsubsection.6.3.4}{\376\377\000S\000t\000e\000p\000\040\0004\000:\000\040\000P\000u\000l\000l\000\040\000D\000a\000t\000a\000\040\000f\000r\000o\000m\000\040\000D\000V\000C}{subsection.6.3}% 58
\BOOKMARK [3][-]{subsubsection.6.3.5}{\376\377\000S\000t\000e\000p\000\040\0005\000:\000\040\000V\000e\000r\000i\000f\000y\000\040\000R\000o\000l\000l\000b\000a\000c\000k}{subsection.6.3}% 59
\BOOKMARK [2][-]{subsection.6.4}{\376\377\000R\000e\000t\000u\000r\000n\000i\000n\000g\000\040\000t\000o\000\040\000L\000a\000t\000e\000s\000t\000\040\000V\000e\000r\000s\000i\000o\000n}{section.6}% 60
\BOOKMARK [2][-]{subsection.6.5}{\376\377\000R\000o\000l\000l\000b\000a\000c\000k\000\040\000W\000o\000r\000k\000f\000l\000o\000w\000\040\000D\000i\000a\000g\000r\000a\000m}{section.6}% 61
\BOOKMARK [1][-]{section.7}{\376\377\000C\000o\000m\000p\000l\000e\000t\000e\000\040\000D\000V\000C\000\040\000C\000o\000m\000m\000a\000n\000d\000s\000\040\000R\000e\000f\000e\000r\000e\000n\000c\000e}{}% 62
\BOOKMARK [2][-]{subsection.7.1}{\376\377\000I\000n\000i\000t\000i\000a\000l\000i\000z\000a\000t\000i\000o\000n\000\040\000a\000n\000d\000\040\000C\000o\000n\000f\000i\000g\000u\000r\000a\000t\000i\000o\000n}{section.7}% 63
\BOOKMARK [2][-]{subsection.7.2}{\376\377\000D\000a\000t\000a\000\040\000T\000r\000a\000c\000k\000i\000n\000g}{section.7}% 64
\BOOKMARK [2][-]{subsection.7.3}{\376\377\000S\000t\000a\000t\000u\000s\000\040\000a\000n\000d\000\040\000I\000n\000f\000o\000r\000m\000a\000t\000i\000o\000n}{section.7}% 65
\BOOKMARK [2][-]{subsection.7.4}{\376\377\000D\000a\000t\000a\000\040\000S\000y\000n\000c\000h\000r\000o\000n\000i\000z\000a\000t\000i\000o\000n}{section.7}% 66
\BOOKMARK [2][-]{subsection.7.5}{\376\377\000P\000i\000p\000e\000l\000i\000n\000e\000\040\000M\000a\000n\000a\000g\000e\000m\000e\000n\000t}{section.7}% 67
\BOOKMARK [2][-]{subsection.7.6}{\376\377\000O\000t\000h\000e\000r\000\040\000U\000s\000e\000f\000u\000l\000\040\000C\000o\000m\000m\000a\000n\000d\000s}{section.7}% 68
\BOOKMARK [1][-]{section.8}{\376\377\000R\000e\000m\000o\000t\000e\000\040\000S\000t\000o\000r\000a\000g\000e\000\040\000C\000o\000n\000f\000i\000g\000u\000r\000a\000t\000i\000o\000n}{}% 69
\BOOKMARK [2][-]{subsection.8.1}{\376\377\000S\000u\000p\000p\000o\000r\000t\000e\000d\000\040\000S\000t\000o\000r\000a\000g\000e\000\040\000T\000y\000p\000e\000s}{section.8}% 70
\BOOKMARK [2][-]{subsection.8.2}{\376\377\000L\000o\000c\000a\000l\000\040\000S\000t\000o\000r\000a\000g\000e\000\040\000C\000o\000n\000f\000i\000g\000u\000r\000a\000t\000i\000o\000n}{section.8}% 71
\BOOKMARK [2][-]{subsection.8.3}{\376\377\000A\000m\000a\000z\000o\000n\000\040\000S\0003\000\040\000C\000o\000n\000f\000i\000g\000u\000r\000a\000t\000i\000o\000n}{section.8}% 72
\BOOKMARK [2][-]{subsection.8.4}{\376\377\000G\000o\000o\000g\000l\000e\000\040\000C\000l\000o\000u\000d\000\040\000S\000t\000o\000r\000a\000g\000e\000\040\000C\000o\000n\000f\000i\000g\000u\000r\000a\000t\000i\000o\000n}{section.8}% 73
\BOOKMARK [2][-]{subsection.8.5}{\376\377\000A\000z\000u\000r\000e\000\040\000B\000l\000o\000b\000\040\000S\000t\000o\000r\000a\000g\000e\000\040\000C\000o\000n\000f\000i\000g\000u\000r\000a\000t\000i\000o\000n}{section.8}% 74
\BOOKMARK [2][-]{subsection.8.6}{\376\377\000G\000o\000o\000g\000l\000e\000\040\000D\000r\000i\000v\000e\000\040\000C\000o\000n\000f\000i\000g\000u\000r\000a\000t\000i\000o\000n}{section.8}% 75
\BOOKMARK [2][-]{subsection.8.7}{\376\377\000S\000S\000H\000/\000S\000F\000T\000P\000\040\000C\000o\000n\000f\000i\000g\000u\000r\000a\000t\000i\000o\000n}{section.8}% 76
\BOOKMARK [2][-]{subsection.8.8}{\376\377\000M\000a\000n\000a\000g\000i\000n\000g\000\040\000M\000u\000l\000t\000i\000p\000l\000e\000\040\000R\000e\000m\000o\000t\000e\000s}{section.8}% 77
\BOOKMARK [1][-]{section.9}{\376\377\000C\000o\000l\000l\000a\000b\000o\000r\000a\000t\000i\000o\000n\000\040\000w\000i\000t\000h\000\040\000D\000V\000C}{}% 78
\BOOKMARK [2][-]{subsection.9.1}{\376\377\000T\000e\000a\000m\000\040\000W\000o\000r\000k\000f\000l\000o\000w}{section.9}% 79
\BOOKMARK [2][-]{subsection.9.2}{\376\377\000C\000o\000l\000l\000a\000b\000o\000r\000a\000t\000o\000r\000\040\000S\000e\000t\000u\000p}{section.9}% 80
\BOOKMARK [3][-]{subsubsection.9.2.1}{\376\377\000I\000n\000i\000t\000i\000a\000l\000\040\000S\000e\000t\000u\000p\000\040\000f\000o\000r\000\040\000N\000e\000w\000\040\000T\000e\000a\000m\000\040\000M\000e\000m\000b\000e\000r}{subsection.9.2}% 81
\BOOKMARK [2][-]{subsection.9.3}{\376\377\000M\000a\000k\000i\000n\000g\000\040\000C\000h\000a\000n\000g\000e\000s\000\040\000a\000n\000d\000\040\000S\000h\000a\000r\000i\000n\000g}{section.9}% 82
\BOOKMARK [3][-]{subsubsection.9.3.1}{\376\377\000D\000e\000v\000e\000l\000o\000p\000e\000r\000\040\000W\000o\000r\000k\000f\000l\000o\000w}{subsection.9.3}% 83
\BOOKMARK [2][-]{subsection.9.4}{\376\377\000R\000e\000v\000i\000e\000w\000i\000n\000g\000\040\000C\000h\000a\000n\000g\000e\000s}{section.9}% 84
\BOOKMARK [2][-]{subsection.9.5}{\376\377\000B\000e\000s\000t\000\040\000P\000r\000a\000c\000t\000i\000c\000e\000s\000\040\000f\000o\000r\000\040\000T\000e\000a\000m\000s}{section.9}% 85
\BOOKMARK [1][-]{section.10}{\376\377\000A\000d\000v\000a\000n\000c\000e\000d\000\040\000D\000V\000C\000\040\000F\000e\000a\000t\000u\000r\000e\000s}{}% 86
\BOOKMARK [2][-]{subsection.10.1}{\376\377\000D\000V\000C\000\040\000P\000i\000p\000e\000l\000i\000n\000e\000s}{section.10}% 87
\BOOKMARK [3][-]{subsubsection.10.1.1}{\376\377\000C\000r\000e\000a\000t\000i\000n\000g\000\040\000a\000\040\000P\000i\000p\000e\000l\000i\000n\000e}{subsection.10.1}% 88
\BOOKMARK [3][-]{subsubsection.10.1.2}{\376\377\000R\000e\000p\000r\000o\000d\000u\000c\000i\000n\000g\000\040\000P\000i\000p\000e\000l\000i\000n\000e\000s}{subsection.10.1}% 89
\BOOKMARK [2][-]{subsection.10.2}{\376\377\000P\000a\000r\000a\000m\000e\000t\000e\000r\000s\000\040\000a\000n\000d\000\040\000M\000e\000t\000r\000i\000c\000s}{section.10}% 90
\BOOKMARK [3][-]{subsubsection.10.2.1}{\376\377\000T\000r\000a\000c\000k\000i\000n\000g\000\040\000P\000a\000r\000a\000m\000e\000t\000e\000r\000s}{subsection.10.2}% 91
\BOOKMARK [3][-]{subsubsection.10.2.2}{\376\377\000T\000r\000a\000c\000k\000i\000n\000g\000\040\000M\000e\000t\000r\000i\000c\000s}{subsection.10.2}% 92
\BOOKMARK [2][-]{subsection.10.3}{\376\377\000E\000x\000p\000e\000r\000i\000m\000e\000n\000t\000s}{section.10}% 93
\BOOKMARK [2][-]{subsection.10.4}{\376\377\000D\000a\000t\000a\000\040\000R\000e\000g\000i\000s\000t\000r\000y}{section.10}% 94
\BOOKMARK [2][-]{subsection.10.5}{\376\377\000C\000a\000c\000h\000e\000\040\000M\000a\000n\000a\000g\000e\000m\000e\000n\000t}{section.10}% 95
\BOOKMARK [3][-]{subsubsection.10.5.1}{\376\377\000C\000a\000c\000h\000e\000\040\000L\000o\000c\000a\000t\000i\000o\000n}{subsection.10.5}% 96
\BOOKMARK [3][-]{subsubsection.10.5.2}{\376\377\000C\000l\000e\000a\000n\000i\000n\000g\000\040\000C\000a\000c\000h\000e}{subsection.10.5}% 97
\BOOKMARK [1][-]{section.11}{\376\377\000T\000r\000o\000u\000b\000l\000e\000s\000h\000o\000o\000t\000i\000n\000g\000\040\000a\000n\000d\000\040\000C\000o\000m\000m\000o\000n\000\040\000I\000s\000s\000u\000e\000s}{}% 98
\BOOKMARK [2][-]{subsection.11.1}{\376\377\000C\000o\000m\000m\000o\000n\000\040\000E\000r\000r\000o\000r\000s\000\040\000a\000n\000d\000\040\000S\000o\000l\000u\000t\000i\000o\000n\000s}{section.11}% 99
\BOOKMARK [3][-]{subsubsection.11.1.1}{\376\377\000E\000r\000r\000o\000r\000:\000\040\000"\000F\000a\000i\000l\000e\000d\000\040\000t\000o\000\040\000p\000u\000s\000h\000\040\000d\000a\000t\000a\000\040\000t\000o\000\040\000r\000e\000m\000o\000t\000e\000"}{subsection.11.1}% 100
\BOOKMARK [3][-]{subsubsection.11.1.2}{\376\377\000E\000r\000r\000o\000r\000:\000\040\000"\000O\000u\000t\000p\000u\000t\000\040\000i\000s\000\040\000a\000l\000r\000e\000a\000d\000y\000\040\000t\000r\000a\000c\000k\000e\000d\000"}{subsection.11.1}% 101
\BOOKMARK [3][-]{subsubsection.11.1.3}{\376\377\000E\000r\000r\000o\000r\000:\000\040\000"\000F\000a\000i\000l\000e\000d\000\040\000t\000o\000\040\000p\000u\000l\000l\000\040\000d\000a\000t\000a\000"}{subsection.11.1}% 102
\BOOKMARK [3][-]{subsubsection.11.1.4}{\376\377\000E\000r\000r\000o\000r\000:\000\040\000"\000C\000o\000r\000r\000u\000p\000t\000e\000d\000\040\000c\000a\000c\000h\000e\000"}{subsection.11.1}% 103
\BOOKMARK [2][-]{subsection.11.2}{\376\377\000P\000e\000r\000f\000o\000r\000m\000a\000n\000c\000e\000\040\000I\000s\000s\000u\000e\000s}{section.11}% 104
\BOOKMARK [3][-]{subsubsection.11.2.1}{\376\377\000S\000l\000o\000w\000\040\000P\000u\000s\000h\000/\000P\000u\000l\000l\000\040\000O\000p\000e\000r\000a\000t\000i\000o\000n\000s}{subsection.11.2}% 105
\BOOKMARK [3][-]{subsubsection.11.2.2}{\376\377\000L\000a\000r\000g\000e\000\040\000C\000a\000c\000h\000e\000\040\000S\000i\000z\000e}{subsection.11.2}% 106
\BOOKMARK [2][-]{subsection.11.3}{\376\377\000D\000e\000b\000u\000g\000g\000i\000n\000g\000\040\000T\000i\000p\000s}{section.11}% 107
\BOOKMARK [1][-]{section.12}{\376\377\000D\000V\000C\000\040\000B\000e\000s\000t\000\040\000P\000r\000a\000c\000t\000i\000c\000e\000s}{}% 108
\BOOKMARK [2][-]{subsection.12.1}{\376\377\000P\000r\000o\000j\000e\000c\000t\000\040\000O\000r\000g\000a\000n\000i\000z\000a\000t\000i\000o\000n}{section.12}% 109
\BOOKMARK [3][-]{subsubsection.12.1.1}{\376\377\000R\000e\000c\000o\000m\000m\000e\000n\000d\000e\000d\000\040\000D\000i\000r\000e\000c\000t\000o\000r\000y\000\040\000S\000t\000r\000u\000c\000t\000u\000r\000e}{subsection.12.1}% 110
\BOOKMARK [2][-]{subsection.12.2}{\376\377\000W\000h\000a\000t\000\040\000t\000o\000\040\000T\000r\000a\000c\000k\000\040\000w\000i\000t\000h\000\040\000D\000V\000C}{section.12}% 111
\BOOKMARK [3][-]{subsubsection.12.2.1}{\376\377\000D\000O\000\040\000T\000r\000a\000c\000k}{subsection.12.2}% 112
\BOOKMARK [3][-]{subsubsection.12.2.2}{\376\377\000D\000O\000N\000'\000T\000\040\000T\000r\000a\000c\000k}{subsection.12.2}% 113
\BOOKMARK [2][-]{subsection.12.3}{\376\377\000.\000d\000v\000c\000i\000g\000n\000o\000r\000e\000\040\000C\000o\000n\000f\000i\000g\000u\000r\000a\000t\000i\000o\000n}{section.12}% 114
\BOOKMARK [2][-]{subsection.12.4}{\376\377\000C\000o\000m\000m\000i\000t\000\040\000M\000e\000s\000s\000a\000g\000e\000\040\000C\000o\000n\000v\000e\000n\000t\000i\000o\000n\000s}{section.12}% 115
\BOOKMARK [2][-]{subsection.12.5}{\376\377\000D\000a\000t\000a\000\040\000V\000e\000r\000s\000i\000o\000n\000i\000n\000g\000\040\000S\000t\000r\000a\000t\000e\000g\000y}{section.12}% 116
\BOOKMARK [2][-]{subsection.12.6}{\376\377\000S\000e\000c\000u\000r\000i\000t\000y\000\040\000C\000o\000n\000s\000i\000d\000e\000r\000a\000t\000i\000o\000n\000s}{section.12}% 117
\BOOKMARK [2][-]{subsection.12.7}{\376\377\000D\000o\000c\000u\000m\000e\000n\000t\000a\000t\000i\000o\000n}{section.12}% 118
\BOOKMARK [1][-]{section.13}{\376\377\000R\000e\000a\000l\000-\000W\000o\000r\000l\000d\000\040\000C\000a\000s\000e\000\040\000S\000t\000u\000d\000i\000e\000s}{}% 119
\BOOKMARK [2][-]{subsection.13.1}{\376\377\000C\000a\000s\000e\000\040\000S\000t\000u\000d\000y\000\040\0001\000:\000\040\000I\000m\000a\000g\000e\000\040\000C\000l\000a\000s\000s\000i\000f\000i\000c\000a\000t\000i\000o\000n\000\040\000P\000r\000o\000j\000e\000c\000t}{section.13}% 120
\BOOKMARK [2][-]{subsection.13.2}{\376\377\000C\000a\000s\000e\000\040\000S\000t\000u\000d\000y\000\040\0002\000:\000\040\000N\000L\000P\000\040\000P\000i\000p\000e\000l\000i\000n\000e}{section.13}% 121
\BOOKMARK [1][-]{section.14}{\376\377\000Q\000u\000i\000c\000k\000\040\000R\000e\000f\000e\000r\000e\000n\000c\000e\000\040\000G\000u\000i\000d\000e}{}% 122
\BOOKMARK [2][-]{subsection.14.1}{\376\377\000E\000s\000s\000e\000n\000t\000i\000a\000l\000\040\000C\000o\000m\000m\000a\000n\000d\000s\000\040\000C\000h\000e\000a\000t\000\040\000S\000h\000e\000e\000t}{section.14}% 123
\BOOKMARK [2][-]{subsection.14.2}{\376\377\000C\000o\000m\000m\000o\000n\000\040\000W\000o\000r\000k\000f\000l\000o\000w\000s}{section.14}% 124
\BOOKMARK [3][-]{subsubsection.14.2.1}{\376\377\000I\000n\000i\000t\000i\000a\000l\000\040\000P\000r\000o\000j\000e\000c\000t\000\040\000S\000e\000t\000u\000p}{subsection.14.2}% 125
\BOOKMARK [3][-]{subsubsection.14.2.2}{\376\377\000D\000a\000i\000l\000y\000\040\000D\000e\000v\000e\000l\000o\000p\000m\000e\000n\000t}{subsection.14.2}% 126
\BOOKMARK [3][-]{subsubsection.14.2.3}{\376\377\000E\000x\000p\000e\000r\000i\000m\000e\000n\000t\000\040\000W\000o\000r\000k\000f\000l\000o\000w}{subsection.14.2}% 127
\BOOKMARK [2][-]{subsection.14.3}{\376\377\000T\000r\000o\000u\000b\000l\000e\000s\000h\000o\000o\000t\000i\000n\000g\000\040\000C\000h\000e\000c\000k\000l\000i\000s\000t}{section.14}% 128
\BOOKMARK [1][-]{section.15}{\376\377\000C\000o\000n\000c\000l\000u\000s\000i\000o\000n}{}% 129
\BOOKMARK [2][-]{subsection.15.1}{\376\377\000K\000e\000y\000\040\000T\000a\000k\000e\000a\000w\000a\000y\000s}{section.15}% 130
\BOOKMARK [2][-]{subsection.15.2}{\376\377\000W\000h\000e\000n\000\040\000t\000o\000\040\000U\000s\000e\000\040\000D\000V\000C}{section.15}% 131
\BOOKMARK [2][-]{subsection.15.3}{\376\377\000T\000h\000e\000\040\000D\000V\000C\000\040\000A\000d\000v\000a\000n\000t\000a\000g\000e}{section.15}% 132
\BOOKMARK [2][-]{subsection.15.4}{\376\377\000N\000e\000x\000t\000\040\000S\000t\000e\000p\000s}{section.15}% 133
\BOOKMARK [2][-]{subsection.15.5}{\376\377\000A\000d\000d\000i\000t\000i\000o\000n\000a\000l\000\040\000R\000e\000s\000o\000u\000r\000c\000e\000s}{section.15}% 134
\BOOKMARK [2][-]{subsection.15.6}{\376\377\000F\000i\000n\000a\000l\000\040\000T\000h\000o\000u\000g\000h\000t\000s}{section.15}% 135
