\BOOKMARK [1][-]{section.1}{\376\377\000I\000n\000t\000r\000o\000d\000u\000c\000t\000i\000o\000n\000\040\000t\000o\000\040\000M\000L\000f\000l\000o\000w}{}% 1
\BOOKMARK [2][-]{subsection.1.1}{\376\377\000W\000h\000a\000t\000\040\000i\000s\000\040\000M\000L\000f\000l\000o\000w\000?}{section.1}% 2
\BOOKMARK [2][-]{subsection.1.2}{\376\377\000T\000h\000e\000\040\000E\000x\000p\000e\000r\000i\000m\000e\000n\000t\000a\000t\000i\000o\000n\000\040\000C\000h\000a\000l\000l\000e\000n\000g\000e}{section.1}% 3
\BOOKMARK [1][-]{section.2}{\376\377\000D\000V\000C\000\040\000v\000s\000\040\000M\000L\000f\000l\000o\000w\000\040\000C\000o\000m\000p\000a\000r\000i\000s\000o\000n}{}% 4
\BOOKMARK [2][-]{subsection.2.1}{\376\377\000E\000v\000o\000l\000u\000t\000i\000o\000n\000\040\000a\000n\000d\000\040\000P\000u\000r\000p\000o\000s\000e}{section.2}% 5
\BOOKMARK [3][-]{subsubsection.2.1.1}{\376\377\000D\000V\000C\000\040\000\050\000D\000a\000t\000a\000\040\000V\000e\000r\000s\000i\000o\000n\000\040\000C\000o\000n\000t\000r\000o\000l\000\051}{subsection.2.1}% 6
\BOOKMARK [3][-]{subsubsection.2.1.2}{\376\377\000M\000L\000f\000l\000o\000w}{subsection.2.1}% 7
\BOOKMARK [2][-]{subsection.2.2}{\376\377\000K\000e\000y\000\040\000D\000i\000f\000f\000e\000r\000e\000n\000c\000e\000s}{section.2}% 8
\BOOKMARK [2][-]{subsection.2.3}{\376\377\000W\000h\000y\000\040\000M\000L\000f\000l\000o\000w\000\040\000i\000s\000\040\000P\000r\000e\000f\000e\000r\000r\000e\000d}{section.2}% 9
\BOOKMARK [2][-]{subsection.2.4}{\376\377\000M\000L\000f\000l\000o\000w\000\040\000C\000a\000p\000a\000b\000i\000l\000i\000t\000i\000e\000s\000\040\000B\000e\000y\000o\000n\000d\000\040\000E\000x\000p\000e\000r\000i\000m\000e\000n\000t\000\040\000T\000r\000a\000c\000k\000i\000n\000g}{section.2}% 10
\BOOKMARK [1][-]{section.3}{\376\377\000G\000e\000t\000t\000i\000n\000g\000\040\000S\000t\000a\000r\000t\000e\000d\000\040\000w\000i\000t\000h\000\040\000M\000L\000f\000l\000o\000w}{}% 11
\BOOKMARK [2][-]{subsection.3.1}{\376\377\000I\000n\000s\000t\000a\000l\000l\000a\000t\000i\000o\000n\000\040\000a\000n\000d\000\040\000S\000e\000t\000u\000p}{section.3}% 12
\BOOKMARK [3][-]{subsubsection.3.1.1}{\376\377\000S\000t\000e\000p\000\040\0001\000:\000\040\000C\000r\000e\000a\000t\000e\000\040\000R\000e\000p\000o\000s\000i\000t\000o\000r\000y}{subsection.3.1}% 13
\BOOKMARK [3][-]{subsubsection.3.1.2}{\376\377\000S\000t\000e\000p\000\040\0002\000:\000\040\000I\000n\000s\000t\000a\000l\000l\000\040\000M\000L\000f\000l\000o\000w}{subsection.3.1}% 14
\BOOKMARK [3][-]{subsubsection.3.1.3}{\376\377\000S\000t\000e\000p\000\040\0003\000:\000\040\000L\000a\000u\000n\000c\000h\000\040\000M\000L\000f\000l\000o\000w\000\040\000U\000I}{subsection.3.1}% 15
\BOOKMARK [3][-]{subsubsection.3.1.4}{\376\377\000S\000t\000e\000p\000\040\0004\000:\000\040\000C\000r\000e\000a\000t\000e\000\040\000P\000r\000o\000j\000e\000c\000t\000\040\000S\000t\000r\000u\000c\000t\000u\000r\000e}{subsection.3.1}% 16
\BOOKMARK [2][-]{subsection.3.2}{\376\377\000U\000n\000d\000e\000r\000s\000t\000a\000n\000d\000i\000n\000g\000\040\000M\000L\000f\000l\000o\000w\000\040\000S\000t\000o\000r\000a\000g\000e}{section.3}% 17
\BOOKMARK [1][-]{section.4}{\376\377\000B\000a\000s\000i\000c\000\040\000M\000L\000f\000l\000o\000w\000\040\000E\000x\000p\000e\000r\000i\000m\000e\000n\000t\000\040\000T\000r\000a\000c\000k\000i\000n\000g}{}% 18
\BOOKMARK [2][-]{subsection.4.1}{\376\377\000F\000i\000r\000s\000t\000\040\000M\000L\000f\000l\000o\000w\000\040\000S\000c\000r\000i\000p\000t}{section.4}% 19
\BOOKMARK [2][-]{subsection.4.2}{\376\377\000R\000u\000n\000n\000i\000n\000g\000\040\000t\000h\000e\000\040\000S\000c\000r\000i\000p\000t}{section.4}% 20
\BOOKMARK [1][-]{section.5}{\376\377\000W\000h\000a\000t\000\040\000C\000a\000n\000\040\000B\000e\000\040\000L\000o\000g\000g\000e\000d\000\040\000i\000n\000\040\000M\000L\000f\000l\000o\000w}{}% 21
\BOOKMARK [2][-]{subsection.5.1}{\376\377\000C\000o\000m\000p\000l\000e\000t\000e\000\040\000L\000o\000g\000g\000i\000n\000g\000\040\000C\000a\000p\000a\000b\000i\000l\000i\000t\000i\000e\000s}{section.5}% 22
\BOOKMARK [3][-]{subsubsection.5.1.1}{\376\377\0001\000.\000\040\000M\000e\000t\000r\000i\000c\000s}{subsection.5.1}% 23
\BOOKMARK [3][-]{subsubsection.5.1.2}{\376\377\0002\000.\000\040\000P\000a\000r\000a\000m\000e\000t\000e\000r\000s}{subsection.5.1}% 24
\BOOKMARK [3][-]{subsubsection.5.1.3}{\376\377\0003\000.\000\040\000A\000r\000t\000i\000f\000a\000c\000t\000s}{subsection.5.1}% 25
\BOOKMARK [3][-]{subsubsection.5.1.4}{\376\377\0004\000.\000\040\000M\000o\000d\000e\000l\000s}{subsection.5.1}% 26
\BOOKMARK [3][-]{subsubsection.5.1.5}{\376\377\0005\000.\000\040\000T\000a\000g\000s}{subsection.5.1}% 27
\BOOKMARK [3][-]{subsubsection.5.1.6}{\376\377\0006\000.\000\040\000S\000o\000u\000r\000c\000e\000\040\000C\000o\000d\000e}{subsection.5.1}% 28
\BOOKMARK [3][-]{subsubsection.5.1.7}{\376\377\0007\000.\000\040\000L\000o\000g\000g\000i\000n\000g\000\040\000I\000n\000p\000u\000t\000s\000\040\000a\000n\000d\000\040\000O\000u\000t\000p\000u\000t\000s}{subsection.5.1}% 29
\BOOKMARK [3][-]{subsubsection.5.1.8}{\376\377\0008\000.\000\040\000C\000u\000s\000t\000o\000m\000\040\000L\000o\000g\000g\000i\000n\000g}{subsection.5.1}% 30
\BOOKMARK [3][-]{subsubsection.5.1.9}{\376\377\0009\000.\000\040\000M\000o\000d\000e\000l\000\040\000R\000e\000g\000i\000s\000t\000r\000y}{subsection.5.1}% 31
\BOOKMARK [3][-]{subsubsection.5.1.10}{\376\377\0001\0000\000.\000\040\000R\000u\000n\000\040\000a\000n\000d\000\040\000E\000x\000p\000e\000r\000i\000m\000e\000n\000t\000\040\000D\000e\000t\000a\000i\000l\000s}{subsection.5.1}% 32
\BOOKMARK [1][-]{section.6}{\376\377\000U\000n\000d\000e\000r\000s\000t\000a\000n\000d\000i\000n\000g\000\040\000T\000r\000a\000c\000k\000i\000n\000g\000\040\000U\000R\000I}{}% 33
\BOOKMARK [2][-]{subsection.6.1}{\376\377\000T\000h\000e\000\040\000T\000r\000a\000c\000k\000i\000n\000g\000\040\000U\000R\000I\000\040\000P\000r\000o\000b\000l\000e\000m}{section.6}% 34
\BOOKMARK [2][-]{subsection.6.2}{\376\377\000U\000n\000d\000e\000r\000s\000t\000a\000n\000d\000i\000n\000g\000\040\000t\000h\000e\000\040\000I\000s\000s\000u\000e}{section.6}% 35
\BOOKMARK [2][-]{subsection.6.3}{\376\377\000W\000h\000y\000\040\000t\000h\000e\000\040\000E\000r\000r\000o\000r\000\040\000O\000c\000c\000u\000r\000s}{section.6}% 36
\BOOKMARK [2][-]{subsection.6.4}{\376\377\000T\000h\000e\000\040\000S\000o\000l\000u\000t\000i\000o\000n}{section.6}% 37
\BOOKMARK [2][-]{subsection.6.5}{\376\377\000M\000L\000f\000l\000o\000w\000\040\000D\000a\000t\000a\000\040\000S\000t\000o\000r\000a\000g\000e}{section.6}% 38
\BOOKMARK [1][-]{section.7}{\376\377\000M\000a\000n\000a\000g\000i\000n\000g\000\040\000R\000u\000n\000s\000\040\000a\000n\000d\000\040\000E\000x\000p\000e\000r\000i\000m\000e\000n\000t\000s}{}% 39
\BOOKMARK [2][-]{subsection.7.1}{\376\377\000D\000e\000l\000e\000t\000i\000n\000g\000\040\000R\000u\000n\000s}{section.7}% 40
\BOOKMARK [3][-]{subsubsection.7.1.1}{\376\377\000U\000I\000\040\000D\000e\000l\000e\000t\000i\000o\000n\000\040\000\050\000S\000o\000f\000t\000\040\000D\000e\000l\000e\000t\000e\000\051}{subsection.7.1}% 41
\BOOKMARK [3][-]{subsubsection.7.1.2}{\376\377\000P\000r\000o\000g\000r\000a\000m\000m\000a\000t\000i\000c\000\040\000D\000e\000l\000e\000t\000i\000o\000n\000\040\000\050\000H\000a\000r\000d\000\040\000D\000e\000l\000e\000t\000e\000\051}{subsection.7.1}% 42
\BOOKMARK [2][-]{subsection.7.2}{\376\377\000C\000r\000e\000a\000t\000i\000n\000g\000\040\000C\000u\000s\000t\000o\000m\000\040\000E\000x\000p\000e\000r\000i\000m\000e\000n\000t\000s}{section.7}% 43
\BOOKMARK [3][-]{subsubsection.7.2.1}{\376\377\000M\000e\000t\000h\000o\000d\000\040\0001\000:\000\040\000U\000s\000i\000n\000g\000\040\000M\000L\000f\000l\000o\000w\000\040\000U\000I}{subsection.7.2}% 44
\BOOKMARK [3][-]{subsubsection.7.2.2}{\376\377\000M\000e\000t\000h\000o\000d\000\040\0002\000:\000\040\000P\000r\000o\000g\000r\000a\000m\000m\000a\000t\000i\000c\000\040\000C\000r\000e\000a\000t\000i\000o\000n}{subsection.7.2}% 45
\BOOKMARK [2][-]{subsection.7.3}{\376\377\000E\000x\000p\000e\000r\000i\000m\000e\000n\000t\000s\000\040\000v\000s\000\040\000R\000u\000n\000s}{section.7}% 46
\BOOKMARK [3][-]{subsubsection.7.3.1}{\376\377\000E\000x\000a\000m\000p\000l\000e\000:\000\040\000W\000i\000n\000e\000\040\000C\000l\000a\000s\000s\000i\000f\000i\000c\000a\000t\000i\000o\000n}{subsection.7.3}% 47
\BOOKMARK [3][-]{subsubsection.7.3.2}{\376\377\000T\000e\000a\000m\000\040\000C\000o\000l\000l\000a\000b\000o\000r\000a\000t\000i\000o\000n\000\040\000S\000c\000e\000n\000a\000r\000i\000o}{subsection.7.3}% 48
\BOOKMARK [1][-]{section.8}{\376\377\000R\000e\000m\000o\000t\000e\000\040\000S\000e\000r\000v\000e\000r\000\040\000S\000e\000t\000u\000p\000\040\000w\000i\000t\000h\000\040\000D\000a\000g\000s\000h\000u\000b}{}% 49
\BOOKMARK [2][-]{subsection.8.1}{\376\377\000T\000h\000e\000\040\000N\000e\000e\000d\000\040\000f\000o\000r\000\040\000R\000e\000m\000o\000t\000e\000\040\000S\000t\000o\000r\000a\000g\000e}{section.8}% 50
\BOOKMARK [2][-]{subsection.8.2}{\376\377\000R\000e\000m\000o\000t\000e\000\040\000S\000t\000o\000r\000a\000g\000e\000\040\000O\000p\000t\000i\000o\000n\000s}{section.8}% 51
\BOOKMARK [3][-]{subsubsection.8.2.1}{\376\377\000O\000p\000t\000i\000o\000n\000\040\0001\000:\000\040\000A\000W\000S}{subsection.8.2}% 52
\BOOKMARK [3][-]{subsubsection.8.2.2}{\376\377\000O\000p\000t\000i\000o\000n\000\040\0002\000:\000\040\000D\000a\000g\000s\000h\000u\000b\000\040\000\050\000R\000e\000c\000o\000m\000m\000e\000n\000d\000e\000d\000\051}{subsection.8.2}% 53
\BOOKMARK [2][-]{subsection.8.3}{\376\377\000S\000e\000t\000t\000i\000n\000g\000\040\000U\000p\000\040\000D\000a\000g\000s\000h\000u\000b}{section.8}% 54
\BOOKMARK [3][-]{subsubsection.8.3.1}{\376\377\000S\000t\000e\000p\000\040\0001\000:\000\040\000S\000i\000g\000n\000\040\000U\000p\000\040\000a\000n\000d\000\040\000C\000o\000n\000n\000e\000c\000t}{subsection.8.3}% 55
\BOOKMARK [3][-]{subsubsection.8.3.2}{\376\377\000S\000t\000e\000p\000\040\0002\000:\000\040\000O\000b\000t\000a\000i\000n\000\040\000M\000L\000f\000l\000o\000w\000\040\000C\000r\000e\000d\000e\000n\000t\000i\000a\000l\000s}{subsection.8.3}% 56
\BOOKMARK [3][-]{subsubsection.8.3.3}{\376\377\000S\000t\000e\000p\000\040\0003\000:\000\040\000I\000n\000s\000t\000a\000l\000l\000\040\000D\000a\000g\000s\000h\000u\000b}{subsection.8.3}% 57
\BOOKMARK [3][-]{subsubsection.8.3.4}{\376\377\000S\000t\000e\000p\000\040\0004\000:\000\040\000U\000p\000d\000a\000t\000e\000\040\000C\000o\000d\000e\000\040\000f\000o\000r\000\040\000R\000e\000m\000o\000t\000e\000\040\000T\000r\000a\000c\000k\000i\000n\000g}{subsection.8.3}% 58
\BOOKMARK [3][-]{subsubsection.8.3.5}{\376\377\000S\000t\000e\000p\000\040\0005\000:\000\040\000R\000u\000n\000\040\000a\000n\000d\000\040\000V\000e\000r\000i\000f\000y}{subsection.8.3}% 59
\BOOKMARK [2][-]{subsection.8.4}{\376\377\000T\000e\000a\000m\000\040\000C\000o\000l\000l\000a\000b\000o\000r\000a\000t\000i\000o\000n\000\040\000S\000e\000t\000u\000p}{section.8}% 60
\BOOKMARK [1][-]{section.9}{\376\377\000I\000n\000d\000u\000s\000t\000r\000y\000\040\000W\000o\000r\000k\000f\000l\000o\000w\000:\000\040\000D\000V\000C\000\040\000+\000\040\000M\000L\000f\000l\000o\000w\000\040\000+\000\040\000G\000i\000t}{}% 61
\BOOKMARK [2][-]{subsection.9.1}{\376\377\000P\000u\000r\000p\000o\000s\000e\000\040\000o\000f\000\040\000E\000a\000c\000h\000\040\000T\000o\000o\000l}{section.9}% 62
\BOOKMARK [2][-]{subsection.9.2}{\376\377\000C\000o\000r\000e\000\040\000I\000n\000d\000u\000s\000t\000r\000y\000\040\000P\000r\000i\000n\000c\000i\000p\000l\000e}{section.9}% 63
\BOOKMARK [2][-]{subsection.9.3}{\376\377\000W\000h\000y\000\040\000N\000o\000t\000\040\000C\000o\000m\000m\000i\000t\000\040\000B\000e\000f\000o\000r\000e\000\040\000E\000v\000e\000r\000y\000\040\000R\000u\000n\000?}{section.9}% 64
\BOOKMARK [2][-]{subsection.9.4}{\376\377\000S\000t\000a\000n\000d\000a\000r\000d\000\040\000E\000x\000p\000e\000r\000i\000m\000e\000n\000t\000\040\000W\000o\000r\000k\000f\000l\000o\000w}{section.9}% 65
\BOOKMARK [2][-]{subsection.9.5}{\376\377\000S\000e\000l\000e\000c\000t\000i\000n\000g\000\040\000t\000h\000e\000\040\000B\000e\000s\000t\000\040\000R\000u\000n}{section.9}% 66
\BOOKMARK [2][-]{subsection.9.6}{\376\377\000F\000r\000e\000e\000z\000i\000n\000g\000\040\000t\000h\000e\000\040\000W\000i\000n\000n\000i\000n\000g\000\040\000S\000t\000a\000t\000e}{section.9}% 67
\BOOKMARK [3][-]{subsubsection.9.6.1}{\376\377\000S\000t\000e\000p\000\040\0001\000:\000\040\000C\000o\000m\000m\000i\000t\000\040\000t\000h\000e\000\040\000R\000e\000p\000o\000s\000i\000t\000o\000r\000y\000\040\000S\000t\000a\000t\000e}{subsection.9.6}% 68
\BOOKMARK [3][-]{subsubsection.9.6.2}{\376\377\000S\000t\000e\000p\000\040\0002\000:\000\040\000A\000t\000t\000a\000c\000h\000\040\000C\000o\000m\000m\000i\000t\000\040\000H\000a\000s\000h\000\040\000t\000o\000\040\000M\000L\000f\000l\000o\000w\000\040\000R\000u\000n}{subsection.9.6}% 69
\BOOKMARK [2][-]{subsection.9.7}{\376\377\000R\000o\000l\000l\000b\000a\000c\000k\000:\000\040\000W\000h\000i\000c\000h\000\040\000H\000a\000s\000h\000\040\000i\000s\000\040\000U\000s\000e\000d\000?}{section.9}% 70
\BOOKMARK [2][-]{subsection.9.8}{\376\377\000H\000o\000w\000\040\000R\000o\000l\000l\000b\000a\000c\000k\000\040\000i\000s\000\040\000P\000e\000r\000f\000o\000r\000m\000e\000d}{section.9}% 71
\BOOKMARK [2][-]{subsection.9.9}{\376\377\000W\000h\000a\000t\000\040\000H\000a\000p\000p\000e\000n\000s\000\040\000t\000o\000\040\000U\000n\000c\000o\000m\000m\000i\000t\000t\000e\000d\000\040\000R\000u\000n\000s\000?}{section.9}% 72
\BOOKMARK [2][-]{subsection.9.10}{\376\377\000W\000h\000a\000t\000\040\000I\000f\000\040\000t\000h\000e\000\040\000B\000e\000s\000t\000\040\000R\000u\000n\000\040\000W\000a\000s\000\040\000a\000\040\000M\000i\000d\000d\000l\000e\000\040\000R\000u\000n\000?}{section.9}% 73
\BOOKMARK [2][-]{subsection.9.11}{\376\377\000R\000e\000s\000p\000o\000n\000s\000i\000b\000i\000l\000i\000t\000i\000e\000s\000\040\000b\000y\000\040\000T\000o\000o\000l}{section.9}% 74
\BOOKMARK [2][-]{subsection.9.12}{\376\377\000F\000i\000n\000a\000l\000\040\000M\000e\000n\000t\000a\000l\000\040\000M\000o\000d\000e\000l}{section.9}% 75
\BOOKMARK [1][-]{section.10}{\376\377\000M\000L\000f\000l\000o\000w\000\040\000A\000u\000t\000o\000l\000o\000g\000\040\000F\000e\000a\000t\000u\000r\000e}{}% 76
\BOOKMARK [2][-]{subsection.10.1}{\376\377\000W\000h\000a\000t\000\040\000i\000s\000\040\000m\000l\000f\000l\000o\000w\000.\000a\000u\000t\000o\000l\000o\000g\000\050\000\051\000?}{section.10}% 77
\BOOKMARK [2][-]{subsection.10.2}{\376\377\000W\000h\000a\000t\000\040\000C\000a\000n\000\040\000B\000e\000\040\000L\000o\000g\000g\000e\000d\000\040\000b\000y\000\040\000A\000u\000t\000o\000l\000o\000g}{section.10}% 78
\BOOKMARK [3][-]{subsubsection.10.2.1}{\376\377\0001\000.\000\040\000P\000a\000r\000a\000m\000e\000t\000e\000r\000s}{subsection.10.2}% 79
\BOOKMARK [3][-]{subsubsection.10.2.2}{\376\377\0002\000.\000\040\000M\000e\000t\000r\000i\000c\000s}{subsection.10.2}% 80
\BOOKMARK [3][-]{subsubsection.10.2.3}{\376\377\0003\000.\000\040\000M\000o\000d\000e\000l}{subsection.10.2}% 81
\BOOKMARK [3][-]{subsubsection.10.2.4}{\376\377\0004\000.\000\040\000A\000r\000t\000i\000f\000a\000c\000t\000s}{subsection.10.2}% 82
\BOOKMARK [3][-]{subsubsection.10.2.5}{\376\377\0005\000.\000\040\000F\000r\000a\000m\000e\000w\000o\000r\000k\000-\000S\000p\000e\000c\000i\000f\000i\000c\000\040\000I\000n\000f\000o\000r\000m\000a\000t\000i\000o\000n}{subsection.10.2}% 83
\BOOKMARK [3][-]{subsubsection.10.2.6}{\376\377\0006\000.\000\040\000E\000n\000v\000i\000r\000o\000n\000m\000e\000n\000t\000\040\000I\000n\000f\000o\000r\000m\000a\000t\000i\000o\000n}{subsection.10.2}% 84
\BOOKMARK [3][-]{subsubsection.10.2.7}{\376\377\0007\000.\000\040\000T\000r\000a\000i\000n\000i\000n\000g\000\040\000D\000a\000t\000a\000\040\000I\000n\000f\000o\000r\000m\000a\000t\000i\000o\000n}{subsection.10.2}% 85
\BOOKMARK [3][-]{subsubsection.10.2.8}{\376\377\0008\000.\000\040\000A\000u\000t\000o\000m\000a\000t\000i\000c\000\040\000M\000o\000d\000e\000l\000\040\000S\000i\000g\000n\000a\000t\000u\000r\000e}{subsection.10.2}% 86
\BOOKMARK [2][-]{subsection.10.3}{\376\377\000W\000h\000a\000t\000\040\000C\000a\000n\000n\000o\000t\000\040\000B\000e\000\040\000L\000o\000g\000g\000e\000d\000\040\000b\000y\000\040\000A\000u\000t\000o\000l\000o\000g}{section.10}% 87
\BOOKMARK [3][-]{subsubsection.10.3.1}{\376\377\0001\000.\000\040\000C\000u\000s\000t\000o\000m\000\040\000M\000e\000t\000r\000i\000c\000s}{subsection.10.3}% 88
\BOOKMARK [3][-]{subsubsection.10.3.2}{\376\377\0002\000.\000\040\000C\000u\000s\000t\000o\000m\000\040\000A\000r\000t\000i\000f\000a\000c\000t\000s}{subsection.10.3}% 89
\BOOKMARK [3][-]{subsubsection.10.3.3}{\376\377\0003\000.\000\040\000P\000r\000e\000p\000r\000o\000c\000e\000s\000s\000e\000d\000\040\000D\000a\000t\000a}{subsection.10.3}% 90
\BOOKMARK [3][-]{subsubsection.10.3.4}{\376\377\0004\000.\000\040\000I\000n\000t\000e\000r\000m\000e\000d\000i\000a\000t\000e\000\040\000M\000o\000d\000e\000l\000\040\000S\000t\000a\000t\000e\000s}{subsection.10.3}% 91
\BOOKMARK [3][-]{subsubsection.10.3.5}{\376\377\0005\000.\000\040\000C\000o\000m\000p\000l\000e\000x\000\040\000M\000o\000d\000e\000l\000\040\000S\000t\000r\000u\000c\000t\000u\000r\000e\000s}{subsection.10.3}% 92
\BOOKMARK [3][-]{subsubsection.10.3.6}{\376\377\0006\000.\000\040\000N\000o\000n\000-\000s\000t\000a\000n\000d\000a\000r\000d\000\040\000T\000r\000a\000i\000n\000i\000n\000g\000\040\000L\000o\000o\000p\000s}{subsection.10.3}% 93
\BOOKMARK [3][-]{subsubsection.10.3.7}{\376\377\0007\000.\000\040\000N\000o\000n\000-\000S\000u\000p\000p\000o\000r\000t\000e\000d\000\040\000F\000r\000a\000m\000e\000w\000o\000r\000k\000s}{subsection.10.3}% 94
\BOOKMARK [3][-]{subsubsection.10.3.8}{\376\377\0008\000.\000\040\000C\000u\000s\000t\000o\000m\000\040\000H\000y\000p\000e\000r\000p\000a\000r\000a\000m\000e\000t\000e\000r\000\040\000T\000u\000n\000i\000n\000g}{subsection.10.3}% 95
\BOOKMARK [2][-]{subsection.10.4}{\376\377\000I\000m\000p\000o\000r\000t\000a\000n\000t\000\040\000L\000i\000m\000i\000t\000a\000t\000i\000o\000n\000:\000\040\000P\000i\000p\000e\000l\000i\000n\000e\000\040\000C\000o\000n\000t\000e\000x\000t}{section.10}% 96
\BOOKMARK [2][-]{subsection.10.5}{\376\377\000A\000u\000t\000o\000l\000o\000g\000\040\000U\000s\000a\000g\000e\000\040\000E\000x\000a\000m\000p\000l\000e}{section.10}% 97
\BOOKMARK [2][-]{subsection.10.6}{\376\377\000S\000u\000m\000m\000a\000r\000y}{section.10}% 98
\BOOKMARK [1][-]{section.11}{\376\377\000H\000y\000p\000e\000r\000p\000a\000r\000a\000m\000e\000t\000e\000r\000\040\000T\000u\000n\000i\000n\000g\000\040\000w\000i\000t\000h\000\040\000M\000L\000f\000l\000o\000w}{}% 99
\BOOKMARK [2][-]{subsection.11.1}{\376\377\000O\000v\000e\000r\000v\000i\000e\000w}{section.11}% 100
\BOOKMARK [2][-]{subsection.11.2}{\376\377\000C\000o\000m\000p\000l\000e\000t\000e\000\040\000H\000y\000p\000e\000r\000p\000a\000r\000a\000m\000e\000t\000e\000r\000\040\000T\000u\000n\000i\000n\000g\000\040\000E\000x\000a\000m\000p\000l\000e}{section.11}% 101
\BOOKMARK [2][-]{subsection.11.3}{\376\377\000U\000n\000d\000e\000r\000s\000t\000a\000n\000d\000i\000n\000g\000\040\000P\000a\000r\000e\000n\000t\000\040\000a\000n\000d\000\040\000C\000h\000i\000l\000d\000\040\000R\000u\000n\000s}{section.11}% 102
\BOOKMARK [2][-]{subsection.11.4}{\376\377\000C\000o\000m\000p\000a\000r\000i\000n\000g\000\040\000R\000u\000n\000s\000\040\000i\000n\000\040\000M\000L\000f\000l\000o\000w\000\040\000U\000I}{section.11}% 103
\BOOKMARK [1][-]{section.12}{\376\377\000D\000e\000e\000p\000\040\000D\000i\000v\000e\000:\000\040\000M\000L\000f\000l\000o\000w\000\040\000A\000r\000t\000i\000f\000a\000c\000t\000\040\000L\000o\000g\000g\000i\000n\000g\000\040\000E\000r\000r\000o\000r}{}% 104
\BOOKMARK [2][-]{subsection.12.1}{\376\377\000T\000h\000e\000\040\000C\000o\000m\000p\000l\000e\000t\000e\000\040\000E\000r\000r\000o\000r\000\040\000M\000e\000s\000s\000a\000g\000e}{section.12}% 105
\BOOKMARK [2][-]{subsection.12.2}{\376\377\000W\000h\000e\000n\000\040\000T\000h\000i\000s\000\040\000E\000r\000r\000o\000r\000\040\000O\000c\000c\000u\000r\000s}{section.12}% 106
\BOOKMARK [2][-]{subsection.12.3}{\376\377\000S\000p\000e\000c\000i\000f\000i\000c\000\040\000S\000c\000e\000n\000a\000r\000i\000o\000s\000\040\000T\000h\000a\000t\000\040\000T\000r\000i\000g\000g\000e\000r\000\040\000t\000h\000e\000\040\000E\000r\000r\000o\000r}{section.12}% 107
\BOOKMARK [2][-]{subsection.12.4}{\376\377\000W\000h\000y\000\040\000T\000h\000i\000s\000\040\000E\000r\000r\000o\000r\000\040\000O\000c\000c\000u\000r\000s}{section.12}% 108
\BOOKMARK [3][-]{subsubsection.12.4.1}{\376\377\000R\000o\000o\000t\000\040\000C\000a\000u\000s\000e}{subsection.12.4}% 109
\BOOKMARK [3][-]{subsubsection.12.4.2}{\376\377\000W\000h\000i\000c\000h\000\040\000E\000x\000p\000e\000r\000i\000m\000e\000n\000t\000s\000\040\000A\000r\000e\000\040\000A\000f\000f\000e\000c\000t\000e\000d\000?}{subsection.12.4}% 110
\BOOKMARK [3][-]{subsubsection.12.4.3}{\376\377\000T\000h\000e\000\040\000M\000i\000s\000m\000a\000t\000c\000h\000\040\000P\000r\000o\000b\000l\000e\000m}{subsection.12.4}% 111
\BOOKMARK [2][-]{subsection.12.5}{\376\377\000W\000h\000y\000\040\000C\000u\000s\000t\000o\000m\000\040\000E\000x\000p\000e\000r\000i\000m\000e\000n\000t\000s\000\040\000M\000A\000Y\000\040\000N\000O\000T\000\040\000H\000a\000v\000e\000\040\000T\000h\000i\000s\000\040\000P\000r\000o\000b\000l\000e\000m}{section.12}% 112
\BOOKMARK [2][-]{subsection.12.6}{\376\377\000H\000o\000w\000\040\000t\000o\000\040\000C\000h\000e\000c\000k\000\040\000I\000f\000\040\000Y\000o\000u\000r\000\040\000E\000x\000p\000e\000r\000i\000m\000e\000n\000t\000\040\000I\000s\000\040\000A\000f\000f\000e\000c\000t\000e\000d}{section.12}% 113
\BOOKMARK [2][-]{subsection.12.7}{\376\377\000S\000o\000l\000u\000t\000i\000o\000n\000s}{section.12}% 114
\BOOKMARK [3][-]{subsubsection.12.7.1}{\376\377\000S\000o\000l\000u\000t\000i\000o\000n\000\040\0001\000:\000\040\000U\000s\000e\000\040\000F\000r\000e\000s\000h\000\040\000C\000u\000s\000t\000o\000m\000\040\000E\000x\000p\000e\000r\000i\000m\000e\000n\000t}{subsection.12.7}% 115
\BOOKMARK [3][-]{subsubsection.12.7.2}{\376\377\000S\000o\000l\000u\000t\000i\000o\000n\000\040\0002\000:\000\040\000R\000u\000n\000\040\000M\000L\000f\000l\000o\000w\000\040\000T\000r\000a\000c\000k\000i\000n\000g\000\040\000S\000e\000r\000v\000e\000r}{subsection.12.7}% 116
\BOOKMARK [3][-]{subsubsection.12.7.3}{\376\377\000S\000o\000l\000u\000t\000i\000o\000n\000\040\0003\000:\000\040\000S\000e\000t\000\040\000E\000n\000v\000i\000r\000o\000n\000m\000e\000n\000t\000\040\000V\000a\000r\000i\000a\000b\000l\000e}{subsection.12.7}% 117
\BOOKMARK [3][-]{subsubsection.12.7.4}{\376\377\000S\000o\000l\000u\000t\000i\000o\000n\000\040\0004\000:\000\040\000U\000s\000e\000\040\000L\000o\000c\000a\000l\000\040\000F\000i\000l\000e\000\040\000T\000r\000a\000c\000k\000i\000n\000g}{subsection.12.7}% 118
\BOOKMARK [2][-]{subsection.12.8}{\376\377\000C\000o\000m\000p\000a\000r\000i\000s\000o\000n\000\040\000T\000a\000b\000l\000e}{section.12}% 119
\BOOKMARK [2][-]{subsection.12.9}{\376\377\000Q\000u\000i\000c\000k\000\040\000D\000i\000a\000g\000n\000o\000s\000t\000i\000c}{section.12}% 120
\BOOKMARK [1][-]{section.13}{\376\377\000M\000L\000f\000l\000o\000w\000\040\000M\000o\000d\000e\000l\000\040\000R\000e\000g\000i\000s\000t\000r\000y}{}% 121
\BOOKMARK [2][-]{subsection.13.1}{\376\377\000W\000h\000a\000t\000\040\000i\000s\000\040\000a\000\040\000M\000o\000d\000e\000l\000\040\000R\000e\000g\000i\000s\000t\000r\000y\000?}{section.13}% 122
\BOOKMARK [2][-]{subsection.13.2}{\376\377\000W\000h\000y\000\040\000M\000o\000d\000e\000l\000\040\000R\000e\000g\000i\000s\000t\000r\000y\000\040\000I\000s\000\040\000N\000e\000e\000d\000e\000d}{section.13}% 123
\BOOKMARK [3][-]{subsubsection.13.2.1}{\376\377\000W\000i\000t\000h\000o\000u\000t\000\040\000M\000o\000d\000e\000l\000\040\000R\000e\000g\000i\000s\000t\000r\000y}{subsection.13.2}% 124
\BOOKMARK [3][-]{subsubsection.13.2.2}{\376\377\000W\000i\000t\000h\000\040\000M\000o\000d\000e\000l\000\040\000R\000e\000g\000i\000s\000t\000r\000y}{subsection.13.2}% 125
\BOOKMARK [2][-]{subsection.13.3}{\376\377\000M\000o\000d\000e\000l\000\040\000L\000i\000f\000e\000c\000y\000c\000l\000e\000\040\000S\000t\000a\000g\000e\000s}{section.13}% 126
\BOOKMARK [3][-]{subsubsection.13.3.1}{\376\377\0001\000.\000\040\000N\000o\000n\000e\000\040\000\050\000D\000e\000f\000a\000u\000l\000t\000\051}{subsection.13.3}% 127
\BOOKMARK [3][-]{subsubsection.13.3.2}{\376\377\0002\000.\000\040\000S\000t\000a\000g\000i\000n\000g}{subsection.13.3}% 128
\BOOKMARK [3][-]{subsubsection.13.3.3}{\376\377\0003\000.\000\040\000P\000r\000o\000d\000u\000c\000t\000i\000o\000n}{subsection.13.3}% 129
\BOOKMARK [3][-]{subsubsection.13.3.4}{\376\377\0004\000.\000\040\000A\000r\000c\000h\000i\000v\000e\000d\000\040\000\050\000R\000e\000t\000i\000r\000e\000m\000e\000n\000t\000\051}{subsection.13.3}% 130
\BOOKMARK [2][-]{subsection.13.4}{\376\377\000R\000e\000a\000l\000-\000W\000o\000r\000l\000d\000\040\000E\000x\000a\000m\000p\000l\000e\000:\000\040\000C\000r\000e\000d\000i\000t\000\040\000C\000a\000r\000d\000\040\000F\000r\000a\000u\000d\000\040\000D\000e\000t\000e\000c\000t\000i\000o\000n}{section.13}% 131
\BOOKMARK [3][-]{subsubsection.13.4.1}{\376\377\000I\000n\000c\000i\000d\000e\000n\000t\000\040\000i\000n\000\040\0002\0000\0002\0005\000:\000\040\000W\000h\000y\000\040\000R\000e\000g\000i\000s\000t\000r\000y\000\040\000M\000a\000t\000t\000e\000r\000s}{subsection.13.4}% 132
\BOOKMARK [2][-]{subsection.13.5}{\376\377\000K\000e\000y\000\040\000I\000n\000s\000i\000g\000h\000t}{section.13}% 133
\BOOKMARK [2][-]{subsection.13.6}{\376\377\000H\000o\000w\000\040\000M\000o\000d\000e\000l\000\040\000R\000e\000g\000i\000s\000t\000r\000a\000t\000i\000o\000n\000\040\000W\000o\000r\000k\000s\000\040\000i\000n\000\040\000M\000L\000f\000l\000o\000w}{section.13}% 134
\BOOKMARK [3][-]{subsubsection.13.6.1}{\376\377\000R\000e\000g\000i\000s\000t\000r\000a\000t\000i\000o\000n\000\040\000P\000r\000o\000c\000e\000s\000s}{subsection.13.6}% 135
\BOOKMARK [3][-]{subsubsection.13.6.2}{\376\377\000W\000h\000a\000t\000\040\000M\000L\000f\000l\000o\000w\000\040\000M\000o\000d\000e\000l\000\040\000R\000e\000g\000i\000s\000t\000r\000y\000\040\000S\000h\000o\000w\000s}{subsection.13.6}% 136
\BOOKMARK [2][-]{subsection.13.7}{\376\377\000M\000o\000d\000e\000l\000\040\000R\000e\000g\000i\000s\000t\000r\000y\000\040\000O\000p\000e\000r\000a\000t\000i\000o\000n\000s}{section.13}% 137
\BOOKMARK [3][-]{subsubsection.13.7.1}{\376\377\000A\000f\000t\000e\000r\000\040\000R\000e\000g\000i\000s\000t\000r\000a\000t\000i\000o\000n}{subsection.13.7}% 138
\BOOKMARK [2][-]{subsection.13.8}{\376\377\000S\000i\000m\000p\000l\000e\000\040\000A\000n\000a\000l\000o\000g\000y}{section.13}% 139
\BOOKMARK [2][-]{subsection.13.9}{\376\377\000W\000h\000y\000\040\000A\000r\000c\000h\000i\000v\000e\000d\000\040\000M\000o\000d\000e\000l\000s\000\040\000A\000r\000e\000\040\000K\000e\000p\000t}{section.13}% 140
\BOOKMARK [2][-]{subsection.13.10}{\376\377\000O\000n\000e\000-\000L\000i\000n\000e\000\040\000S\000u\000m\000m\000a\000r\000y}{section.13}% 141
\BOOKMARK [1][-]{section.14}{\376\377\000M\000L\000f\000l\000o\000w\000\040\000B\000e\000s\000t\000\040\000P\000r\000a\000c\000t\000i\000c\000e\000s}{}% 142
\BOOKMARK [2][-]{subsection.14.1}{\376\377\000E\000x\000p\000e\000r\000i\000m\000e\000n\000t\000\040\000O\000r\000g\000a\000n\000i\000z\000a\000t\000i\000o\000n}{section.14}% 143
\BOOKMARK [3][-]{subsubsection.14.1.1}{\376\377\000N\000a\000m\000i\000n\000g\000\040\000C\000o\000n\000v\000e\000n\000t\000i\000o\000n\000s}{subsection.14.1}% 144
\BOOKMARK [3][-]{subsubsection.14.1.2}{\376\377\000L\000o\000g\000i\000c\000a\000l\000\040\000G\000r\000o\000u\000p\000i\000n\000g}{subsection.14.1}% 145
\BOOKMARK [2][-]{subsection.14.2}{\376\377\000W\000h\000a\000t\000\040\000t\000o\000\040\000L\000o\000g}{section.14}% 146
\BOOKMARK [3][-]{subsubsection.14.2.1}{\376\377\000A\000l\000w\000a\000y\000s\000\040\000L\000o\000g}{subsection.14.2}% 147
\BOOKMARK [3][-]{subsubsection.14.2.2}{\376\377\000C\000o\000n\000s\000i\000d\000e\000r\000\040\000L\000o\000g\000g\000i\000n\000g}{subsection.14.2}% 148
\BOOKMARK [2][-]{subsection.14.3}{\376\377\000T\000r\000a\000c\000k\000i\000n\000g\000\040\000U\000R\000I\000\040\000B\000e\000s\000t\000\040\000P\000r\000a\000c\000t\000i\000c\000e\000s}{section.14}% 149
\BOOKMARK [2][-]{subsection.14.4}{\376\377\000M\000o\000d\000e\000l\000\040\000R\000e\000g\000i\000s\000t\000r\000y\000\040\000B\000e\000s\000t\000\040\000P\000r\000a\000c\000t\000i\000c\000e\000s}{section.14}% 150
\BOOKMARK [2][-]{subsection.14.5}{\376\377\000T\000e\000a\000m\000\040\000C\000o\000l\000l\000a\000b\000o\000r\000a\000t\000i\000o\000n}{section.14}% 151
\BOOKMARK [2][-]{subsection.14.6}{\376\377\000C\000o\000m\000m\000o\000n\000\040\000M\000i\000s\000t\000a\000k\000e\000s\000\040\000t\000o\000\040\000A\000v\000o\000i\000d}{section.14}% 152
\BOOKMARK [2][-]{subsection.14.7}{\376\377\000I\000n\000t\000e\000g\000r\000a\000t\000i\000o\000n\000\040\000w\000i\000t\000h\000\040\000D\000V\000C\000\040\000a\000n\000d\000\040\000G\000i\000t}{section.14}% 153
\BOOKMARK [1][-]{section.15}{\376\377\000Q\000u\000i\000c\000k\000\040\000R\000e\000f\000e\000r\000e\000n\000c\000e\000\040\000G\000u\000i\000d\000e}{}% 154
\BOOKMARK [2][-]{subsection.15.1}{\376\377\000E\000s\000s\000e\000n\000t\000i\000a\000l\000\040\000M\000L\000f\000l\000o\000w\000\040\000C\000o\000m\000m\000a\000n\000d\000s}{section.15}% 155
\BOOKMARK [2][-]{subsection.15.2}{\376\377\000M\000o\000d\000e\000l\000\040\000R\000e\000g\000i\000s\000t\000r\000y\000\040\000C\000o\000m\000m\000a\000n\000d\000s}{section.15}% 156
\BOOKMARK [2][-]{subsection.15.3}{\376\377\000G\000i\000t\000\040\000I\000n\000t\000e\000g\000r\000a\000t\000i\000o\000n}{section.15}% 157
\BOOKMARK [2][-]{subsection.15.4}{\376\377\000C\000o\000m\000m\000o\000n\000\040\000C\000o\000d\000e\000\040\000P\000a\000t\000t\000e\000r\000n\000s}{section.15}% 158
\BOOKMARK [3][-]{subsubsection.15.4.1}{\376\377\000C\000o\000m\000p\000l\000e\000t\000e\000\040\000E\000x\000p\000e\000r\000i\000m\000e\000n\000t\000\040\000T\000e\000m\000p\000l\000a\000t\000e}{subsection.15.4}% 159
\BOOKMARK [3][-]{subsubsection.15.4.2}{\376\377\000D\000a\000g\000s\000h\000u\000b\000\040\000C\000o\000m\000p\000l\000e\000t\000e\000\040\000E\000x\000a\000m\000p\000l\000e}{subsection.15.4}% 160
\BOOKMARK [2][-]{subsection.15.5}{\376\377\000T\000r\000o\000u\000b\000l\000e\000s\000h\000o\000o\000t\000i\000n\000g\000\040\000C\000h\000e\000c\000k\000l\000i\000s\000t}{section.15}% 161
\BOOKMARK [2][-]{subsection.15.6}{\376\377\000M\000L\000f\000l\000o\000w\000\040\000U\000I\000\040\000S\000h\000o\000r\000t\000c\000u\000t\000s}{section.15}% 162
\BOOKMARK [1][-]{section.16}{\376\377\000C\000o\000m\000p\000a\000r\000i\000s\000o\000n\000\040\000T\000a\000b\000l\000e\000s}{}% 163
\BOOKMARK [2][-]{subsection.16.1}{\376\377\000D\000V\000C\000\040\000v\000s\000\040\000M\000L\000f\000l\000o\000w\000\040\000S\000u\000m\000m\000a\000r\000y}{section.16}% 164
\BOOKMARK [2][-]{subsection.16.2}{\376\377\000S\000t\000o\000r\000a\000g\000e\000\040\000O\000p\000t\000i\000o\000n\000s\000\040\000C\000o\000m\000p\000a\000r\000i\000s\000o\000n}{section.16}% 165
\BOOKMARK [2][-]{subsection.16.3}{\376\377\000L\000o\000g\000g\000i\000n\000g\000\040\000M\000e\000t\000h\000o\000d\000s\000\040\000C\000o\000m\000p\000a\000r\000i\000s\000o\000n}{section.16}% 166
\BOOKMARK [2][-]{subsection.16.4}{\376\377\000M\000o\000d\000e\000l\000\040\000L\000i\000f\000e\000c\000y\000c\000l\000e\000\040\000S\000t\000a\000g\000e\000s}{section.16}% 167
\BOOKMARK [1][-]{section.17}{\376\377\000C\000o\000m\000p\000l\000e\000t\000e\000\040\000W\000o\000r\000k\000f\000l\000o\000w\000\040\000V\000i\000s\000u\000a\000l\000i\000z\000a\000t\000i\000o\000n\000s}{}% 168
\BOOKMARK [2][-]{subsection.17.1}{\376\377\000B\000a\000s\000i\000c\000\040\000M\000L\000f\000l\000o\000w\000\040\000W\000o\000r\000k\000f\000l\000o\000w}{section.17}% 169
\BOOKMARK [2][-]{subsection.17.2}{\376\377\000H\000y\000p\000e\000r\000p\000a\000r\000a\000m\000e\000t\000e\000r\000\040\000T\000u\000n\000i\000n\000g\000\040\000W\000o\000r\000k\000f\000l\000o\000w}{section.17}% 170
\BOOKMARK [2][-]{subsection.17.3}{\376\377\000D\000V\000C\000\040\000+\000\040\000M\000L\000f\000l\000o\000w\000\040\000+\000\040\000G\000i\000t\000\040\000I\000n\000t\000e\000g\000r\000a\000t\000i\000o\000n}{section.17}% 171
\BOOKMARK [2][-]{subsection.17.4}{\376\377\000M\000o\000d\000e\000l\000\040\000R\000e\000g\000i\000s\000t\000r\000y\000\040\000W\000o\000r\000k\000f\000l\000o\000w}{section.17}% 172
\BOOKMARK [1][-]{section.18}{\376\377\000C\000o\000n\000c\000l\000u\000s\000i\000o\000n\000\040\000a\000n\000d\000\040\000K\000e\000y\000\040\000T\000a\000k\000e\000a\000w\000a\000y\000s}{}% 173
\BOOKMARK [2][-]{subsection.18.1}{\376\377\000W\000h\000a\000t\000\040\000Y\000o\000u\000'\000v\000e\000\040\000L\000e\000a\000r\000n\000e\000d}{section.18}% 174
\BOOKMARK [2][-]{subsection.18.2}{\376\377\000C\000o\000r\000e\000\040\000P\000r\000i\000n\000c\000i\000p\000l\000e\000s\000\040\000t\000o\000\040\000R\000e\000m\000e\000m\000b\000e\000r}{section.18}% 175
\BOOKMARK [2][-]{subsection.18.3}{\376\377\000M\000L\000f\000l\000o\000w\000\040\000v\000s\000\040\000D\000V\000C\000:\000\040\000W\000h\000e\000n\000\040\000t\000o\000\040\000U\000s\000e\000\040\000E\000a\000c\000h}{section.18}% 176
\BOOKMARK [2][-]{subsection.18.4}{\376\377\000T\000h\000e\000\040\000C\000o\000m\000p\000l\000e\000t\000e\000\040\000M\000L\000O\000p\000s\000\040\000S\000t\000a\000c\000k}{section.18}% 177
\BOOKMARK [2][-]{subsection.18.5}{\376\377\000I\000n\000d\000u\000s\000t\000r\000y\000\040\000W\000o\000r\000k\000f\000l\000o\000w\000\040\000R\000e\000c\000a\000p}{section.18}% 178
\BOOKMARK [2][-]{subsection.18.6}{\376\377\000C\000r\000i\000t\000i\000c\000a\000l\000\040\000R\000e\000m\000i\000n\000d\000e\000r\000s}{section.18}% 179
\BOOKMARK [2][-]{subsection.18.7}{\376\377\000N\000e\000x\000t\000\040\000S\000t\000e\000p\000s}{section.18}% 180
\BOOKMARK [2][-]{subsection.18.8}{\376\377\000A\000d\000d\000i\000t\000i\000o\000n\000a\000l\000\040\000R\000e\000s\000o\000u\000r\000c\000e\000s}{section.18}% 181
\BOOKMARK [2][-]{subsection.18.9}{\376\377\000F\000i\000n\000a\000l\000\040\000T\000h\000o\000u\000g\000h\000t\000s}{section.18}% 182
