\BOOKMARK [1][-]{section.1}{\376\377\000I\000n\000t\000r\000o\000d\000u\000c\000t\000i\000o\000n\000\040\000t\000o\000\040\000M\000L\000O\000p\000s\000\040\000w\000i\000t\000h\000\040\000D\000a\000g\000S\000h\000u\000b}{}% 1
\BOOKMARK [2][-]{subsection.1.1}{\376\377\000W\000h\000a\000t\000\040\000i\000s\000\040\000T\000h\000i\000s\000\040\000P\000r\000o\000j\000e\000c\000t\000\040\000A\000b\000o\000u\000t\000?}{section.1}% 2
\BOOKMARK [2][-]{subsection.1.2}{\376\377\000T\000h\000e\000\040\000M\000L\000O\000p\000s\000\040\000S\000t\000a\000c\000k}{section.1}% 3
\BOOKMARK [2][-]{subsection.1.3}{\376\377\000W\000h\000a\000t\000\040\000M\000a\000k\000e\000s\000\040\000T\000h\000i\000s\000\040\000D\000i\000f\000f\000e\000r\000e\000n\000t\000?}{section.1}% 4
\BOOKMARK [2][-]{subsection.1.4}{\376\377\000K\000e\000y\000\040\000D\000i\000f\000f\000e\000r\000e\000n\000c\000e\000s\000\040\000f\000r\000o\000m\000\040\000P\000r\000e\000v\000i\000o\000u\000s\000\040\000W\000o\000r\000k\000f\000l\000o\000w}{section.1}% 5
\BOOKMARK [1][-]{section.2}{\376\377\000I\000n\000i\000t\000i\000a\000l\000\040\000P\000r\000o\000j\000e\000c\000t\000\040\000S\000e\000t\000u\000p}{}% 6
\BOOKMARK [2][-]{subsection.2.1}{\376\377\000S\000t\000e\000p\000\040\0001\000:\000\040\000C\000r\000e\000a\000t\000e\000\040\000P\000y\000t\000h\000o\000n\000\040\000E\000n\000v\000i\000r\000o\000n\000m\000e\000n\000t}{section.2}% 7
\BOOKMARK [2][-]{subsection.2.2}{\376\377\000S\000t\000e\000p\000\040\0002\000:\000\040\000A\000c\000t\000i\000v\000a\000t\000e\000\040\000E\000n\000v\000i\000r\000o\000n\000m\000e\000n\000t}{section.2}% 8
\BOOKMARK [2][-]{subsection.2.3}{\376\377\000S\000t\000e\000p\000\040\0003\000:\000\040\000C\000r\000e\000a\000t\000e\000\040\000S\000o\000u\000r\000c\000e\000\040\000D\000i\000r\000e\000c\000t\000o\000r\000y}{section.2}% 9
\BOOKMARK [2][-]{subsection.2.4}{\376\377\000S\000t\000e\000p\000\040\0004\000:\000\040\000C\000r\000e\000a\000t\000e\000\040\000R\000e\000q\000u\000i\000r\000e\000m\000e\000n\000t\000s\000\040\000F\000i\000l\000e}{section.2}% 10
\BOOKMARK [2][-]{subsection.2.5}{\376\377\000S\000t\000e\000p\000\040\0005\000:\000\040\000I\000n\000s\000t\000a\000l\000l\000\040\000R\000e\000q\000u\000i\000r\000e\000m\000e\000n\000t\000s}{section.2}% 11
\BOOKMARK [1][-]{section.3}{\376\377\000B\000u\000i\000l\000d\000i\000n\000g\000\040\000P\000i\000p\000e\000l\000i\000n\000e\000\040\000C\000o\000m\000p\000o\000n\000e\000n\000t\000s}{}% 12
\BOOKMARK [2][-]{subsection.3.1}{\376\377\000C\000o\000m\000p\000o\000n\000e\000n\000t\000\040\000O\000v\000e\000r\000v\000i\000e\000w}{section.3}% 13
\BOOKMARK [2][-]{subsection.3.2}{\376\377\000D\000a\000t\000a\000\040\000I\000n\000g\000e\000s\000t\000i\000o\000n\000\040\000M\000o\000d\000u\000l\000e}{section.3}% 14
\BOOKMARK [2][-]{subsection.3.3}{\376\377\000D\000a\000t\000a\000\040\000P\000r\000e\000-\000P\000r\000o\000c\000e\000s\000s\000i\000n\000g\000\040\000M\000o\000d\000u\000l\000e}{section.3}% 15
\BOOKMARK [2][-]{subsection.3.4}{\376\377\000F\000e\000a\000t\000u\000r\000e\000\040\000E\000n\000g\000i\000n\000e\000e\000r\000i\000n\000g\000\040\000M\000o\000d\000u\000l\000e}{section.3}% 16
\BOOKMARK [2][-]{subsection.3.5}{\376\377\000M\000o\000d\000e\000l\000\040\000B\000u\000i\000l\000d\000i\000n\000g\000\040\000M\000o\000d\000u\000l\000e}{section.3}% 17
\BOOKMARK [1][-]{section.4}{\376\377\000M\000L\000f\000l\000o\000w\000\040\000I\000n\000t\000e\000g\000r\000a\000t\000i\000o\000n\000\040\000w\000i\000t\000h\000\040\000D\000a\000g\000S\000h\000u\000b}{}% 18
\BOOKMARK [2][-]{subsection.4.1}{\376\377\000W\000h\000a\000t\000\040\000i\000s\000\040\000D\000a\000g\000S\000h\000u\000b\000?}{section.4}% 19
\BOOKMARK [2][-]{subsection.4.2}{\376\377\000C\000o\000n\000n\000e\000c\000t\000i\000n\000g\000\040\000t\000o\000\040\000D\000a\000g\000S\000h\000u\000b}{section.4}% 20
\BOOKMARK [3][-]{subsubsection.4.2.1}{\376\377\000S\000t\000e\000p\000\040\0001\000:\000\040\000C\000r\000e\000a\000t\000e\000\040\000D\000a\000g\000S\000h\000u\000b\000\040\000A\000c\000c\000o\000u\000n\000t}{subsection.4.2}% 21
\BOOKMARK [3][-]{subsubsection.4.2.2}{\376\377\000S\000t\000e\000p\000\040\0002\000:\000\040\000O\000b\000t\000a\000i\000n\000\040\000T\000r\000a\000c\000k\000i\000n\000g\000\040\000U\000R\000I}{subsection.4.2}% 22
\BOOKMARK [2][-]{subsection.4.3}{\376\377\000M\000o\000d\000e\000l\000\040\000E\000v\000a\000l\000u\000a\000t\000i\000o\000n\000\040\000w\000i\000t\000h\000\040\000M\000L\000f\000l\000o\000w}{section.4}% 23
\BOOKMARK [2][-]{subsection.4.4}{\376\377\000U\000n\000d\000e\000r\000s\000t\000a\000n\000d\000i\000n\000g\000\040\000t\000h\000e\000\040\000M\000L\000f\000l\000o\000w\000\040\000I\000n\000t\000e\000g\000r\000a\000t\000i\000o\000n}{section.4}% 24
\BOOKMARK [3][-]{subsubsection.4.4.1}{\376\377\000K\000e\000y\000\040\000C\000o\000m\000p\000o\000n\000e\000n\000t\000s}{subsection.4.4}% 25
\BOOKMARK [1][-]{section.5}{\376\377\000C\000o\000n\000f\000i\000g\000u\000r\000a\000t\000i\000o\000n\000\040\000F\000i\000l\000e\000s}{}% 26
\BOOKMARK [2][-]{subsection.5.1}{\376\377\000S\000t\000e\000p\000\040\0007\000:\000\040\000C\000r\000e\000a\000t\000e\000\040\000.\000g\000i\000t\000i\000g\000n\000o\000r\000e}{section.5}% 27
\BOOKMARK [2][-]{subsection.5.2}{\376\377\000S\000t\000e\000p\000\040\0008\000:\000\040\000I\000n\000i\000t\000i\000a\000l\000i\000z\000e\000\040\000D\000V\000C\000\040\000a\000n\000d\000\040\000G\000i\000t}{section.5}% 28
\BOOKMARK [2][-]{subsection.5.3}{\376\377\000S\000t\000e\000p\000\040\0009\000:\000\040\000C\000r\000e\000a\000t\000e\000\040\000D\000V\000C\000\040\000P\000i\000p\000e\000l\000i\000n\000e}{section.5}% 29
\BOOKMARK [2][-]{subsection.5.4}{\376\377\000S\000t\000e\000p\000\040\0001\0000\000:\000\040\000C\000r\000e\000a\000t\000e\000\040\000P\000a\000r\000a\000m\000e\000t\000e\000r\000s\000\040\000F\000i\000l\000e}{section.5}% 30
\BOOKMARK [1][-]{section.6}{\376\377\000I\000n\000i\000t\000i\000a\000l\000\040\000G\000i\000t\000\040\000C\000o\000m\000m\000i\000t\000\040\000a\000n\000d\000\040\000D\000V\000C\000\040\000S\000e\000t\000u\000p}{}% 31
\BOOKMARK [2][-]{subsection.6.1}{\376\377\000S\000t\000e\000p\000\040\0001\0001\000:\000\040\000C\000h\000e\000c\000k\000\040\000G\000i\000t\000\040\000S\000t\000a\000t\000u\000s}{section.6}% 32
\BOOKMARK [2][-]{subsection.6.2}{\376\377\000S\000t\000e\000p\000\040\0001\0002\000:\000\040\000C\000h\000e\000c\000k\000\040\000D\000V\000C\000\040\000S\000t\000a\000t\000u\000s}{section.6}% 33
\BOOKMARK [2][-]{subsection.6.3}{\376\377\000S\000t\000e\000p\000\040\0001\0003\000:\000\040\000M\000a\000k\000e\000\040\000I\000n\000i\000t\000i\000a\000l\000\040\000G\000i\000t\000\040\000C\000o\000m\000m\000i\000t}{section.6}% 34
\BOOKMARK [2][-]{subsection.6.4}{\376\377\000S\000t\000e\000p\000\040\0001\0004\000:\000\040\000C\000o\000n\000f\000i\000g\000u\000r\000e\000\040\000D\000V\000C\000\040\000R\000e\000m\000o\000t\000e\000\040\000S\000t\000o\000r\000a\000g\000e}{section.6}% 35
\BOOKMARK [3][-]{subsubsection.6.4.1}{\376\377\000C\000r\000e\000a\000t\000e\000\040\000L\000o\000c\000a\000l\000\040\000S\000t\000o\000r\000a\000g\000e\000\040\000D\000i\000r\000e\000c\000t\000o\000r\000y}{subsection.6.4}% 36
\BOOKMARK [3][-]{subsubsection.6.4.2}{\376\377\000A\000d\000d\000\040\000a\000s\000\040\000D\000V\000C\000\040\000R\000e\000m\000o\000t\000e}{subsection.6.4}% 37
\BOOKMARK [3][-]{subsubsection.6.4.3}{\376\377\000C\000h\000e\000c\000k\000\040\000D\000V\000C\000\040\000C\000o\000n\000f\000i\000g\000u\000r\000a\000t\000i\000o\000n}{subsection.6.4}% 38
\BOOKMARK [3][-]{subsubsection.6.4.4}{\376\377\000A\000d\000d\000\040\000S\0003\000\040\000t\000o\000\040\000.\000g\000i\000t\000i\000g\000n\000o\000r\000e}{subsection.6.4}% 39
\BOOKMARK [1][-]{section.7}{\376\377\000R\000u\000n\000n\000i\000n\000g\000\040\000t\000h\000e\000\040\000P\000i\000p\000e\000l\000i\000n\000e\000\040\000a\000n\000d\000\040\000F\000i\000r\000s\000t\000\040\000E\000x\000p\000e\000r\000i\000m\000e\000n\000t}{}% 40
\BOOKMARK [2][-]{subsection.7.1}{\376\377\000S\000t\000e\000p\000\040\0001\0005\000:\000\040\000E\000x\000e\000c\000u\000t\000e\000\040\000t\000h\000e\000\040\000P\000i\000p\000e\000l\000i\000n\000e}{section.7}% 41
\BOOKMARK [2][-]{subsection.7.2}{\376\377\000P\000i\000p\000e\000l\000i\000n\000e\000\040\000E\000x\000e\000c\000u\000t\000i\000o\000n\000\040\000O\000u\000t\000p\000u\000t}{section.7}% 42
\BOOKMARK [2][-]{subsection.7.3}{\376\377\000U\000n\000d\000e\000r\000s\000t\000a\000n\000d\000i\000n\000g\000\040\000t\000h\000e\000\040\000O\000u\000t\000p\000u\000t}{section.7}% 43
\BOOKMARK [2][-]{subsection.7.4}{\376\377\000S\000t\000e\000p\000\040\0001\0006\000:\000\040\000U\000n\000d\000e\000r\000s\000t\000a\000n\000d\000i\000n\000g\000\040\000D\000V\000C\000\040\000C\000a\000c\000h\000e}{section.7}% 44
\BOOKMARK [1][-]{section.8}{\376\377\000R\000u\000n\000n\000i\000n\000g\000\040\000M\000u\000l\000t\000i\000p\000l\000e\000\040\000E\000x\000p\000e\000r\000i\000m\000e\000n\000t\000s}{}% 45
\BOOKMARK [2][-]{subsection.8.1}{\376\377\000S\000t\000e\000p\000\040\0001\0007\000:\000\040\000E\000x\000p\000e\000r\000i\000m\000e\000n\000t\000a\000t\000i\000o\000n\000\040\000P\000h\000a\000s\000e}{section.8}% 46
\BOOKMARK [2][-]{subsection.8.2}{\376\377\000E\000x\000p\000e\000r\000i\000m\000e\000n\000t\000\040\000W\000o\000r\000k\000f\000l\000o\000w}{section.8}% 47
\BOOKMARK [2][-]{subsection.8.3}{\376\377\000R\000u\000n\000n\000i\000n\000g\000\040\000E\000x\000p\000e\000r\000i\000m\000e\000n\000t\000\040\000V\000a\000r\000i\000a\000t\000i\000o\000n\000s}{section.8}% 48
\BOOKMARK [3][-]{subsubsection.8.3.1}{\376\377\000E\000x\000p\000e\000r\000i\000m\000e\000n\000t\000\040\0001\000:\000\040\000I\000n\000i\000t\000i\000a\000l\000\040\000C\000o\000n\000f\000i\000g\000u\000r\000a\000t\000i\000o\000n}{subsection.8.3}% 49
\BOOKMARK [3][-]{subsubsection.8.3.2}{\376\377\000E\000x\000p\000e\000r\000i\000m\000e\000n\000t\000\040\0002\000:\000\040\000F\000e\000w\000e\000r\000\040\000T\000r\000e\000e\000s}{subsection.8.3}% 50
\BOOKMARK [3][-]{subsubsection.8.3.3}{\376\377\000E\000x\000p\000e\000r\000i\000m\000e\000n\000t\000\040\0003\000:\000\040\000M\000o\000r\000e\000\040\000F\000e\000a\000t\000u\000r\000e\000s}{subsection.8.3}% 51
\BOOKMARK [3][-]{subsubsection.8.3.4}{\376\377\000E\000x\000p\000e\000r\000i\000m\000e\000n\000t\000\040\0004\000:\000\040\000D\000i\000f\000f\000e\000r\000e\000n\000t\000\040\000S\000p\000l\000i\000t}{subsection.8.3}% 52
\BOOKMARK [3][-]{subsubsection.8.3.5}{\376\377\000E\000x\000p\000e\000r\000i\000m\000e\000n\000t\000\040\0005\000:\000\040\000B\000a\000l\000a\000n\000c\000e\000d\000\040\000C\000o\000n\000f\000i\000g\000u\000r\000a\000t\000i\000o\000n}{subsection.8.3}% 53
\BOOKMARK [1][-]{section.9}{\376\377\000S\000t\000e\000p\000\040\0001\0008\000:\000\040\000A\000n\000a\000l\000y\000z\000i\000n\000g\000\040\000E\000x\000p\000e\000r\000i\000m\000e\000n\000t\000s\000\040\000i\000n\000\040\000M\000L\000f\000l\000o\000w}{}% 54
\BOOKMARK [2][-]{subsection.9.1}{\376\377\000A\000c\000c\000e\000s\000s\000i\000n\000g\000\040\000t\000h\000e\000\040\000M\000L\000f\000l\000o\000w\000\040\000U\000I}{section.9}% 55
\BOOKMARK [2][-]{subsection.9.2}{\376\377\000E\000x\000p\000e\000r\000i\000m\000e\000n\000t\000\040\000R\000e\000s\000u\000l\000t\000s\000\040\000S\000u\000m\000m\000a\000r\000y}{section.9}% 56
\BOOKMARK [2][-]{subsection.9.3}{\376\377\000D\000e\000t\000a\000i\000l\000e\000d\000\040\000R\000u\000n\000\040\000A\000n\000a\000l\000y\000s\000i\000s}{section.9}% 57
\BOOKMARK [3][-]{subsubsection.9.3.1}{\376\377\000R\000u\000n\000\040\0001\000:\000\040\000a\000b\000l\000e\000-\000r\000a\000y\000-\0008\0005\0003}{subsection.9.3}% 58
\BOOKMARK [3][-]{subsubsection.9.3.2}{\376\377\000R\000u\000n\000\040\0002\000:\000\040\000h\000a\000n\000d\000s\000o\000m\000e\000-\000a\000s\000p\000-\0003\0008\0002}{subsection.9.3}% 59
\BOOKMARK [3][-]{subsubsection.9.3.3}{\376\377\000R\000u\000n\000\040\0005\000:\000\040\000r\000e\000c\000e\000p\000t\000i\000v\000e\000-\000c\000r\000o\000w\000-\0001\0003\0000}{subsection.9.3}% 60
\BOOKMARK [1][-]{section.10}{\376\377\000S\000t\000e\000p\000\040\0001\0009\000:\000\040\000D\000e\000c\000i\000d\000i\000n\000g\000\040\000W\000h\000a\000t\000\040\000"\000B\000e\000s\000t\000"\000\040\000M\000e\000a\000n\000s}{}% 61
\BOOKMARK [2][-]{subsection.10.1}{\376\377\000D\000e\000f\000i\000n\000i\000n\000g\000\040\000S\000u\000c\000c\000e\000s\000s\000\040\000C\000r\000i\000t\000e\000r\000i\000a}{section.10}% 62
\BOOKMARK [2][-]{subsection.10.2}{\376\377\000A\000n\000a\000l\000y\000s\000i\000s\000\040\000f\000o\000r\000\040\000S\000p\000a\000m\000\040\000C\000l\000a\000s\000s\000i\000f\000i\000c\000a\000t\000i\000o\000n}{section.10}% 63
\BOOKMARK [2][-]{subsection.10.3}{\376\377\000R\000a\000n\000k\000i\000n\000g\000\040\000t\000h\000e\000\040\000R\000u\000n\000s}{section.10}% 64
\BOOKMARK [1][-]{section.11}{\376\377\000S\000t\000e\000p\000\040\0002\0000\000:\000\040\000R\000e\000-\000c\000r\000e\000a\000t\000i\000n\000g\000\040\000t\000h\000e\000\040\000W\000i\000n\000n\000i\000n\000g\000\040\000R\000u\000n}{}% 65
\BOOKMARK [2][-]{subsection.11.1}{\376\377\000W\000h\000y\000\040\000R\000e\000-\000c\000r\000e\000a\000t\000e\000?}{section.11}% 66
\BOOKMARK [2][-]{subsection.11.2}{\376\377\000O\000b\000t\000a\000i\000n\000i\000n\000g\000\040\000W\000i\000n\000n\000i\000n\000g\000\040\000P\000a\000r\000a\000m\000e\000t\000e\000r\000s}{section.11}% 67
\BOOKMARK [2][-]{subsection.11.3}{\376\377\000S\000t\000e\000p\000\040\0002\0001\000:\000\040\000U\000p\000d\000a\000t\000e\000\040\000p\000a\000r\000a\000m\000s\000.\000y\000a\000m\000l}{section.11}% 68
\BOOKMARK [2][-]{subsection.11.4}{\376\377\000S\000t\000e\000p\000\040\0002\0002\000:\000\040\000R\000u\000n\000\040\000P\000i\000p\000e\000l\000i\000n\000e\000\040\000w\000i\000t\000h\000\040\000W\000i\000n\000n\000i\000n\000g\000\040\000P\000a\000r\000a\000m\000e\000t\000e\000r\000s}{section.11}% 69
\BOOKMARK [2][-]{subsection.11.5}{\376\377\000S\000t\000e\000p\000\040\0002\0003\000:\000\040\000V\000e\000r\000i\000f\000y\000\040\000M\000e\000t\000r\000i\000c\000s\000\040\000\050\000S\000a\000n\000i\000t\000y\000\040\000C\000h\000e\000c\000k\000\051}{section.11}% 70
\BOOKMARK [1][-]{section.12}{\376\377\000S\000t\000e\000p\000\040\0002\0004\000:\000\040\000T\000h\000e\000\040\000C\000r\000i\000t\000i\000c\000a\000l\000\040\000C\000o\000m\000m\000i\000t}{}% 71
\BOOKMARK [2][-]{subsection.12.1}{\376\377\000W\000h\000y\000\040\000T\000h\000i\000s\000\040\000C\000o\000m\000m\000i\000t\000\040\000M\000a\000t\000t\000e\000r\000s}{section.12}% 72
\BOOKMARK [2][-]{subsection.12.2}{\376\377\000C\000h\000e\000c\000k\000\040\000G\000i\000t\000\040\000S\000t\000a\000t\000u\000s}{section.12}% 73
\BOOKMARK [2][-]{subsection.12.3}{\376\377\000S\000t\000a\000g\000e\000\040\000a\000n\000d\000\040\000C\000o\000m\000m\000i\000t}{section.12}% 74
\BOOKMARK [2][-]{subsection.12.4}{\376\377\000W\000h\000a\000t\000\040\000T\000h\000i\000s\000\040\000C\000o\000m\000m\000i\000t\000\040\000M\000e\000a\000n\000s}{section.12}% 75
\BOOKMARK [1][-]{section.13}{\376\377\000S\000t\000e\000p\000\040\0002\0005\000:\000\040\000P\000u\000s\000h\000\040\000D\000a\000t\000a\000\040\000a\000n\000d\000\040\000M\000o\000d\000e\000l\000\040\000t\000o\000\040\000D\000V\000C\000\040\000R\000e\000m\000o\000t\000e}{}% 76
\BOOKMARK [2][-]{subsection.13.1}{\376\377\000W\000h\000y\000\040\000P\000u\000s\000h\000\040\000t\000o\000\040\000D\000V\000C\000\040\000R\000e\000m\000o\000t\000e\000?}{section.13}% 77
\BOOKMARK [2][-]{subsection.13.2}{\376\377\000E\000x\000e\000c\000u\000t\000e\000\040\000D\000V\000C\000\040\000P\000u\000s\000h}{section.13}% 78
\BOOKMARK [2][-]{subsection.13.3}{\376\377\000W\000h\000a\000t\000\040\000G\000e\000t\000s\000\040\000P\000u\000s\000h\000e\000d}{section.13}% 79
\BOOKMARK [2][-]{subsection.13.4}{\376\377\000V\000e\000r\000i\000f\000i\000c\000a\000t\000i\000o\000n}{section.13}% 80
\BOOKMARK [1][-]{section.14}{\376\377\000S\000t\000e\000p\000\040\0002\0006\000:\000\040\000L\000i\000n\000k\000i\000n\000g\000\040\000G\000i\000t\000\040\000C\000o\000m\000m\000i\000t\000s\000\040\000t\000o\000\040\000M\000L\000f\000l\000o\000w\000\040\000R\000u\000n\000s}{}% 81
\BOOKMARK [2][-]{subsection.14.1}{\376\377\000W\000h\000y\000\040\000T\000a\000g\000\040\000M\000L\000f\000l\000o\000w\000\040\000R\000u\000n\000s\000?}{section.14}% 82
\BOOKMARK [2][-]{subsection.14.2}{\376\377\000C\000r\000e\000a\000t\000e\000\040\000T\000a\000g\000g\000i\000n\000g\000\040\000S\000c\000r\000i\000p\000t}{section.14}% 83
\BOOKMARK [2][-]{subsection.14.3}{\376\377\000U\000n\000d\000e\000r\000s\000t\000a\000n\000d\000i\000n\000g\000\040\000t\000h\000e\000\040\000S\000c\000r\000i\000p\000t}{section.14}% 84
\BOOKMARK [3][-]{subsubsection.14.3.1}{\376\377\000K\000e\000y\000\040\000C\000o\000m\000p\000o\000n\000e\000n\000t\000s}{subsection.14.3}% 85
\BOOKMARK [2][-]{subsection.14.4}{\376\377\000F\000i\000n\000d\000i\000n\000g\000\040\000t\000h\000e\000\040\000R\000u\000n\000\040\000I\000D}{section.14}% 86
\BOOKMARK [2][-]{subsection.14.5}{\376\377\000S\000t\000e\000p\000\040\0002\0007\000:\000\040\000E\000x\000e\000c\000u\000t\000e\000\040\000T\000a\000g\000g\000i\000n\000g\000\040\000S\000c\000r\000i\000p\000t}{section.14}% 87
\BOOKMARK [2][-]{subsection.14.6}{\376\377\000S\000t\000e\000p\000\040\0002\0008\000:\000\040\000V\000e\000r\000i\000f\000y\000\040\000T\000a\000g\000s\000\040\000i\000n\000\040\000M\000L\000f\000l\000o\000w\000\040\000U\000I}{section.14}% 88
\BOOKMARK [1][-]{section.15}{\376\377\000S\000t\000e\000p\000\040\0002\0009\000:\000\040\000M\000u\000l\000t\000i\000-\000M\000o\000d\000e\000l\000\040\000E\000x\000p\000e\000r\000i\000m\000e\000n\000t\000a\000t\000i\000o\000n}{}% 89
\BOOKMARK [2][-]{subsection.15.1}{\376\377\000S\000c\000e\000n\000a\000r\000i\000o\000:\000\040\000T\000e\000a\000m\000\040\000w\000i\000t\000h\000\040\000M\000u\000l\000t\000i\000p\000l\000e\000\040\000M\000o\000d\000e\000l\000s}{section.15}% 90
\BOOKMARK [2][-]{subsection.15.2}{\376\377\000U\000s\000i\000n\000g\000\040\000D\000i\000f\000f\000e\000r\000e\000n\000t\000\040\000E\000x\000p\000e\000r\000i\000m\000e\000n\000t\000\040\000N\000a\000m\000e\000s}{section.15}% 91
\BOOKMARK [3][-]{subsubsection.15.2.1}{\376\377\000R\000a\000n\000d\000o\000m\000F\000o\000r\000e\000s\000t\000\040\000E\000x\000p\000e\000r\000i\000m\000e\000n\000t\000s}{subsection.15.2}% 92
\BOOKMARK [3][-]{subsubsection.15.2.2}{\376\377\000X\000G\000B\000o\000o\000s\000t\000\040\000E\000x\000p\000e\000r\000i\000m\000e\000n\000t\000s}{subsection.15.2}% 93
\BOOKMARK [3][-]{subsubsection.15.2.3}{\376\377\000N\000e\000u\000r\000a\000l\000\040\000N\000e\000t\000w\000o\000r\000k\000\040\000E\000x\000p\000e\000r\000i\000m\000e\000n\000t\000s}{subsection.15.2}% 94
\BOOKMARK [2][-]{subsection.15.3}{\376\377\000B\000e\000n\000e\000f\000i\000t\000s\000\040\000o\000f\000\040\000S\000e\000p\000a\000r\000a\000t\000e\000\040\000E\000x\000p\000e\000r\000i\000m\000e\000n\000t\000s}{section.15}% 95
\BOOKMARK [2][-]{subsection.15.4}{\376\377\000V\000i\000e\000w\000i\000n\000g\000\040\000A\000l\000l\000\040\000E\000x\000p\000e\000r\000i\000m\000e\000n\000t\000s}{section.15}% 96
\BOOKMARK [1][-]{section.16}{\376\377\000R\000e\000p\000r\000o\000d\000u\000c\000i\000n\000g\000\040\000t\000h\000e\000\040\000P\000r\000o\000j\000e\000c\000t\000\040\000o\000n\000\040\000a\000\040\000N\000e\000w\000\040\000M\000a\000c\000h\000i\000n\000e}{}% 97
\BOOKMARK [2][-]{subsection.16.1}{\376\377\000T\000h\000e\000\040\000R\000e\000p\000r\000o\000d\000u\000c\000i\000b\000i\000l\000i\000t\000y\000\040\000C\000h\000a\000l\000l\000e\000n\000g\000e}{section.16}% 98
\BOOKMARK [2][-]{subsection.16.2}{\376\377\000I\000m\000p\000o\000r\000t\000a\000n\000t\000\040\000N\000o\000t\000e\000\040\000A\000b\000o\000u\000t\000\040\000L\000o\000c\000a\000l\000\040\000D\000V\000C\000\040\000R\000e\000m\000o\000t\000e}{section.16}% 99
\BOOKMARK [2][-]{subsection.16.3}{\376\377\000R\000e\000p\000r\000o\000d\000u\000c\000t\000i\000o\000n\000\040\000W\000o\000r\000k\000f\000l\000o\000w}{section.16}% 100
\BOOKMARK [2][-]{subsection.16.4}{\376\377\000S\000t\000e\000p\000-\000b\000y\000-\000S\000t\000e\000p\000\040\000R\000e\000p\000r\000o\000d\000u\000c\000t\000i\000o\000n}{section.16}% 101
\BOOKMARK [3][-]{subsubsection.16.4.1}{\376\377\000S\000t\000e\000p\000\040\0001\000:\000\040\000C\000l\000o\000n\000e\000\040\000R\000e\000p\000o\000s\000i\000t\000o\000r\000y}{subsection.16.4}% 102
\BOOKMARK [3][-]{subsubsection.16.4.2}{\376\377\000S\000t\000e\000p\000\040\0002\000:\000\040\000C\000r\000e\000a\000t\000e\000\040\000a\000n\000d\000\040\000A\000c\000t\000i\000v\000a\000t\000e\000\040\000E\000n\000v\000i\000r\000o\000n\000m\000e\000n\000t}{subsection.16.4}% 103
\BOOKMARK [3][-]{subsubsection.16.4.3}{\376\377\000S\000t\000e\000p\000\040\0003\000:\000\040\000I\000n\000s\000t\000a\000l\000l\000\040\000R\000e\000q\000u\000i\000r\000e\000m\000e\000n\000t\000s}{subsection.16.4}% 104
\BOOKMARK [3][-]{subsubsection.16.4.4}{\376\377\000S\000t\000e\000p\000\040\0004\000:\000\040\000C\000o\000n\000f\000i\000g\000u\000r\000e\000\040\000D\000V\000C\000\040\000R\000e\000m\000o\000t\000e\000\040\000A\000c\000c\000e\000s\000s}{subsection.16.4}% 105
\BOOKMARK [3][-]{subsubsection.16.4.5}{\376\377\000S\000t\000e\000p\000\040\0005\000:\000\040\000P\000u\000l\000l\000\040\000D\000a\000t\000a\000\040\000a\000n\000d\000\040\000M\000o\000d\000e\000l\000s}{subsection.16.4}% 106
\BOOKMARK [3][-]{subsubsection.16.4.6}{\376\377\000S\000t\000e\000p\000\040\0006\000:\000\040\000V\000e\000r\000i\000f\000y\000\040\000P\000i\000p\000e\000l\000i\000n\000e\000\040\000S\000t\000a\000t\000u\000s}{subsection.16.4}% 107
\BOOKMARK [3][-]{subsubsection.16.4.7}{\376\377\000S\000t\000e\000p\000\040\0007\000\040\000\050\000O\000p\000t\000i\000o\000n\000a\000l\000\051\000:\000\040\000R\000e\000-\000r\000u\000n\000\040\000P\000i\000p\000e\000l\000i\000n\000e}{subsection.16.4}% 108
\BOOKMARK [2][-]{subsection.16.5}{\376\377\000V\000e\000r\000i\000f\000i\000c\000a\000t\000i\000o\000n\000\040\000C\000h\000e\000c\000k\000l\000i\000s\000t}{section.16}% 109
\BOOKMARK [2][-]{subsection.16.6}{\376\377\000M\000a\000n\000u\000a\000l\000\040\000V\000e\000r\000i\000f\000i\000c\000a\000t\000i\000o\000n}{section.16}% 110
\BOOKMARK [3][-]{subsubsection.16.6.1}{\376\377\000V\000e\000r\000i\000f\000y\000\040\000M\000e\000t\000r\000i\000c\000s}{subsection.16.6}% 111
\BOOKMARK [3][-]{subsubsection.16.6.2}{\376\377\000V\000e\000r\000i\000f\000y\000\040\000P\000a\000r\000a\000m\000e\000t\000e\000r\000s}{subsection.16.6}% 112
\BOOKMARK [3][-]{subsubsection.16.6.3}{\376\377\000T\000e\000s\000t\000\040\000M\000o\000d\000e\000l\000\040\000L\000o\000a\000d\000i\000n\000g}{subsection.16.6}% 113
\BOOKMARK [2][-]{subsection.16.7}{\376\377\000W\000h\000y\000\040\000T\000h\000i\000s\000\040\000M\000a\000t\000t\000e\000r\000s\000\040\000i\000n\000\040\000M\000L\000O\000p\000s}{section.16}% 114
\BOOKMARK [2][-]{subsection.16.8}{\376\377\000T\000r\000o\000u\000b\000l\000e\000s\000h\000o\000o\000t\000i\000n\000g\000\040\000R\000e\000p\000r\000o\000d\000u\000c\000t\000i\000o\000n\000\040\000I\000s\000s\000u\000e\000s}{section.16}% 115
\BOOKMARK [3][-]{subsubsection.16.8.1}{\376\377\000I\000s\000s\000u\000e\000\040\0001\000:\000\040\000"\000R\000e\000m\000o\000t\000e\000\040\000n\000o\000t\000\040\000f\000o\000u\000n\000d\000"}{subsection.16.8}% 116
\BOOKMARK [3][-]{subsubsection.16.8.2}{\376\377\000I\000s\000s\000u\000e\000\040\0002\000:\000\040\000"\000P\000e\000r\000m\000i\000s\000s\000i\000o\000n\000\040\000d\000e\000n\000i\000e\000d\000"}{subsection.16.8}% 117
\BOOKMARK [3][-]{subsubsection.16.8.3}{\376\377\000I\000s\000s\000u\000e\000\040\0003\000:\000\040\000"\000C\000h\000e\000c\000k\000s\000u\000m\000\040\000m\000i\000s\000m\000a\000t\000c\000h\000"}{subsection.16.8}% 118
\BOOKMARK [3][-]{subsubsection.16.8.4}{\376\377\000I\000s\000s\000u\000e\000\040\0004\000:\000\040\000"\000P\000y\000t\000h\000o\000n\000\040\000p\000a\000c\000k\000a\000g\000e\000\040\000c\000o\000n\000f\000l\000i\000c\000t\000s\000"}{subsection.16.8}% 119
\BOOKMARK [1][-]{section.17}{\376\377\000C\000o\000m\000p\000l\000e\000t\000e\000\040\000M\000e\000n\000t\000a\000l\000\040\000M\000o\000d\000e\000l}{}% 120
\BOOKMARK [2][-]{subsection.17.1}{\376\377\000T\000h\000e\000\040\000T\000h\000r\000e\000e\000-\000S\000y\000s\000t\000e\000m\000\040\000A\000r\000c\000h\000i\000t\000e\000c\000t\000u\000r\000e}{section.17}% 121
\BOOKMARK [2][-]{subsection.17.2}{\376\377\000U\000n\000d\000e\000r\000s\000t\000a\000n\000d\000i\000n\000g\000\040\000E\000a\000c\000h\000\040\000C\000o\000m\000p\000o\000n\000e\000n\000t}{section.17}% 122
\BOOKMARK [3][-]{subsubsection.17.2.1}{\376\377\000G\000i\000t\000:\000\040\000C\000o\000d\000e\000\040\000a\000n\000d\000\040\000M\000e\000t\000a\000d\000a\000t\000a}{subsection.17.2}% 123
\BOOKMARK [3][-]{subsubsection.17.2.2}{\376\377\000D\000V\000C\000:\000\040\000D\000a\000t\000a\000\040\000a\000n\000d\000\040\000M\000o\000d\000e\000l\000s}{subsection.17.2}% 124
\BOOKMARK [3][-]{subsubsection.17.2.3}{\376\377\000M\000L\000f\000l\000o\000w\000:\000\040\000E\000x\000p\000e\000r\000i\000m\000e\000n\000t\000\040\000T\000r\000a\000c\000k\000i\000n\000g}{subsection.17.2}% 125
\BOOKMARK [2][-]{subsection.17.3}{\376\377\000D\000a\000t\000a\000\040\000F\000l\000o\000w\000\040\000S\000u\000m\000m\000a\000r\000y}{section.17}% 126
\BOOKMARK [2][-]{subsection.17.4}{\376\377\000C\000o\000m\000p\000l\000e\000t\000e\000\040\000W\000o\000r\000k\000f\000l\000o\000w\000\040\000V\000i\000s\000u\000a\000l\000i\000z\000a\000t\000i\000o\000n}{section.17}% 127
\BOOKMARK [2][-]{subsection.17.5}{\376\377\000K\000e\000y\000\040\000C\000o\000n\000c\000e\000p\000t\000s\000\040\000R\000e\000v\000i\000e\000w}{section.17}% 128
\BOOKMARK [1][-]{section.18}{\376\377\000M\000L\000O\000p\000s\000\040\000B\000e\000s\000t\000\040\000P\000r\000a\000c\000t\000i\000c\000e\000s}{}% 129
\BOOKMARK [2][-]{subsection.18.1}{\376\377\000E\000x\000p\000e\000r\000i\000m\000e\000n\000t\000\040\000M\000a\000n\000a\000g\000e\000m\000e\000n\000t}{section.18}% 130
\BOOKMARK [3][-]{subsubsection.18.1.1}{\376\377\000N\000a\000m\000i\000n\000g\000\040\000C\000o\000n\000v\000e\000n\000t\000i\000o\000n\000s}{subsection.18.1}% 131
\BOOKMARK [3][-]{subsubsection.18.1.2}{\376\377\000C\000o\000m\000m\000i\000t\000\040\000M\000e\000s\000s\000a\000g\000e\000\040\000B\000e\000s\000t\000\040\000P\000r\000a\000c\000t\000i\000c\000e\000s}{subsection.18.1}% 132
\BOOKMARK [3][-]{subsubsection.18.1.3}{\376\377\000P\000a\000r\000a\000m\000e\000t\000e\000r\000\040\000D\000o\000c\000u\000m\000e\000n\000t\000a\000t\000i\000o\000n}{subsection.18.1}% 133
\BOOKMARK [2][-]{subsection.18.2}{\376\377\000D\000V\000C\000\040\000R\000e\000m\000o\000t\000e\000\040\000M\000a\000n\000a\000g\000e\000m\000e\000n\000t}{section.18}% 134
\BOOKMARK [3][-]{subsubsection.18.2.1}{\376\377\000P\000r\000o\000d\000u\000c\000t\000i\000o\000n\000\040\000S\000e\000t\000u\000p\000\040\000R\000e\000c\000o\000m\000m\000e\000n\000d\000a\000t\000i\000o\000n\000s}{subsection.18.2}% 135
\BOOKMARK [3][-]{subsubsection.18.2.2}{\376\377\000M\000i\000g\000r\000a\000t\000i\000n\000g\000\040\000t\000o\000\040\000A\000W\000S\000\040\000S\0003}{subsection.18.2}% 136
\BOOKMARK [2][-]{subsection.18.3}{\376\377\000M\000L\000f\000l\000o\000w\000\040\000B\000e\000s\000t\000\040\000P\000r\000a\000c\000t\000i\000c\000e\000s}{section.18}% 137
\BOOKMARK [3][-]{subsubsection.18.3.1}{\376\377\000W\000h\000a\000t\000\040\000t\000o\000\040\000L\000o\000g}{subsection.18.3}% 138
\BOOKMARK [3][-]{subsubsection.18.3.2}{\376\377\000C\000o\000m\000p\000r\000e\000h\000e\000n\000s\000i\000v\000e\000\040\000T\000a\000g\000g\000i\000n\000g\000\040\000S\000t\000r\000a\000t\000e\000g\000y}{subsection.18.3}% 139
\BOOKMARK [2][-]{subsection.18.4}{\376\377\000W\000o\000r\000k\000f\000l\000o\000w\000\040\000B\000e\000s\000t\000\040\000P\000r\000a\000c\000t\000i\000c\000e\000s}{section.18}% 140
\BOOKMARK [3][-]{subsubsection.18.4.1}{\376\377\000B\000e\000f\000o\000r\000e\000\040\000S\000t\000a\000r\000t\000i\000n\000g\000\040\000E\000x\000p\000e\000r\000i\000m\000e\000n\000t\000s}{subsection.18.4}% 141
\BOOKMARK [3][-]{subsubsection.18.4.2}{\376\377\000D\000u\000r\000i\000n\000g\000\040\000E\000x\000p\000e\000r\000i\000m\000e\000n\000t\000a\000t\000i\000o\000n}{subsection.18.4}% 142
\BOOKMARK [3][-]{subsubsection.18.4.3}{\376\377\000A\000f\000t\000e\000r\000\040\000C\000h\000o\000o\000s\000i\000n\000g\000\040\000B\000e\000s\000t\000\040\000M\000o\000d\000e\000l}{subsection.18.4}% 143
\BOOKMARK [2][-]{subsection.18.5}{\376\377\000T\000e\000a\000m\000\040\000C\000o\000l\000l\000a\000b\000o\000r\000a\000t\000i\000o\000n\000\040\000G\000u\000i\000d\000e\000l\000i\000n\000e\000s}{section.18}% 144
\BOOKMARK [3][-]{subsubsection.18.5.1}{\376\377\000C\000o\000m\000m\000u\000n\000i\000c\000a\000t\000i\000o\000n\000\040\000B\000e\000s\000t\000\040\000P\000r\000a\000c\000t\000i\000c\000e\000s}{subsection.18.5}% 145
\BOOKMARK [3][-]{subsubsection.18.5.2}{\376\377\000A\000v\000o\000i\000d\000i\000n\000g\000\040\000C\000o\000n\000f\000l\000i\000c\000t\000s}{subsection.18.5}% 146
\BOOKMARK [2][-]{subsection.18.6}{\376\377\000C\000o\000d\000e\000\040\000Q\000u\000a\000l\000i\000t\000y\000\040\000B\000e\000s\000t\000\040\000P\000r\000a\000c\000t\000i\000c\000e\000s}{section.18}% 147
\BOOKMARK [3][-]{subsubsection.18.6.1}{\376\377\000L\000o\000g\000g\000i\000n\000g\000\040\000S\000t\000a\000n\000d\000a\000r\000d\000s}{subsection.18.6}% 148
\BOOKMARK [3][-]{subsubsection.18.6.2}{\376\377\000E\000r\000r\000o\000r\000\040\000H\000a\000n\000d\000l\000i\000n\000g}{subsection.18.6}% 149
\BOOKMARK [3][-]{subsubsection.18.6.3}{\376\377\000T\000y\000p\000e\000\040\000H\000i\000n\000t\000s\000\040\000a\000n\000d\000\040\000D\000o\000c\000u\000m\000e\000n\000t\000a\000t\000i\000o\000n}{subsection.18.6}% 150
\BOOKMARK [1][-]{section.19}{\376\377\000C\000o\000m\000p\000r\000e\000h\000e\000n\000s\000i\000v\000e\000\040\000T\000r\000o\000u\000b\000l\000e\000s\000h\000o\000o\000t\000i\000n\000g\000\040\000G\000u\000i\000d\000e}{}% 151
\BOOKMARK [2][-]{subsection.19.1}{\376\377\000D\000V\000C\000\040\000I\000s\000s\000u\000e\000s}{section.19}% 152
\BOOKMARK [3][-]{subsubsection.19.1.1}{\376\377\000I\000s\000s\000u\000e\000\040\0001\000:\000\040\000F\000a\000i\000l\000e\000d\000\040\000t\000o\000\040\000P\000u\000s\000h\000\040\000D\000a\000t\000a}{subsection.19.1}% 153
\BOOKMARK [3][-]{subsubsection.19.1.2}{\376\377\000I\000s\000s\000u\000e\000\040\0002\000:\000\040\000D\000V\000C\000\040\000P\000u\000l\000l\000\040\000F\000a\000i\000l\000s}{subsection.19.1}% 154
\BOOKMARK [3][-]{subsubsection.19.1.3}{\376\377\000I\000s\000s\000u\000e\000\040\0003\000:\000\040\000P\000i\000p\000e\000l\000i\000n\000e\000\040\000W\000o\000n\000'\000t\000\040\000R\000e\000-\000r\000u\000n}{subsection.19.1}% 155
\BOOKMARK [3][-]{subsubsection.19.1.4}{\376\377\000I\000s\000s\000u\000e\000\040\0004\000:\000\040\000C\000h\000e\000c\000k\000s\000u\000m\000\040\000M\000i\000s\000m\000a\000t\000c\000h}{subsection.19.1}% 156
\BOOKMARK [2][-]{subsection.19.2}{\376\377\000M\000L\000f\000l\000o\000w\000\040\000I\000s\000s\000u\000e\000s}{section.19}% 157
\BOOKMARK [3][-]{subsubsection.19.2.1}{\376\377\000I\000s\000s\000u\000e\000\040\0005\000:\000\040\000M\000L\000f\000l\000o\000w\000\040\000N\000o\000t\000\040\000L\000o\000g\000g\000i\000n\000g\000\040\000R\000u\000n\000s}{subsection.19.2}% 158
\BOOKMARK [3][-]{subsubsection.19.2.2}{\376\377\000I\000s\000s\000u\000e\000\040\0006\000:\000\040\000C\000a\000n\000n\000o\000t\000\040\000F\000i\000n\000d\000\040\000R\000u\000n\000\040\000I\000D}{subsection.19.2}% 159
\BOOKMARK [2][-]{subsection.19.3}{\376\377\000G\000i\000t\000\040\000I\000s\000s\000u\000e\000s}{section.19}% 160
\BOOKMARK [3][-]{subsubsection.19.3.1}{\376\377\000I\000s\000s\000u\000e\000\040\0007\000:\000\040\000d\000v\000c\000.\000l\000o\000c\000k\000\040\000M\000e\000r\000g\000e\000\040\000C\000o\000n\000f\000l\000i\000c\000t\000s}{subsection.19.3}% 161
\BOOKMARK [3][-]{subsubsection.19.3.2}{\376\377\000I\000s\000s\000u\000e\000\040\0008\000:\000\040\000L\000a\000r\000g\000e\000\040\000F\000i\000l\000e\000s\000\040\000C\000o\000m\000m\000i\000t\000t\000e\000d\000\040\000t\000o\000\040\000G\000i\000t}{subsection.19.3}% 162
\BOOKMARK [2][-]{subsection.19.4}{\376\377\000E\000n\000v\000i\000r\000o\000n\000m\000e\000n\000t\000\040\000I\000s\000s\000u\000e\000s}{section.19}% 163
\BOOKMARK [3][-]{subsubsection.19.4.1}{\376\377\000I\000s\000s\000u\000e\000\040\0009\000:\000\040\000I\000m\000p\000o\000r\000t\000\040\000E\000r\000r\000o\000r\000s}{subsection.19.4}% 164
\BOOKMARK [3][-]{subsubsection.19.4.2}{\376\377\000I\000s\000s\000u\000e\000\040\0001\0000\000:\000\040\000N\000L\000T\000K\000\040\000D\000a\000t\000a\000\040\000N\000o\000t\000\040\000F\000o\000u\000n\000d}{subsection.19.4}% 165
\BOOKMARK [2][-]{subsection.19.5}{\376\377\000P\000e\000r\000f\000o\000r\000m\000a\000n\000c\000e\000\040\000I\000s\000s\000u\000e\000s}{section.19}% 166
\BOOKMARK [3][-]{subsubsection.19.5.1}{\376\377\000I\000s\000s\000u\000e\000\040\0001\0001\000:\000\040\000S\000l\000o\000w\000\040\000D\000V\000C\000\040\000O\000p\000e\000r\000a\000t\000i\000o\000n\000s}{subsection.19.5}% 167
\BOOKMARK [3][-]{subsubsection.19.5.2}{\376\377\000I\000s\000s\000u\000e\000\040\0001\0002\000:\000\040\000L\000a\000r\000g\000e\000\040\000C\000a\000c\000h\000e\000\040\000S\000i\000z\000e}{subsection.19.5}% 168
\BOOKMARK [1][-]{section.20}{\376\377\000Q\000u\000i\000c\000k\000\040\000R\000e\000f\000e\000r\000e\000n\000c\000e\000\040\000G\000u\000i\000d\000e}{}% 169
\BOOKMARK [2][-]{subsection.20.1}{\376\377\000E\000s\000s\000e\000n\000t\000i\000a\000l\000\040\000C\000o\000m\000m\000a\000n\000d\000s}{section.20}% 170
\BOOKMARK [2][-]{subsection.20.2}{\376\377\000C\000o\000m\000p\000l\000e\000t\000e\000\040\000W\000o\000r\000k\000f\000l\000o\000w\000\040\000S\000u\000m\000m\000a\000r\000y}{section.20}% 171
\BOOKMARK [2][-]{subsection.20.3}{\376\377\000P\000r\000o\000j\000e\000c\000t\000\040\000S\000t\000r\000u\000c\000t\000u\000r\000e\000\040\000R\000e\000f\000e\000r\000e\000n\000c\000e}{section.20}% 172
\BOOKMARK [2][-]{subsection.20.4}{\376\377\000K\000e\000y\000\040\000F\000i\000l\000e\000s\000\040\000E\000x\000p\000l\000a\000i\000n\000e\000d}{section.20}% 173
\BOOKMARK [2][-]{subsection.20.5}{\376\377\000C\000o\000m\000m\000o\000n\000\040\000C\000o\000m\000m\000a\000n\000d\000\040\000C\000o\000m\000b\000i\000n\000a\000t\000i\000o\000n\000s}{section.20}% 174
\BOOKMARK [1][-]{section.21}{\376\377\000C\000o\000m\000p\000a\000r\000i\000s\000o\000n\000:\000\040\000D\000V\000C\000-\000O\000n\000l\000y\000\040\000v\000s\000\040\000D\000V\000C\000+\000M\000L\000f\000l\000o\000w\000+\000G\000i\000t\000\040\000W\000o\000r\000k\000f\000l\000o\000w}{}% 175
\BOOKMARK [2][-]{subsection.21.1}{\376\377\000A\000r\000c\000h\000i\000t\000e\000c\000t\000u\000r\000e\000\040\000C\000o\000m\000p\000a\000r\000i\000s\000o\000n}{section.21}% 176
\BOOKMARK [2][-]{subsection.21.2}{\376\377\000F\000e\000a\000t\000u\000r\000e\000-\000b\000y\000-\000F\000e\000a\000t\000u\000r\000e\000\040\000C\000o\000m\000p\000a\000r\000i\000s\000o\000n}{section.21}% 177
\BOOKMARK [2][-]{subsection.21.3}{\376\377\000W\000o\000r\000k\000f\000l\000o\000w\000\040\000P\000r\000o\000c\000e\000s\000s\000\040\000C\000o\000m\000p\000a\000r\000i\000s\000o\000n}{section.21}% 178
\BOOKMARK [3][-]{subsubsection.21.3.1}{\376\377\000E\000x\000p\000e\000r\000i\000m\000e\000n\000t\000a\000t\000i\000o\000n\000\040\000P\000h\000a\000s\000e}{subsection.21.3}% 179
\BOOKMARK [3][-]{subsubsection.21.3.2}{\376\377\000M\000o\000d\000e\000l\000\040\000F\000r\000e\000e\000z\000i\000n\000g\000\040\000P\000h\000a\000s\000e}{subsection.21.3}% 180
\BOOKMARK [2][-]{subsection.21.4}{\376\377\000T\000e\000a\000m\000\040\000C\000o\000l\000l\000a\000b\000o\000r\000a\000t\000i\000o\000n\000\040\000C\000o\000m\000p\000a\000r\000i\000s\000o\000n}{section.21}% 181
\BOOKMARK [2][-]{subsection.21.5}{\376\377\000U\000s\000e\000\040\000C\000a\000s\000e\000\040\000R\000e\000c\000o\000m\000m\000e\000n\000d\000a\000t\000i\000o\000n\000s}{section.21}% 182
\BOOKMARK [3][-]{subsubsection.21.5.1}{\376\377\000W\000h\000e\000n\000\040\000t\000o\000\040\000U\000s\000e\000\040\000D\000V\000C\000-\000O\000n\000l\000y}{subsection.21.5}% 183
\BOOKMARK [3][-]{subsubsection.21.5.2}{\376\377\000W\000h\000e\000n\000\040\000t\000o\000\040\000U\000s\000e\000\040\000D\000V\000C\000\040\000+\000\040\000M\000L\000f\000l\000o\000w\000\040\000+\000\040\000G\000i\000t}{subsection.21.5}% 184
\BOOKMARK [2][-]{subsection.21.6}{\376\377\000R\000e\000a\000l\000-\000W\000o\000r\000l\000d\000\040\000S\000c\000e\000n\000a\000r\000i\000o\000\040\000C\000o\000m\000p\000a\000r\000i\000s\000o\000n}{section.21}% 185
\BOOKMARK [3][-]{subsubsection.21.6.1}{\376\377\000S\000c\000e\000n\000a\000r\000i\000o\000:\000\040\000F\000i\000n\000d\000i\000n\000g\000\040\000B\000e\000s\000t\000\040\000M\000o\000d\000e\000l\000\040\000f\000r\000o\000m\000\040\0002\0000\000+\000\040\000E\000x\000p\000e\000r\000i\000m\000e\000n\000t\000s}{subsection.21.6}% 186
\BOOKMARK [3][-]{subsubsection.21.6.2}{\376\377\000S\000c\000e\000n\000a\000r\000i\000o\000:\000\040\000R\000e\000p\000r\000o\000d\000u\000c\000i\000n\000g\000\040\0006\000-\000M\000o\000n\000t\000h\000-\000O\000l\000d\000\040\000M\000o\000d\000e\000l}{subsection.21.6}% 187
\BOOKMARK [2][-]{subsection.21.7}{\376\377\000C\000o\000s\000t\000-\000B\000e\000n\000e\000f\000i\000t\000\040\000A\000n\000a\000l\000y\000s\000i\000s}{section.21}% 188
\BOOKMARK [2][-]{subsection.21.8}{\376\377\000M\000i\000g\000r\000a\000t\000i\000o\000n\000\040\000P\000a\000t\000h}{section.21}% 189
\BOOKMARK [3][-]{subsubsection.21.8.1}{\376\377\000U\000p\000g\000r\000a\000d\000i\000n\000g\000\040\000f\000r\000o\000m\000\040\000D\000V\000C\000-\000O\000n\000l\000y\000\040\000t\000o\000\040\000D\000V\000C\000+\000M\000L\000f\000l\000o\000w}{subsection.21.8}% 190
\BOOKMARK [1][-]{section.22}{\376\377\000C\000o\000n\000c\000l\000u\000s\000i\000o\000n\000\040\000a\000n\000d\000\040\000N\000e\000x\000t\000\040\000S\000t\000e\000p\000s}{}% 191
\BOOKMARK [2][-]{subsection.22.1}{\376\377\000W\000h\000a\000t\000\040\000Y\000o\000u\000'\000v\000e\000\040\000A\000c\000c\000o\000m\000p\000l\000i\000s\000h\000e\000d}{section.22}% 192
\BOOKMARK [2][-]{subsection.22.2}{\376\377\000K\000e\000y\000\040\000T\000a\000k\000e\000a\000w\000a\000y\000s}{section.22}% 193
\BOOKMARK [3][-]{subsubsection.22.2.1}{\376\377\000T\000h\000e\000\040\000T\000h\000r\000e\000e\000-\000S\000y\000s\000t\000e\000m\000\040\000A\000r\000c\000h\000i\000t\000e\000c\000t\000u\000r\000e}{subsection.22.2}% 194
\BOOKMARK [3][-]{subsubsection.22.2.2}{\376\377\000C\000r\000i\000t\000i\000c\000a\000l\000\040\000B\000e\000s\000t\000\040\000P\000r\000a\000c\000t\000i\000c\000e\000s}{subsection.22.2}% 195
\BOOKMARK [2][-]{subsection.22.3}{\376\377\000C\000o\000m\000m\000o\000n\000\040\000P\000i\000t\000f\000a\000l\000l\000s\000\040\000t\000o\000\040\000A\000v\000o\000i\000d}{section.22}% 196
\BOOKMARK [2][-]{subsection.22.4}{\376\377\000N\000e\000x\000t\000\040\000S\000t\000e\000p\000s\000\040\000a\000n\000d\000\040\000E\000x\000t\000e\000n\000s\000i\000o\000n\000s}{section.22}% 197
\BOOKMARK [3][-]{subsubsection.22.4.1}{\376\377\000I\000m\000m\000e\000d\000i\000a\000t\000e\000\040\000N\000e\000x\000t\000\040\000S\000t\000e\000p\000s}{subsection.22.4}% 198
\BOOKMARK [3][-]{subsubsection.22.4.2}{\376\377\000A\000d\000v\000a\000n\000c\000e\000d\000\040\000E\000x\000t\000e\000n\000s\000i\000o\000n\000s}{subsection.22.4}% 199
\BOOKMARK [2][-]{subsection.22.5}{\376\377\000L\000e\000a\000r\000n\000i\000n\000g\000\040\000R\000e\000s\000o\000u\000r\000c\000e\000s}{section.22}% 200
\BOOKMARK [3][-]{subsubsection.22.5.1}{\376\377\000O\000f\000f\000i\000c\000i\000a\000l\000\040\000D\000o\000c\000u\000m\000e\000n\000t\000a\000t\000i\000o\000n}{subsection.22.5}% 201
\BOOKMARK [3][-]{subsubsection.22.5.2}{\376\377\000C\000o\000m\000m\000u\000n\000i\000t\000y\000\040\000a\000n\000d\000\040\000S\000u\000p\000p\000o\000r\000t}{subsection.22.5}% 202
\BOOKMARK [3][-]{subsubsection.22.5.3}{\376\377\000A\000d\000v\000a\000n\000c\000e\000d\000\040\000T\000o\000p\000i\000c\000s\000\040\000t\000o\000\040\000E\000x\000p\000l\000o\000r\000e}{subsection.22.5}% 203
\BOOKMARK [2][-]{subsection.22.6}{\376\377\000F\000i\000n\000a\000l\000\040\000T\000h\000o\000u\000g\000h\000t\000s}{section.22}% 204
\BOOKMARK [2][-]{subsection.22.7}{\376\377\000P\000r\000o\000j\000e\000c\000t\000\040\000C\000h\000e\000c\000k\000l\000i\000s\000t}{section.22}% 205
\BOOKMARK [2][-]{subsection.22.8}{\376\377\000G\000e\000t\000\040\000I\000n\000\040\000T\000o\000u\000c\000h}{section.22}% 206
