\BOOKMARK [1][-]{section.1}{\376\377\000I\000n\000t\000r\000o\000d\000u\000c\000t\000i\000o\000n\000\040\000t\000o\000\040\000G\000i\000t}{}% 1
\BOOKMARK [2][-]{subsection.1.1}{\376\377\000W\000h\000a\000t\000\040\000i\000s\000\040\000G\000i\000t\000?}{section.1}% 2
\BOOKMARK [2][-]{subsection.1.2}{\376\377\000K\000e\000y\000\040\000F\000e\000a\000t\000u\000r\000e\000s\000\040\000o\000f\000\040\000G\000i\000t}{section.1}% 3
\BOOKMARK [2][-]{subsection.1.3}{\376\377\000W\000h\000y\000\040\000U\000s\000e\000\040\000G\000i\000t\000?}{section.1}% 4
\BOOKMARK [3][-]{subsubsection.1.3.1}{\376\377\000B\000u\000g\000\040\000F\000i\000x\000i\000n\000g\000\040\000a\000n\000d\000\040\000C\000o\000d\000e\000\040\000V\000e\000r\000s\000i\000o\000n\000i\000n\000g}{subsection.1.3}% 5
\BOOKMARK [3][-]{subsubsection.1.3.2}{\376\377\000C\000o\000l\000l\000a\000b\000o\000r\000a\000t\000i\000o\000n}{subsection.1.3}% 6
\BOOKMARK [3][-]{subsubsection.1.3.3}{\376\377\000N\000o\000n\000-\000L\000i\000n\000e\000a\000r\000\040\000D\000e\000v\000e\000l\000o\000p\000m\000e\000n\000t}{subsection.1.3}% 7
\BOOKMARK [1][-]{section.2}{\376\377\000C\000o\000r\000e\000\040\000G\000i\000t\000\040\000C\000o\000n\000c\000e\000p\000t\000s}{}% 8
\BOOKMARK [2][-]{subsection.2.1}{\376\377\000D\000i\000s\000t\000r\000i\000b\000u\000t\000e\000d\000\040\000V\000e\000r\000s\000i\000o\000n\000\040\000C\000o\000n\000t\000r\000o\000l\000\040\000S\000y\000s\000t\000e\000m\000\040\000\050\000D\000V\000C\000S\000\051}{section.2}% 9
\BOOKMARK [2][-]{subsection.2.2}{\376\377\000R\000e\000p\000o\000s\000i\000t\000o\000r\000y}{section.2}% 10
\BOOKMARK [2][-]{subsection.2.3}{\376\377\000C\000o\000m\000m\000i\000t}{section.2}% 11
\BOOKMARK [2][-]{subsection.2.4}{\376\377\000B\000r\000a\000n\000c\000h}{section.2}% 12
\BOOKMARK [2][-]{subsection.2.5}{\376\377\000W\000o\000r\000k\000i\000n\000g\000\040\000D\000i\000r\000e\000c\000t\000o\000r\000y}{section.2}% 13
\BOOKMARK [2][-]{subsection.2.6}{\376\377\000S\000t\000a\000g\000i\000n\000g\000\040\000A\000r\000e\000a\000\040\000\050\000I\000n\000d\000e\000x\000\051}{section.2}% 14
\BOOKMARK [2][-]{subsection.2.7}{\376\377\000M\000e\000r\000g\000e}{section.2}% 15
\BOOKMARK [2][-]{subsection.2.8}{\376\377\000C\000l\000o\000n\000e}{section.2}% 16
\BOOKMARK [1][-]{section.3}{\376\377\000G\000i\000t\000\040\000F\000r\000a\000m\000e\000w\000o\000r\000k\000\040\000a\000n\000d\000\040\000W\000o\000r\000k\000f\000l\000o\000w}{}% 17
\BOOKMARK [2][-]{subsection.3.1}{\376\377\000T\000h\000e\000\040\000F\000o\000u\000r\000-\000S\000t\000a\000g\000e\000\040\000A\000r\000c\000h\000i\000t\000e\000c\000t\000u\000r\000e}{section.3}% 18
\BOOKMARK [2][-]{subsection.3.2}{\376\377\000T\000y\000p\000i\000c\000a\000l\000\040\000W\000o\000r\000k\000f\000l\000o\000w\000\040\000E\000x\000a\000m\000p\000l\000e}{section.3}% 19
\BOOKMARK [1][-]{section.4}{\376\377\000G\000i\000t\000\040\000C\000o\000n\000f\000i\000g\000u\000r\000a\000t\000i\000o\000n\000\040\000a\000n\000d\000\040\000S\000e\000t\000u\000p}{}% 20
\BOOKMARK [2][-]{subsection.4.1}{\376\377\000I\000n\000i\000t\000i\000a\000l\000\040\000C\000o\000n\000f\000i\000g\000u\000r\000a\000t\000i\000o\000n}{section.4}% 21
\BOOKMARK [3][-]{subsubsection.4.1.1}{\376\377\000S\000e\000t\000t\000i\000n\000g\000\040\000U\000s\000e\000r\000n\000a\000m\000e}{subsection.4.1}% 22
\BOOKMARK [3][-]{subsubsection.4.1.2}{\376\377\000S\000e\000t\000t\000i\000n\000g\000\040\000E\000m\000a\000i\000l}{subsection.4.1}% 23
\BOOKMARK [3][-]{subsubsection.4.1.3}{\376\377\000V\000e\000r\000i\000f\000y\000i\000n\000g\000\040\000C\000o\000n\000f\000i\000g\000u\000r\000a\000t\000i\000o\000n}{subsection.4.1}% 24
\BOOKMARK [1][-]{section.5}{\376\377\000E\000s\000s\000e\000n\000t\000i\000a\000l\000\040\000G\000i\000t\000\040\000C\000o\000m\000m\000a\000n\000d\000s}{}% 25
\BOOKMARK [2][-]{subsection.5.1}{\376\377\000R\000e\000p\000o\000s\000i\000t\000o\000r\000y\000\040\000I\000n\000i\000t\000i\000a\000l\000i\000z\000a\000t\000i\000o\000n}{section.5}% 26
\BOOKMARK [3][-]{subsubsection.5.1.1}{\376\377\000g\000i\000t\000\040\000i\000n\000i\000t}{subsection.5.1}% 27
\BOOKMARK [2][-]{subsection.5.2}{\376\377\000S\000t\000a\000t\000u\000s\000\040\000a\000n\000d\000\040\000T\000r\000a\000c\000k\000i\000n\000g}{section.5}% 28
\BOOKMARK [3][-]{subsubsection.5.2.1}{\376\377\000g\000i\000t\000\040\000s\000t\000a\000t\000u\000s}{subsection.5.2}% 29
\BOOKMARK [2][-]{subsection.5.3}{\376\377\000S\000t\000a\000g\000i\000n\000g\000\040\000F\000i\000l\000e\000s}{section.5}% 30
\BOOKMARK [3][-]{subsubsection.5.3.1}{\376\377\000g\000i\000t\000\040\000a\000d\000d\000\040\000.}{subsection.5.3}% 31
\BOOKMARK [3][-]{subsubsection.5.3.2}{\376\377\000g\000i\000t\000\040\000a\000d\000d\000\040\000<\000f\000i\000l\000e\000\137\000n\000a\000m\000e\000>}{subsection.5.3}% 32
\BOOKMARK [2][-]{subsection.5.4}{\376\377\000C\000o\000m\000m\000i\000t\000t\000i\000n\000g\000\040\000C\000h\000a\000n\000g\000e\000s}{section.5}% 33
\BOOKMARK [3][-]{subsubsection.5.4.1}{\376\377\000g\000i\000t\000\040\000c\000o\000m\000m\000i\000t\000\040\000-\000m\000\040\000"\000<\000m\000e\000s\000s\000a\000g\000e\000>\000"}{subsection.5.4}% 34
\BOOKMARK [2][-]{subsection.5.5}{\376\377\000U\000n\000s\000t\000a\000g\000i\000n\000g\000\040\000F\000i\000l\000e\000s}{section.5}% 35
\BOOKMARK [3][-]{subsubsection.5.5.1}{\376\377\000g\000i\000t\000\040\000r\000e\000s\000t\000o\000r\000e\000\040\040\023\000s\000t\000a\000g\000e\000d\000\040\000<\000f\000i\000l\000e\000\137\000n\000a\000m\000e\000>}{subsection.5.5}% 36
\BOOKMARK [2][-]{subsection.5.6}{\376\377\000T\000h\000e\000\040\000.\000g\000i\000t\000i\000g\000n\000o\000r\000e\000\040\000F\000i\000l\000e}{section.5}% 37
\BOOKMARK [1][-]{section.6}{\376\377\000V\000i\000e\000w\000i\000n\000g\000\040\000a\000n\000d\000\040\000A\000n\000a\000l\000y\000z\000i\000n\000g\000\040\000H\000i\000s\000t\000o\000r\000y}{}% 38
\BOOKMARK [2][-]{subsection.6.1}{\376\377\000B\000a\000s\000i\000c\000\040\000L\000o\000g\000\040\000C\000o\000m\000m\000a\000n\000d\000s}{section.6}% 39
\BOOKMARK [3][-]{subsubsection.6.1.1}{\376\377\000g\000i\000t\000\040\000l\000o\000g}{subsection.6.1}% 40
\BOOKMARK [3][-]{subsubsection.6.1.2}{\376\377\000g\000i\000t\000\040\000l\000o\000g\000\040\040\023\000o\000n\000e\000l\000i\000n\000e}{subsection.6.1}% 41
\BOOKMARK [3][-]{subsubsection.6.1.3}{\376\377\000g\000i\000t\000\040\000l\000o\000g\000\040\040\023\000s\000t\000a\000t}{subsection.6.1}% 42
\BOOKMARK [3][-]{subsubsection.6.1.4}{\376\377\000g\000i\000t\000\040\000l\000o\000g\000\040\000-\000p}{subsection.6.1}% 43
\BOOKMARK [2][-]{subsection.6.2}{\376\377\000B\000r\000a\000n\000c\000h\000\040\000H\000i\000s\000t\000o\000r\000y}{section.6}% 44
\BOOKMARK [3][-]{subsubsection.6.2.1}{\376\377\000g\000i\000t\000\040\000l\000o\000g\000\040\040\023\000o\000n\000e\000l\000i\000n\000e\000\040\040\023\000a\000l\000l}{subsection.6.2}% 45
\BOOKMARK [3][-]{subsubsection.6.2.2}{\376\377\000g\000i\000t\000\040\000l\000o\000g\000\040\040\023\000o\000n\000e\000l\000i\000n\000e\000\040\040\023\000a\000l\000l\000\040\040\023\000g\000r\000a\000p\000h}{subsection.6.2}% 46
\BOOKMARK [2][-]{subsection.6.3}{\376\377\000V\000i\000e\000w\000i\000n\000g\000\040\000S\000p\000e\000c\000i\000f\000i\000c\000\040\000C\000o\000m\000m\000i\000t\000s}{section.6}% 47
\BOOKMARK [3][-]{subsubsection.6.3.1}{\376\377\000g\000i\000t\000\040\000s\000h\000o\000w\000\040\000<\000s\000h\000a\000\137\000i\000d\000>}{subsection.6.3}% 48
\BOOKMARK [2][-]{subsection.6.4}{\376\377\000C\000o\000m\000p\000a\000r\000i\000n\000g\000\040\000C\000h\000a\000n\000g\000e\000s}{section.6}% 49
\BOOKMARK [3][-]{subsubsection.6.4.1}{\376\377\000g\000i\000t\000\040\000d\000i\000f\000f}{subsection.6.4}% 50
\BOOKMARK [1][-]{section.7}{\376\377\000B\000r\000a\000n\000c\000h\000i\000n\000g\000\040\000a\000n\000d\000\040\000N\000a\000v\000i\000g\000a\000t\000i\000o\000n}{}% 51
\BOOKMARK [2][-]{subsection.7.1}{\376\377\000U\000n\000d\000e\000r\000s\000t\000a\000n\000d\000i\000n\000g\000\040\000B\000r\000a\000n\000c\000h\000e\000s}{section.7}% 52
\BOOKMARK [2][-]{subsection.7.2}{\376\377\000B\000r\000a\000n\000c\000h\000\040\000C\000o\000m\000m\000a\000n\000d\000s}{section.7}% 53
\BOOKMARK [3][-]{subsubsection.7.2.1}{\376\377\000g\000i\000t\000\040\000b\000r\000a\000n\000c\000h}{subsection.7.2}% 54
\BOOKMARK [3][-]{subsubsection.7.2.2}{\376\377\000g\000i\000t\000\040\000b\000r\000a\000n\000c\000h\000\040\000<\000n\000a\000m\000e\000>}{subsection.7.2}% 55
\BOOKMARK [3][-]{subsubsection.7.2.3}{\376\377\000g\000i\000t\000\040\000b\000r\000a\000n\000c\000h\000\040\000<\000n\000a\000m\000e\000>\000\040\000<\000s\000h\000a\000\137\000i\000d\000>}{subsection.7.2}% 56
\BOOKMARK [2][-]{subsection.7.3}{\376\377\000S\000w\000i\000t\000c\000h\000i\000n\000g\000\040\000B\000r\000a\000n\000c\000h\000e\000s}{section.7}% 57
\BOOKMARK [3][-]{subsubsection.7.3.1}{\376\377\000g\000i\000t\000\040\000c\000h\000e\000c\000k\000o\000u\000t\000\040\000<\000b\000r\000a\000n\000c\000h\000>}{subsection.7.3}% 58
\BOOKMARK [3][-]{subsubsection.7.3.2}{\376\377\000g\000i\000t\000\040\000c\000h\000e\000c\000k\000o\000u\000t\000\040\000<\000s\000h\000a\000\137\000i\000d\000>}{subsection.7.3}% 59
\BOOKMARK [3][-]{subsubsection.7.3.3}{\376\377\000g\000i\000t\000\040\000c\000h\000e\000c\000k\000o\000u\000t\000\040\000m\000a\000i\000n\000/\000m\000a\000s\000t\000e\000r}{subsection.7.3}% 60
\BOOKMARK [2][-]{subsection.7.4}{\376\377\000B\000r\000a\000n\000c\000h\000\040\000S\000w\000i\000t\000c\000h\000i\000n\000g\000\040\000B\000e\000h\000a\000v\000i\000o\000r}{section.7}% 61
\BOOKMARK [2][-]{subsection.7.5}{\376\377\000D\000e\000l\000e\000t\000i\000n\000g\000\040\000B\000r\000a\000n\000c\000h\000e\000s}{section.7}% 62
\BOOKMARK [3][-]{subsubsection.7.5.1}{\376\377\000g\000i\000t\000\040\000b\000r\000a\000n\000c\000h\000\040\000-\000d\000\040\000<\000b\000r\000a\000n\000c\000h\000>}{subsection.7.5}% 63
\BOOKMARK [3][-]{subsubsection.7.5.2}{\376\377\000g\000i\000t\000\040\000b\000r\000a\000n\000c\000h\000\040\000-\000D\000\040\000<\000b\000r\000a\000n\000c\000h\000>}{subsection.7.5}% 64
\BOOKMARK [1][-]{section.8}{\376\377\000M\000e\000r\000g\000i\000n\000g\000\040\000B\000r\000a\000n\000c\000h\000e\000s}{}% 65
\BOOKMARK [2][-]{subsection.8.1}{\376\377\000T\000h\000e\000\040\000M\000e\000r\000g\000e\000\040\000P\000r\000o\000c\000e\000s\000s}{section.8}% 66
\BOOKMARK [3][-]{subsubsection.8.1.1}{\376\377\000g\000i\000t\000\040\000m\000e\000r\000g\000e\000\040\000<\000b\000r\000a\000n\000c\000h\000>}{subsection.8.1}% 67
\BOOKMARK [2][-]{subsection.8.2}{\376\377\000T\000y\000p\000e\000s\000\040\000o\000f\000\040\000M\000e\000r\000g\000i\000n\000g}{section.8}% 68
\BOOKMARK [3][-]{subsubsection.8.2.1}{\376\377\000F\000a\000s\000t\000-\000F\000o\000r\000w\000a\000r\000d\000\040\000M\000e\000r\000g\000e}{subsection.8.2}% 69
\BOOKMARK [3][-]{subsubsection.8.2.2}{\376\377\000C\000o\000m\000p\000l\000e\000x\000\040\000M\000e\000r\000g\000e\000\040\000\050\000T\000h\000r\000e\000e\000-\000W\000a\000y\000\040\000M\000e\000r\000g\000e\000\051}{subsection.8.2}% 70
\BOOKMARK [2][-]{subsection.8.3}{\376\377\000B\000r\000a\000n\000c\000h\000i\000n\000g\000\040\000S\000t\000r\000a\000t\000e\000g\000i\000e\000s}{section.8}% 71
\BOOKMARK [1][-]{section.9}{\376\377\000W\000o\000r\000k\000i\000n\000g\000\040\000w\000i\000t\000h\000\040\000R\000e\000m\000o\000t\000e\000\040\000R\000e\000p\000o\000s\000i\000t\000o\000r\000i\000e\000s}{}% 72
\BOOKMARK [2][-]{subsection.9.1}{\376\377\000C\000o\000n\000n\000e\000c\000t\000i\000n\000g\000\040\000t\000o\000\040\000R\000e\000m\000o\000t\000e}{section.9}% 73
\BOOKMARK [3][-]{subsubsection.9.1.1}{\376\377\000g\000i\000t\000\040\000r\000e\000m\000o\000t\000e\000\040\000a\000d\000d\000\040\000o\000r\000i\000g\000i\000n\000\040\000<\000u\000r\000l\000>}{subsection.9.1}% 74
\BOOKMARK [3][-]{subsubsection.9.1.2}{\376\377\000g\000i\000t\000\040\000r\000e\000m\000o\000t\000e\000\040\000-\000v}{subsection.9.1}% 75
\BOOKMARK [3][-]{subsubsection.9.1.3}{\376\377\000g\000i\000t\000\040\000r\000e\000m\000o\000t\000e\000\040\000r\000e\000n\000a\000m\000e\000\040\000<\000o\000l\000d\000>\000\040\000<\000n\000e\000w\000>}{subsection.9.1}% 76
\BOOKMARK [2][-]{subsection.9.2}{\376\377\000P\000u\000s\000h\000i\000n\000g\000\040\000C\000h\000a\000n\000g\000e\000s}{section.9}% 77
\BOOKMARK [3][-]{subsubsection.9.2.1}{\376\377\000g\000i\000t\000\040\000p\000u\000s\000h\000\040\000o\000r\000i\000g\000i\000n\000\040\000<\000b\000r\000a\000n\000c\000h\000>}{subsection.9.2}% 78
\BOOKMARK [3][-]{subsubsection.9.2.2}{\376\377\000g\000i\000t\000\040\000p\000u\000s\000h\000\040\000o\000r\000i\000g\000i\000n\000\040\000<\000b\000r\000a\000n\000c\000h\000>\000\040\040\023\000f\000o\000r\000c\000e}{subsection.9.2}% 79
\BOOKMARK [2][-]{subsection.9.3}{\376\377\000F\000e\000t\000c\000h\000i\000n\000g\000\040\000a\000n\000d\000\040\000P\000u\000l\000l\000i\000n\000g}{section.9}% 80
\BOOKMARK [3][-]{subsubsection.9.3.1}{\376\377\000g\000i\000t\000\040\000c\000l\000o\000n\000e\000\040\000<\000u\000r\000l\000>}{subsection.9.3}% 81
\BOOKMARK [3][-]{subsubsection.9.3.2}{\376\377\000g\000i\000t\000\040\000f\000e\000t\000c\000h}{subsection.9.3}% 82
\BOOKMARK [3][-]{subsubsection.9.3.3}{\376\377\000g\000i\000t\000\040\000p\000u\000l\000l\000\040\000o\000r\000i\000g\000i\000n\000\040\000<\000b\000r\000a\000n\000c\000h\000>}{subsection.9.3}% 83
\BOOKMARK [2][-]{subsection.9.4}{\376\377\000U\000n\000d\000e\000r\000s\000t\000a\000n\000d\000i\000n\000g\000\040\000O\000r\000i\000g\000i\000n\000\040\000a\000n\000d\000\040\000U\000p\000s\000t\000r\000e\000a\000m}{section.9}% 84
\BOOKMARK [1][-]{section.10}{\376\377\000A\000d\000v\000a\000n\000c\000e\000d\000\040\000O\000p\000e\000r\000a\000t\000i\000o\000n\000s}{}% 85
\BOOKMARK [2][-]{subsection.10.1}{\376\377\000R\000e\000v\000e\000r\000t\000i\000n\000g\000\040\000C\000h\000a\000n\000g\000e\000s}{section.10}% 86
\BOOKMARK [3][-]{subsubsection.10.1.1}{\376\377\000g\000i\000t\000\040\000r\000e\000v\000e\000r\000t\000\040\000<\000s\000h\000a\000\137\000i\000d\000>}{subsection.10.1}% 87
\BOOKMARK [2][-]{subsection.10.2}{\376\377\000V\000i\000e\000w\000i\000n\000g\000\040\000D\000i\000f\000f\000e\000r\000e\000n\000c\000e\000s\000\040\000w\000i\000t\000h\000\040\000R\000e\000m\000o\000t\000e}{section.10}% 88
\BOOKMARK [3][-]{subsubsection.10.2.1}{\376\377\000g\000i\000t\000\040\000l\000o\000g\000\040\000u\000p\000s\000t\000r\000e\000a\000m\000/\000m\000a\000i\000n\000\040\040\023\000o\000n\000e\000l\000i\000n\000e}{subsection.10.2}% 89
\BOOKMARK [3][-]{subsubsection.10.2.2}{\376\377\000g\000i\000t\000\040\000d\000i\000f\000f\000\040\000u\000p\000s\000t\000r\000e\000a\000m\000/\000m\000a\000i\000n}{subsection.10.2}% 90
\BOOKMARK [2][-]{subsection.10.3}{\376\377\000S\000y\000n\000c\000i\000n\000g\000\040\000w\000i\000t\000h\000\040\000U\000p\000s\000t\000r\000e\000a\000m}{section.10}% 91
\BOOKMARK [3][-]{subsubsection.10.3.1}{\376\377\000g\000i\000t\000\040\000p\000u\000l\000l\000\040\000u\000p\000s\000t\000r\000e\000a\000m\000\040\000m\000a\000i\000n}{subsection.10.3}% 92
\BOOKMARK [3][-]{subsubsection.10.3.2}{\376\377\000g\000i\000t\000\040\000r\000e\000m\000o\000t\000e\000\040\000a\000d\000d\000\040\000u\000p\000s\000t\000r\000e\000a\000m\000\040\000<\000u\000r\000l\000>}{subsection.10.3}% 93
\BOOKMARK [1][-]{section.11}{\376\377\000G\000i\000t\000\040\000H\000o\000s\000t\000i\000n\000g\000\040\000P\000l\000a\000t\000f\000o\000r\000m\000s}{}% 94
\BOOKMARK [2][-]{subsection.11.1}{\376\377\000G\000i\000t\000H\000u\000b}{section.11}% 95
\BOOKMARK [2][-]{subsection.11.2}{\376\377\000G\000i\000t\000L\000a\000b}{section.11}% 96
\BOOKMARK [2][-]{subsection.11.3}{\376\377\000S\000S\000H\000\040\000P\000r\000o\000t\000o\000c\000o\000l}{section.11}% 97
\BOOKMARK [1][-]{section.12}{\376\377\000F\000o\000r\000k\000\040\000a\000n\000d\000\040\000P\000u\000l\000l\000\040\000R\000e\000q\000u\000e\000s\000t\000\040\000W\000o\000r\000k\000f\000l\000o\000w}{}% 98
\BOOKMARK [2][-]{subsection.12.1}{\376\377\000U\000n\000d\000e\000r\000s\000t\000a\000n\000d\000i\000n\000g\000\040\000F\000o\000r\000k\000s}{section.12}% 99
\BOOKMARK [2][-]{subsection.12.2}{\376\377\000C\000l\000o\000n\000e\000\040\000v\000s\000\040\000F\000o\000r\000k}{section.12}% 100
\BOOKMARK [2][-]{subsection.12.3}{\376\377\000P\000u\000l\000l\000\040\000R\000e\000q\000u\000e\000s\000t\000s}{section.12}% 101
\BOOKMARK [2][-]{subsection.12.4}{\376\377\000G\000i\000t\000\040\000F\000o\000r\000k\000\040\000W\000o\000r\000k\000f\000l\000o\000w}{section.12}% 102
\BOOKMARK [2][-]{subsection.12.5}{\376\377\000K\000e\000e\000p\000i\000n\000g\000\040\000F\000o\000r\000k\000\040\000U\000p\000d\000a\000t\000e\000d}{section.12}% 103
\BOOKMARK [1][-]{section.13}{\376\377\000T\000e\000r\000m\000i\000n\000a\000l\000\040\000a\000n\000d\000\040\000D\000i\000r\000e\000c\000t\000o\000r\000y\000\040\000C\000o\000m\000m\000a\000n\000d\000s}{}% 104
\BOOKMARK [2][-]{subsection.13.1}{\376\377\000B\000a\000s\000i\000c\000\040\000D\000i\000r\000e\000c\000t\000o\000r\000y\000\040\000O\000p\000e\000r\000a\000t\000i\000o\000n\000s}{section.13}% 105
\BOOKMARK [3][-]{subsubsection.13.1.1}{\376\377\000m\000k\000d\000i\000r}{subsection.13.1}% 106
\BOOKMARK [3][-]{subsubsection.13.1.2}{\376\377\000c\000d}{subsection.13.1}% 107
\BOOKMARK [2][-]{subsection.13.2}{\376\377\000T\000e\000r\000m\000i\000n\000a\000l\000\040\000C\000o\000n\000t\000r\000o\000l\000\040\000C\000o\000m\000m\000a\000n\000d\000s}{section.13}% 108
\BOOKMARK [3][-]{subsubsection.13.2.1}{\376\377\000c\000l\000s\000\040\000\050\000C\000o\000m\000m\000a\000n\000d\000\040\000P\000r\000o\000m\000p\000t\000\051}{subsection.13.2}% 109
\BOOKMARK [3][-]{subsubsection.13.2.2}{\376\377\000c\000l\000e\000a\000r\000\040\000\050\000P\000o\000w\000e\000r\000S\000h\000e\000l\000l\000/\000B\000a\000s\000h\000\051}{subsection.13.2}% 110
\BOOKMARK [3][-]{subsubsection.13.2.3}{\376\377\000q}{subsection.13.2}% 111
\BOOKMARK [1][-]{section.14}{\376\377\000C\000o\000m\000p\000r\000e\000h\000e\000n\000s\000i\000v\000e\000\040\000G\000l\000o\000s\000s\000a\000r\000y}{}% 112
\BOOKMARK [1][-]{section.15}{\376\377\000Q\000u\000i\000c\000k\000\040\000R\000e\000f\000e\000r\000e\000n\000c\000e\000\040\000G\000u\000i\000d\000e}{}% 113
\BOOKMARK [2][-]{subsection.15.1}{\376\377\000E\000s\000s\000e\000n\000t\000i\000a\000l\000\040\000C\000o\000m\000m\000a\000n\000d\000s\000\040\000S\000u\000m\000m\000a\000r\000y}{section.15}% 114
\BOOKMARK [2][-]{subsection.15.2}{\376\377\000C\000o\000m\000m\000o\000n\000\040\000W\000o\000r\000k\000f\000l\000o\000w\000s}{section.15}% 115
\BOOKMARK [3][-]{subsubsection.15.2.1}{\376\377\000S\000t\000a\000r\000t\000i\000n\000g\000\040\000N\000e\000w\000\040\000P\000r\000o\000j\000e\000c\000t}{subsection.15.2}% 116
\BOOKMARK [3][-]{subsubsection.15.2.2}{\376\377\000C\000o\000n\000t\000r\000i\000b\000u\000t\000i\000n\000g\000\040\000t\000o\000\040\000E\000x\000i\000s\000t\000i\000n\000g\000\040\000P\000r\000o\000j\000e\000c\000t}{subsection.15.2}% 117
\BOOKMARK [3][-]{subsubsection.15.2.3}{\376\377\000K\000e\000e\000p\000i\000n\000g\000\040\000F\000o\000r\000k\000\040\000U\000p\000d\000a\000t\000e\000d}{subsection.15.2}% 118
\BOOKMARK [2][-]{subsection.15.3}{\376\377\000B\000e\000s\000t\000\040\000P\000r\000a\000c\000t\000i\000c\000e\000s}{section.15}% 119
\BOOKMARK [2][-]{subsection.15.4}{\376\377\000C\000o\000m\000m\000i\000t\000\040\000M\000e\000s\000s\000a\000g\000e\000\040\000G\000u\000i\000d\000e\000l\000i\000n\000e\000s}{section.15}% 120
\BOOKMARK [1][-]{section.16}{\376\377\000C\000o\000n\000c\000l\000u\000s\000i\000o\000n}{}% 121
\BOOKMARK [2][-]{subsection.16.1}{\376\377\000A\000d\000d\000i\000t\000i\000o\000n\000a\000l\000\040\000R\000e\000s\000o\000u\000r\000c\000e\000s}{section.16}% 122
