\BOOKMARK [1][-]{section.1}{\376\377\000I\000n\000t\000r\000o\000d\000u\000c\000t\000i\000o\000n\000\040\000t\000o\000\040\000M\000L\000O\000p\000s\000\040\000P\000i\000p\000e\000l\000i\000n\000e\000s}{}% 1
\BOOKMARK [2][-]{subsection.1.1}{\376\377\000W\000h\000a\000t\000\040\000i\000s\000\040\000M\000L\000O\000p\000s\000?}{section.1}% 2
\BOOKMARK [2][-]{subsection.1.2}{\376\377\000C\000o\000u\000r\000s\000e\000\040\000A\000g\000e\000n\000d\000a}{section.1}% 3
\BOOKMARK [2][-]{subsection.1.3}{\376\377\000B\000a\000s\000i\000c\000\040\000M\000L\000\040\000P\000i\000p\000e\000l\000i\000n\000e\000\040\000C\000o\000m\000p\000o\000n\000e\000n\000t\000s}{section.1}% 4
\BOOKMARK [3][-]{subsubsection.1.3.1}{\376\377\000P\000i\000p\000e\000l\000i\000n\000e\000\040\000S\000t\000a\000g\000e\000s\000\040\000E\000x\000p\000l\000a\000i\000n\000e\000d}{subsection.1.3}% 5
\BOOKMARK [2][-]{subsection.1.4}{\376\377\000D\000a\000t\000a\000\040\000S\000c\000i\000e\000n\000c\000e\000\040\000v\000s\000\040\000M\000L\000O\000p\000s\000\040\000P\000r\000a\000c\000t\000i\000c\000e}{section.1}% 6
\BOOKMARK [1][-]{section.2}{\376\377\000P\000r\000o\000j\000e\000c\000t\000\040\000S\000e\000t\000u\000p\000\040\000a\000n\000d\000\040\000S\000t\000r\000u\000c\000t\000u\000r\000e}{}% 7
\BOOKMARK [2][-]{subsection.2.1}{\376\377\000I\000n\000i\000t\000i\000a\000l\000\040\000R\000e\000p\000o\000s\000i\000t\000o\000r\000y\000\040\000S\000e\000t\000u\000p}{section.2}% 8
\BOOKMARK [3][-]{subsubsection.2.1.1}{\376\377\000S\000t\000e\000p\000\040\0001\000:\000\040\000C\000r\000e\000a\000t\000e\000\040\000G\000i\000t\000H\000u\000b\000\040\000R\000e\000p\000o\000s\000i\000t\000o\000r\000y}{subsection.2.1}% 9
\BOOKMARK [3][-]{subsubsection.2.1.2}{\376\377\000S\000t\000e\000p\000\040\0002\000:\000\040\000P\000r\000o\000j\000e\000c\000t\000\040\000D\000i\000r\000e\000c\000t\000o\000r\000y\000\040\000S\000t\000r\000u\000c\000t\000u\000r\000e}{subsection.2.1}% 10
\BOOKMARK [2][-]{subsection.2.2}{\376\377\000I\000n\000i\000t\000i\000a\000l\000\040\000E\000x\000p\000e\000r\000i\000m\000e\000n\000t\000\040\000S\000e\000t\000u\000p}{section.2}% 11
\BOOKMARK [2][-]{subsection.2.3}{\376\377\000C\000r\000e\000a\000t\000i\000n\000g\000\040\000t\000h\000e\000\040\000S\000o\000u\000r\000c\000e\000\040\000D\000i\000r\000e\000c\000t\000o\000r\000y}{section.2}% 12
\BOOKMARK [2][-]{subsection.2.4}{\376\377\000C\000o\000n\000f\000i\000g\000u\000r\000i\000n\000g\000\040\000.\000g\000i\000t\000i\000g\000n\000o\000r\000e}{section.2}% 13
\BOOKMARK [1][-]{section.3}{\376\377\000E\000x\000p\000l\000o\000r\000a\000t\000o\000r\000y\000\040\000D\000a\000t\000a\000\040\000A\000n\000a\000l\000y\000s\000i\000s\000\040\000P\000h\000a\000s\000e}{}% 14
\BOOKMARK [2][-]{subsection.3.1}{\376\377\000U\000n\000d\000e\000r\000s\000t\000a\000n\000d\000i\000n\000g\000\040\000t\000h\000e\000\040\000D\000a\000t\000a\000s\000e\000t}{section.3}% 15
\BOOKMARK [2][-]{subsection.3.2}{\376\377\000N\000o\000t\000e\000b\000o\000o\000k\000\040\000W\000o\000r\000k\000f\000l\000o\000w\000\040\000O\000v\000e\000r\000v\000i\000e\000w}{section.3}% 16
\BOOKMARK [2][-]{subsection.3.3}{\376\377\000K\000e\000y\000\040\000C\000o\000d\000e\000\040\000S\000n\000i\000p\000p\000e\000t\000s\000\040\000f\000r\000o\000m\000\040\000N\000o\000t\000e\000b\000o\000o\000k}{section.3}% 17
\BOOKMARK [3][-]{subsubsection.3.3.1}{\376\377\000B\000a\000s\000i\000c\000\040\000I\000m\000p\000o\000r\000t\000s\000\040\000a\000n\000d\000\040\000S\000e\000t\000u\000p}{subsection.3.3}% 18
\BOOKMARK [3][-]{subsubsection.3.3.2}{\376\377\000D\000a\000t\000a\000\040\000L\000o\000a\000d\000i\000n\000g\000\040\000a\000n\000d\000\040\000C\000l\000e\000a\000n\000i\000n\000g}{subsection.3.3}% 19
\BOOKMARK [3][-]{subsubsection.3.3.3}{\376\377\000T\000e\000x\000t\000\040\000T\000r\000a\000n\000s\000f\000o\000r\000m\000a\000t\000i\000o\000n\000\040\000F\000u\000n\000c\000t\000i\000o\000n}{subsection.3.3}% 20
\BOOKMARK [3][-]{subsubsection.3.3.4}{\376\377\000F\000e\000a\000t\000u\000r\000e\000\040\000E\000n\000g\000i\000n\000e\000e\000r\000i\000n\000g\000\040\000w\000i\000t\000h\000\040\000T\000F\000-\000I\000D\000F}{subsection.3.3}% 21
\BOOKMARK [3][-]{subsubsection.3.3.5}{\376\377\000T\000r\000a\000i\000n\000-\000T\000e\000s\000t\000\040\000S\000p\000l\000i\000t}{subsection.3.3}% 22
\BOOKMARK [2][-]{subsection.3.4}{\376\377\000M\000o\000d\000e\000l\000\040\000T\000r\000a\000i\000n\000i\000n\000g\000\040\000a\000n\000d\000\040\000C\000o\000m\000p\000a\000r\000i\000s\000o\000n}{section.3}% 23
\BOOKMARK [3][-]{subsubsection.3.4.1}{\376\377\000M\000u\000l\000t\000i\000p\000l\000e\000\040\000C\000l\000a\000s\000s\000i\000f\000i\000e\000r\000\040\000S\000e\000t\000u\000p}{subsection.3.4}% 24
\BOOKMARK [3][-]{subsubsection.3.4.2}{\376\377\000M\000o\000d\000e\000l\000\040\000E\000v\000a\000l\000u\000a\000t\000i\000o\000n\000\040\000F\000u\000n\000c\000t\000i\000o\000n}{subsection.3.4}% 25
\BOOKMARK [1][-]{section.4}{\376\377\000D\000a\000t\000a\000\040\000I\000n\000g\000e\000s\000t\000i\000o\000n\000\040\000M\000o\000d\000u\000l\000e}{}% 26
\BOOKMARK [2][-]{subsection.4.1}{\376\377\000O\000v\000e\000r\000v\000i\000e\000w}{section.4}% 27
\BOOKMARK [2][-]{subsection.4.2}{\376\377\000C\000o\000m\000p\000l\000e\000t\000e\000\040\000I\000m\000p\000l\000e\000m\000e\000n\000t\000a\000t\000i\000o\000n}{section.4}% 28
\BOOKMARK [2][-]{subsection.4.3}{\376\377\000K\000e\000y\000\040\000C\000o\000m\000p\000o\000n\000e\000n\000t\000s\000\040\000E\000x\000p\000l\000a\000i\000n\000e\000d}{section.4}% 29
\BOOKMARK [3][-]{subsubsection.4.3.1}{\376\377\000L\000o\000g\000g\000i\000n\000g\000\040\000S\000e\000t\000u\000p}{subsection.4.3}% 30
\BOOKMARK [3][-]{subsubsection.4.3.2}{\376\377\000F\000u\000n\000c\000t\000i\000o\000n\000\040\000B\000r\000e\000a\000k\000d\000o\000w\000n}{subsection.4.3}% 31
\BOOKMARK [2][-]{subsection.4.4}{\376\377\000R\000u\000n\000n\000i\000n\000g\000\040\000t\000h\000e\000\040\000M\000o\000d\000u\000l\000e}{section.4}% 32
\BOOKMARK [1][-]{section.5}{\376\377\000D\000a\000t\000a\000\040\000P\000r\000e\000-\000P\000r\000o\000c\000e\000s\000s\000i\000n\000g\000\040\000M\000o\000d\000u\000l\000e}{}% 33
\BOOKMARK [2][-]{subsection.5.1}{\376\377\000O\000v\000e\000r\000v\000i\000e\000w}{section.5}% 34
\BOOKMARK [2][-]{subsection.5.2}{\376\377\000C\000o\000m\000p\000l\000e\000t\000e\000\040\000I\000m\000p\000l\000e\000m\000e\000n\000t\000a\000t\000i\000o\000n}{section.5}% 35
\BOOKMARK [2][-]{subsection.5.3}{\376\377\000T\000e\000x\000t\000\040\000T\000r\000a\000n\000s\000f\000o\000r\000m\000a\000t\000i\000o\000n\000\040\000P\000i\000p\000e\000l\000i\000n\000e}{section.5}% 36
\BOOKMARK [2][-]{subsection.5.4}{\376\377\000R\000u\000n\000n\000i\000n\000g\000\040\000t\000h\000e\000\040\000M\000o\000d\000u\000l\000e}{section.5}% 37
\BOOKMARK [1][-]{section.6}{\376\377\000F\000e\000a\000t\000u\000r\000e\000\040\000E\000n\000g\000i\000n\000e\000e\000r\000i\000n\000g\000\040\000M\000o\000d\000u\000l\000e}{}% 38
\BOOKMARK [2][-]{subsection.6.1}{\376\377\000O\000v\000e\000r\000v\000i\000e\000w}{section.6}% 39
\BOOKMARK [2][-]{subsection.6.2}{\376\377\000C\000o\000m\000p\000l\000e\000t\000e\000\040\000I\000m\000p\000l\000e\000m\000e\000n\000t\000a\000t\000i\000o\000n}{section.6}% 40
\BOOKMARK [2][-]{subsection.6.3}{\376\377\000U\000n\000d\000e\000r\000s\000t\000a\000n\000d\000i\000n\000g\000\040\000T\000F\000-\000I\000D\000F}{section.6}% 41
\BOOKMARK [3][-]{subsubsection.6.3.1}{\376\377\000W\000h\000y\000\040\000T\000F\000-\000I\000D\000F\000?}{subsection.6.3}% 42
\BOOKMARK [2][-]{subsection.6.4}{\376\377\000m\000a\000x\000\137\000f\000e\000a\000t\000u\000r\000e\000s\000\040\000P\000a\000r\000a\000m\000e\000t\000e\000r}{section.6}% 43
\BOOKMARK [2][-]{subsection.6.5}{\376\377\000R\000u\000n\000n\000i\000n\000g\000\040\000t\000h\000e\000\040\000M\000o\000d\000u\000l\000e}{section.6}% 44
\BOOKMARK [1][-]{section.7}{\376\377\000M\000o\000d\000e\000l\000\040\000B\000u\000i\000l\000d\000i\000n\000g\000\040\000M\000o\000d\000u\000l\000e}{}% 45
\BOOKMARK [2][-]{subsection.7.1}{\376\377\000O\000v\000e\000r\000v\000i\000e\000w}{section.7}% 46
\BOOKMARK [2][-]{subsection.7.2}{\376\377\000C\000o\000m\000p\000l\000e\000t\000e\000\040\000I\000m\000p\000l\000e\000m\000e\000n\000t\000a\000t\000i\000o\000n}{section.7}% 47
\BOOKMARK [2][-]{subsection.7.3}{\376\377\000M\000o\000d\000e\000l\000\040\000S\000e\000l\000e\000c\000t\000i\000o\000n\000:\000\040\000R\000a\000n\000d\000o\000m\000F\000o\000r\000e\000s\000t}{section.7}% 48
\BOOKMARK [2][-]{subsection.7.4}{\376\377\000H\000y\000p\000e\000r\000p\000a\000r\000a\000m\000e\000t\000e\000r\000s\000\040\000E\000x\000p\000l\000a\000i\000n\000e\000d}{section.7}% 49
\BOOKMARK [2][-]{subsection.7.5}{\376\377\000M\000o\000d\000e\000l\000\040\000P\000e\000r\000s\000i\000s\000t\000e\000n\000c\000e\000\040\000w\000i\000t\000h\000\040\000P\000i\000c\000k\000l\000e}{section.7}% 50
\BOOKMARK [2][-]{subsection.7.6}{\376\377\000R\000u\000n\000n\000i\000n\000g\000\040\000t\000h\000e\000\040\000M\000o\000d\000u\000l\000e}{section.7}% 51
\BOOKMARK [1][-]{section.8}{\376\377\000M\000o\000d\000e\000l\000\040\000E\000v\000a\000l\000u\000a\000t\000i\000o\000n\000\040\000M\000o\000d\000u\000l\000e}{}% 52
\BOOKMARK [2][-]{subsection.8.1}{\376\377\000O\000v\000e\000r\000v\000i\000e\000w}{section.8}% 53
\BOOKMARK [2][-]{subsection.8.2}{\376\377\000C\000o\000m\000p\000l\000e\000t\000e\000\040\000I\000m\000p\000l\000e\000m\000e\000n\000t\000a\000t\000i\000o\000n}{section.8}% 54
\BOOKMARK [2][-]{subsection.8.3}{\376\377\000E\000v\000a\000l\000u\000a\000t\000i\000o\000n\000\040\000M\000e\000t\000r\000i\000c\000s\000\040\000E\000x\000p\000l\000a\000i\000n\000e\000d}{section.8}% 55
\BOOKMARK [3][-]{subsubsection.8.3.1}{\376\377\000A\000c\000c\000u\000r\000a\000c\000y}{subsection.8.3}% 56
\BOOKMARK [3][-]{subsubsection.8.3.2}{\376\377\000P\000r\000e\000c\000i\000s\000i\000o\000n}{subsection.8.3}% 57
\BOOKMARK [3][-]{subsubsection.8.3.3}{\376\377\000R\000e\000c\000a\000l\000l\000\040\000\050\000S\000e\000n\000s\000i\000t\000i\000v\000i\000t\000y\000\051}{subsection.8.3}% 58
\BOOKMARK [3][-]{subsubsection.8.3.4}{\376\377\000A\000U\000C\000\040\000\050\000A\000r\000e\000a\000\040\000U\000n\000d\000e\000r\000\040\000R\000O\000C\000\040\000C\000u\000r\000v\000e\000\051}{subsection.8.3}% 59
\BOOKMARK [2][-]{subsection.8.4}{\376\377\000W\000h\000y\000\040\000T\000h\000e\000s\000e\000\040\000M\000e\000t\000r\000i\000c\000s\000?}{section.8}% 60
\BOOKMARK [2][-]{subsection.8.5}{\376\377\000M\000e\000t\000r\000i\000c\000s\000\040\000J\000S\000O\000N\000\040\000F\000o\000r\000m\000a\000t}{section.8}% 61
\BOOKMARK [2][-]{subsection.8.6}{\376\377\000R\000u\000n\000n\000i\000n\000g\000\040\000t\000h\000e\000\040\000M\000o\000d\000u\000l\000e}{section.8}% 62
\BOOKMARK [1][-]{section.9}{\376\377\000T\000e\000s\000t\000i\000n\000g\000\040\000t\000h\000e\000\040\000C\000o\000m\000p\000l\000e\000t\000e\000\040\000P\000i\000p\000e\000l\000i\000n\000e\000\040\000M\000a\000n\000u\000a\000l\000l\000y}{}% 63
\BOOKMARK [2][-]{subsection.9.1}{\376\377\000R\000u\000n\000n\000i\000n\000g\000\040\000A\000l\000l\000\040\000C\000o\000m\000p\000o\000n\000e\000n\000t\000s\000\040\000S\000e\000q\000u\000e\000n\000t\000i\000a\000l\000l\000y}{section.9}% 64
\BOOKMARK [2][-]{subsection.9.2}{\376\377\000E\000x\000p\000e\000c\000t\000e\000d\000\040\000D\000i\000r\000e\000c\000t\000o\000r\000y\000\040\000S\000t\000r\000u\000c\000t\000u\000r\000e\000\040\000A\000f\000t\000e\000r\000\040\000E\000x\000e\000c\000u\000t\000i\000o\000n}{section.9}% 65
\BOOKMARK [2][-]{subsection.9.3}{\376\377\000V\000e\000r\000i\000f\000i\000c\000a\000t\000i\000o\000n\000\040\000C\000h\000e\000c\000k\000l\000i\000s\000t}{section.9}% 66
\BOOKMARK [2][-]{subsection.9.4}{\376\377\000I\000n\000i\000t\000i\000a\000l\000\040\000G\000i\000t\000\040\000C\000o\000m\000m\000i\000t}{section.9}% 67
\BOOKMARK [1][-]{section.10}{\376\377\000S\000e\000t\000t\000i\000n\000g\000\040\000U\000p\000\040\000D\000V\000C\000\040\000P\000i\000p\000e\000l\000i\000n\000e\000\040\000\050\000W\000i\000t\000h\000o\000u\000t\000\040\000P\000a\000r\000a\000m\000e\000t\000e\000r\000s\000\051}{}% 68
\BOOKMARK [2][-]{subsection.10.1}{\376\377\000U\000n\000d\000e\000r\000s\000t\000a\000n\000d\000i\000n\000g\000\040\000D\000V\000C\000\040\000P\000i\000p\000e\000l\000i\000n\000e\000s}{section.10}% 69
\BOOKMARK [2][-]{subsection.10.2}{\376\377\000I\000n\000i\000t\000i\000a\000l\000i\000z\000e\000\040\000D\000V\000C}{section.10}% 70
\BOOKMARK [2][-]{subsection.10.3}{\376\377\000C\000r\000e\000a\000t\000i\000n\000g\000\040\000d\000v\000c\000.\000y\000a\000m\000l\000\040\000F\000i\000l\000e}{section.10}% 71
\BOOKMARK [2][-]{subsection.10.4}{\376\377\000U\000n\000d\000e\000r\000s\000t\000a\000n\000d\000i\000n\000g\000\040\000d\000v\000c\000.\000y\000a\000m\000l\000\040\000S\000t\000r\000u\000c\000t\000u\000r\000e}{section.10}% 72
\BOOKMARK [3][-]{subsubsection.10.4.1}{\376\377\000S\000t\000a\000g\000e\000\040\000C\000o\000m\000p\000o\000n\000e\000n\000t\000s}{subsection.10.4}% 73
\BOOKMARK [2][-]{subsection.10.5}{\376\377\000S\000t\000a\000g\000e\000\040\000D\000e\000p\000e\000n\000d\000e\000n\000c\000y\000\040\000C\000h\000a\000i\000n}{section.10}% 74
\BOOKMARK [2][-]{subsection.10.6}{\376\377\000R\000u\000n\000n\000i\000n\000g\000\040\000t\000h\000e\000\040\000D\000V\000C\000\040\000P\000i\000p\000e\000l\000i\000n\000e}{section.10}% 75
\BOOKMARK [2][-]{subsection.10.7}{\376\377\000U\000n\000d\000e\000r\000s\000t\000a\000n\000d\000i\000n\000g\000\040\000d\000v\000c\000.\000l\000o\000c\000k\000\040\000F\000i\000l\000e}{section.10}% 76
\BOOKMARK [2][-]{subsection.10.8}{\376\377\000V\000i\000s\000u\000a\000l\000i\000z\000i\000n\000g\000\040\000t\000h\000e\000\040\000P\000i\000p\000e\000l\000i\000n\000e}{section.10}% 77
\BOOKMARK [2][-]{subsection.10.9}{\376\377\000K\000e\000y\000\040\000D\000V\000C\000\040\000C\000o\000n\000c\000e\000p\000t\000s}{section.10}% 78
\BOOKMARK [3][-]{subsubsection.10.9.1}{\376\377\000T\000h\000e\000\040\000.\000d\000v\000c\000\040\000D\000i\000r\000e\000c\000t\000o\000r\000y}{subsection.10.9}% 79
\BOOKMARK [3][-]{subsubsection.10.9.2}{\376\377\000d\000v\000c\000.\000y\000a\000m\000l\000\040\000v\000s\000\040\000d\000v\000c\000.\000l\000o\000c\000k\000\040\000v\000s\000\040\000.\000d\000v\000c\000\040\000f\000i\000l\000e\000s}{subsection.10.9}% 80
\BOOKMARK [2][-]{subsection.10.10}{\376\377\000I\000n\000t\000e\000l\000l\000i\000g\000e\000n\000t\000\040\000R\000e\000-\000R\000u\000n\000n\000i\000n\000g}{section.10}% 81
\BOOKMARK [2][-]{subsection.10.11}{\376\377\000C\000o\000m\000m\000i\000t\000t\000i\000n\000g\000\040\000P\000i\000p\000e\000l\000i\000n\000e\000\040\000t\000o\000\040\000G\000i\000t}{section.10}% 82
\BOOKMARK [1][-]{section.11}{\376\377\000A\000d\000d\000i\000n\000g\000\040\000C\000o\000n\000f\000i\000g\000u\000r\000a\000b\000l\000e\000\040\000P\000a\000r\000a\000m\000e\000t\000e\000r\000s}{}% 83
\BOOKMARK [2][-]{subsection.11.1}{\376\377\000W\000h\000y\000\040\000P\000a\000r\000a\000m\000e\000t\000e\000r\000i\000z\000e\000?}{section.11}% 84
\BOOKMARK [2][-]{subsection.11.2}{\376\377\000C\000r\000e\000a\000t\000i\000n\000g\000\040\000p\000a\000r\000a\000m\000s\000.\000y\000a\000m\000l}{section.11}% 85
\BOOKMARK [2][-]{subsection.11.3}{\376\377\000U\000p\000d\000a\000t\000i\000n\000g\000\040\000d\000v\000c\000.\000y\000a\000m\000l\000\040\000w\000i\000t\000h\000\040\000P\000a\000r\000a\000m\000e\000t\000e\000r\000s}{section.11}% 86
\BOOKMARK [2][-]{subsection.11.4}{\376\377\000L\000o\000a\000d\000i\000n\000g\000\040\000P\000a\000r\000a\000m\000e\000t\000e\000r\000s\000\040\000i\000n\000\040\000P\000y\000t\000h\000o\000n\000\040\000C\000o\000d\000e}{section.11}% 87
\BOOKMARK [2][-]{subsection.11.5}{\376\377\000U\000p\000d\000a\000t\000e\000d\000\040\000M\000o\000d\000u\000l\000e\000\040\000I\000m\000p\000l\000e\000m\000e\000n\000t\000a\000t\000i\000o\000n\000s}{section.11}% 88
\BOOKMARK [3][-]{subsubsection.11.5.1}{\376\377\000D\000a\000t\000a\000\137\000I\000n\000g\000e\000s\000t\000i\000o\000n\000.\000p\000y\000\040\000C\000h\000a\000n\000g\000e\000s}{subsection.11.5}% 89
\BOOKMARK [3][-]{subsubsection.11.5.2}{\376\377\000F\000e\000a\000t\000u\000r\000e\000\137\000E\000n\000g\000i\000n\000e\000e\000r\000i\000n\000g\000.\000p\000y\000\040\000C\000h\000a\000n\000g\000e\000s}{subsection.11.5}% 90
\BOOKMARK [3][-]{subsubsection.11.5.3}{\376\377\000M\000o\000d\000e\000l\000\137\000B\000u\000i\000l\000d\000i\000n\000g\000.\000p\000y\000\040\000C\000h\000a\000n\000g\000e\000s}{subsection.11.5}% 91
\BOOKMARK [2][-]{subsection.11.6}{\376\377\000T\000e\000s\000t\000i\000n\000g\000\040\000P\000a\000r\000a\000m\000e\000t\000e\000r\000i\000z\000e\000d\000\040\000P\000i\000p\000e\000l\000i\000n\000e}{section.11}% 92
\BOOKMARK [2][-]{subsection.11.7}{\376\377\000B\000e\000n\000e\000f\000i\000t\000s\000\040\000o\000f\000\040\000P\000a\000r\000a\000m\000e\000t\000e\000r\000i\000z\000a\000t\000i\000o\000n}{section.11}% 93
\BOOKMARK [2][-]{subsection.11.8}{\376\377\000C\000o\000m\000m\000i\000t\000\040\000P\000a\000r\000a\000m\000e\000t\000e\000r\000i\000z\000e\000d\000\040\000P\000i\000p\000e\000l\000i\000n\000e}{section.11}% 94
\BOOKMARK [1][-]{section.12}{\376\377\000E\000x\000p\000e\000r\000i\000m\000e\000n\000t\000\040\000T\000r\000a\000c\000k\000i\000n\000g\000\040\000w\000i\000t\000h\000\040\000D\000V\000C\000L\000i\000v\000e}{}% 95
\BOOKMARK [2][-]{subsection.12.1}{\376\377\000W\000h\000a\000t\000\040\000i\000s\000\040\000D\000V\000C\000L\000i\000v\000e\000?}{section.12}% 96
\BOOKMARK [2][-]{subsection.12.2}{\376\377\000I\000n\000s\000t\000a\000l\000l\000a\000t\000i\000o\000n}{section.12}% 97
\BOOKMARK [2][-]{subsection.12.3}{\376\377\000U\000p\000d\000a\000t\000i\000n\000g\000\040\000M\000o\000d\000e\000l\000\137\000E\000v\000a\000l\000u\000a\000t\000i\000o\000n\000.\000p\000y}{section.12}% 98
\BOOKMARK [2][-]{subsection.12.4}{\376\377\000U\000n\000d\000e\000r\000s\000t\000a\000n\000d\000i\000n\000g\000\040\000D\000V\000C\000L\000i\000v\000e\000\040\000C\000o\000d\000e}{section.12}% 99
\BOOKMARK [3][-]{subsubsection.12.4.1}{\376\377\000T\000h\000e\000\040\000L\000i\000v\000e\000\040\000C\000o\000n\000t\000e\000x\000t\000\040\000M\000a\000n\000a\000g\000e\000r}{subsection.12.4}% 100
\BOOKMARK [3][-]{subsubsection.12.4.2}{\376\377\000L\000o\000g\000g\000i\000n\000g\000\040\000M\000e\000t\000r\000i\000c\000s}{subsection.12.4}% 101
\BOOKMARK [3][-]{subsubsection.12.4.3}{\376\377\000L\000o\000g\000g\000i\000n\000g\000\040\000P\000a\000r\000a\000m\000e\000t\000e\000r\000s}{subsection.12.4}% 102
\BOOKMARK [2][-]{subsection.12.5}{\376\377\000R\000u\000n\000n\000i\000n\000g\000\040\000E\000x\000p\000e\000r\000i\000m\000e\000n\000t\000s}{section.12}% 103
\BOOKMARK [2][-]{subsection.12.6}{\376\377\000V\000i\000e\000w\000i\000n\000g\000\040\000E\000x\000p\000e\000r\000i\000m\000e\000n\000t\000s}{section.12}% 104
\BOOKMARK [3][-]{subsubsection.12.6.1}{\376\377\000C\000o\000m\000m\000a\000n\000d\000\040\000L\000i\000n\000e}{subsection.12.6}% 105
\BOOKMARK [3][-]{subsubsection.12.6.2}{\376\377\000V\000S\000\040\000C\000o\000d\000e\000\040\000E\000x\000t\000e\000n\000s\000i\000o\000n}{subsection.12.6}% 106
\BOOKMARK [2][-]{subsection.12.7}{\376\377\000T\000h\000e\000\040\000d\000v\000c\000l\000i\000v\000e\000/\000\040\000D\000i\000r\000e\000c\000t\000o\000r\000y}{section.12}% 107
\BOOKMARK [2][-]{subsection.12.8}{\376\377\000R\000u\000n\000n\000i\000n\000g\000\040\000M\000u\000l\000t\000i\000p\000l\000e\000\040\000E\000x\000p\000e\000r\000i\000m\000e\000n\000t\000s}{section.12}% 108
\BOOKMARK [3][-]{subsubsection.12.8.1}{\376\377\000E\000x\000p\000e\000r\000i\000m\000e\000n\000t\000\040\0001\000:\000\040\000B\000a\000s\000e\000l\000i\000n\000e}{subsection.12.8}% 109
\BOOKMARK [3][-]{subsubsection.12.8.2}{\376\377\000E\000x\000p\000e\000r\000i\000m\000e\000n\000t\000\040\0002\000:\000\040\000M\000o\000r\000e\000\040\000T\000r\000e\000e\000s}{subsection.12.8}% 110
\BOOKMARK [3][-]{subsubsection.12.8.3}{\376\377\000E\000x\000p\000e\000r\000i\000m\000e\000n\000t\000\040\0003\000:\000\040\000D\000i\000f\000f\000e\000r\000e\000n\000t\000\040\000F\000e\000a\000t\000u\000r\000e\000s}{subsection.12.8}% 111
\BOOKMARK [2][-]{subsection.12.9}{\376\377\000C\000o\000m\000p\000a\000r\000i\000n\000g\000\040\000E\000x\000p\000e\000r\000i\000m\000e\000n\000t\000s}{section.12}% 112
\BOOKMARK [2][-]{subsection.12.10}{\376\377\000A\000p\000p\000l\000y\000i\000n\000g\000\040\000a\000n\000\040\000E\000x\000p\000e\000r\000i\000m\000e\000n\000t}{section.12}% 113
\BOOKMARK [2][-]{subsection.12.11}{\376\377\000R\000e\000m\000o\000v\000i\000n\000g\000\040\000E\000x\000p\000e\000r\000i\000m\000e\000n\000t\000s}{section.12}% 114
\BOOKMARK [2][-]{subsection.12.12}{\376\377\000B\000e\000s\000t\000\040\000P\000r\000a\000c\000t\000i\000c\000e\000s\000\040\000f\000o\000r\000\040\000E\000x\000p\000e\000r\000i\000m\000e\000n\000t\000a\000t\000i\000o\000n}{section.12}% 115
\BOOKMARK [1][-]{section.13}{\376\377\000A\000W\000S\000\040\000S\0003\000\040\000I\000n\000t\000e\000g\000r\000a\000t\000i\000o\000n\000\040\000f\000o\000r\000\040\000R\000e\000m\000o\000t\000e\000\040\000S\000t\000o\000r\000a\000g\000e}{}% 116
\BOOKMARK [2][-]{subsection.13.1}{\376\377\000W\000h\000y\000\040\000R\000e\000m\000o\000t\000e\000\040\000S\000t\000o\000r\000a\000g\000e\000?}{section.13}% 117
\BOOKMARK [2][-]{subsection.13.2}{\376\377\000A\000W\000S\000\040\000S\000e\000t\000u\000p\000\040\000P\000r\000e\000r\000e\000q\000u\000i\000s\000i\000t\000e\000s}{section.13}% 118
\BOOKMARK [2][-]{subsection.13.3}{\376\377\000S\000t\000e\000p\000-\000b\000y\000-\000S\000t\000e\000p\000\040\000A\000W\000S\000\040\000C\000o\000n\000f\000i\000g\000u\000r\000a\000t\000i\000o\000n}{section.13}% 119
\BOOKMARK [3][-]{subsubsection.13.3.1}{\376\377\000S\000t\000e\000p\000\040\0001\000:\000\040\000C\000r\000e\000a\000t\000e\000\040\000I\000A\000M\000\040\000U\000s\000e\000r}{subsection.13.3}% 120
\BOOKMARK [3][-]{subsubsection.13.3.2}{\376\377\000S\000t\000e\000p\000\040\0002\000:\000\040\000C\000r\000e\000a\000t\000e\000\040\000S\0003\000\040\000B\000u\000c\000k\000e\000t}{subsection.13.3}% 121
\BOOKMARK [3][-]{subsubsection.13.3.3}{\376\377\000S\000t\000e\000p\000\040\0003\000:\000\040\000I\000n\000s\000t\000a\000l\000l\000\040\000A\000W\000S\000\040\000C\000L\000I\000\040\000a\000n\000d\000\040\000D\000V\000C\000\040\000S\0003\000\040\000S\000u\000p\000p\000o\000r\000t}{subsection.13.3}% 122
\BOOKMARK [3][-]{subsubsection.13.3.4}{\376\377\000S\000t\000e\000p\000\040\0004\000:\000\040\000C\000o\000n\000f\000i\000g\000u\000r\000e\000\040\000A\000W\000S\000\040\000C\000r\000e\000d\000e\000n\000t\000i\000a\000l\000s}{subsection.13.3}% 123
\BOOKMARK [3][-]{subsubsection.13.3.5}{\376\377\000S\000t\000e\000p\000\040\0005\000:\000\040\000A\000d\000d\000\040\000S\0003\000\040\000R\000e\000m\000o\000t\000e\000\040\000t\000o\000\040\000D\000V\000C}{subsection.13.3}% 124
\BOOKMARK [2][-]{subsection.13.4}{\376\377\000P\000u\000s\000h\000i\000n\000g\000\040\000D\000a\000t\000a\000\040\000t\000o\000\040\000S\0003}{section.13}% 125
\BOOKMARK [3][-]{subsubsection.13.4.1}{\376\377\000I\000n\000i\000t\000i\000a\000l\000\040\000P\000u\000s\000h}{subsection.13.4}% 126
\BOOKMARK [2][-]{subsection.13.5}{\376\377\000U\000n\000d\000e\000r\000s\000t\000a\000n\000d\000i\000n\000g\000\040\000S\0003\000\040\000S\000t\000o\000r\000a\000g\000e\000\040\000S\000t\000r\000u\000c\000t\000u\000r\000e}{section.13}% 127
\BOOKMARK [2][-]{subsection.13.6}{\376\377\000P\000u\000l\000l\000i\000n\000g\000\040\000D\000a\000t\000a\000\040\000f\000r\000o\000m\000\040\000S\0003}{section.13}% 128
\BOOKMARK [3][-]{subsubsection.13.6.1}{\376\377\000C\000l\000o\000n\000i\000n\000g\000\040\000P\000r\000o\000j\000e\000c\000t\000\040\000o\000n\000\040\000N\000e\000w\000\040\000M\000a\000c\000h\000i\000n\000e}{subsection.13.6}% 129
\BOOKMARK [2][-]{subsection.13.7}{\376\377\000C\000o\000m\000p\000l\000e\000t\000e\000\040\000E\000x\000p\000e\000r\000i\000m\000e\000n\000t\000\040\000W\000o\000r\000k\000f\000l\000o\000w\000\040\000w\000i\000t\000h\000\040\000S\0003}{section.13}% 130
\BOOKMARK [2][-]{subsection.13.8}{\376\377\000K\000e\000y\000\040\000C\000o\000n\000c\000e\000p\000t\000s\000:\000\040\000G\000i\000t\000\040\000v\000s\000\040\000D\000V\000C\000\040\000v\000s\000\040\000S\0003}{section.13}% 131
\BOOKMARK [2][-]{subsection.13.9}{\376\377\000C\000o\000n\000f\000i\000g\000u\000r\000i\000n\000g\000\040\000R\000e\000m\000o\000t\000e\000\040\000i\000n\000\040\000.\000d\000v\000c\000/\000c\000o\000n\000f\000i\000g}{section.13}% 132
\BOOKMARK [2][-]{subsection.13.10}{\376\377\000V\000e\000r\000i\000f\000y\000i\000n\000g\000\040\000S\0003\000\040\000U\000p\000l\000o\000a\000d}{section.13}% 133
\BOOKMARK [2][-]{subsection.13.11}{\376\377\000A\000l\000t\000e\000r\000n\000a\000t\000i\000v\000e\000:\000\040\000U\000s\000i\000n\000g\000\040\000D\000V\000C\000\040\000w\000i\000t\000h\000\040\000O\000t\000h\000e\000r\000\040\000S\000t\000o\000r\000a\000g\000e}{section.13}% 134
\BOOKMARK [1][-]{section.14}{\376\377\000W\000h\000a\000t\000\040\000d\000o\000e\000s\000\040\000d\000v\000c\000\040\000p\000u\000s\000h\000\040\000a\000c\000t\000u\000a\000l\000l\000y\000\040\000p\000u\000s\000h\000?}{}% 135
\BOOKMARK [2][-]{subsection.14.1}{\376\377\000W\000h\000a\000t\000\040\000E\000x\000a\000c\000t\000l\000y\000\040\000D\000o\000e\000s\000\040\000d\000v\000c\000\040\000p\000u\000s\000h\000\040\000U\000p\000l\000o\000a\000d\000?}{section.14}% 136
\BOOKMARK [3][-]{subsubsection.14.1.1}{\376\377\000H\000o\000w\000\040\000D\000V\000C\000\040\000D\000e\000c\000i\000d\000e\000s\000\040\000W\000h\000a\000t\000\040\000t\000o\000\040\000P\000u\000s\000h}{subsection.14.1}% 137
\BOOKMARK [3][-]{subsubsection.14.1.2}{\376\377\000W\000h\000a\000t\000\040\000G\000e\000t\000s\000\040\000P\000u\000s\000h\000e\000d}{subsection.14.1}% 138
\BOOKMARK [3][-]{subsubsection.14.1.3}{\376\377\000W\000h\000a\000t\000\040\000D\000o\000e\000s\000\040\000N\000O\000T\000\040\000G\000e\000t\000\040\000P\000u\000s\000h\000e\000d}{subsection.14.1}% 139
\BOOKMARK [3][-]{subsubsection.14.1.4}{\376\377\000E\000x\000a\000m\000p\000l\000e\000:\000\040\000M\000u\000l\000t\000i\000p\000l\000e\000\040\000E\000x\000p\000e\000r\000i\000m\000e\000n\000t\000s}{subsection.14.1}% 140
\BOOKMARK [3][-]{subsubsection.14.1.5}{\376\377\000P\000u\000s\000h\000i\000n\000g\000\040\000D\000a\000t\000a\000\040\000f\000o\000r\000\040\000A\000l\000l\000\040\000C\000o\000m\000m\000i\000t\000s}{subsection.14.1}% 141
\BOOKMARK [2][-]{subsection.14.2}{\376\377\000S\000u\000m\000m\000a\000r\000y}{section.14}% 142
\BOOKMARK [1][-]{section.15}{\376\377\000C\000o\000m\000p\000l\000e\000t\000e\000\040\000M\000L\000O\000p\000s\000\040\000W\000o\000r\000k\000f\000l\000o\000w\000\040\000S\000u\000m\000m\000a\000r\000y}{}% 143
\BOOKMARK [2][-]{subsection.15.1}{\376\377\000R\000u\000n\000n\000i\000n\000g\000\040\000M\000u\000l\000t\000i\000p\000l\000e\000\040\000E\000x\000p\000e\000r\000i\000m\000e\000n\000t\000s\000\040\000w\000i\000t\000h\000\040\000D\000V\000C\000L\000i\000v\000e}{section.15}% 144
\BOOKMARK [2][-]{subsection.15.2}{\376\377\000C\000o\000r\000r\000e\000c\000t\000\040\000W\000o\000r\000k\000f\000l\000o\000w\000:\000\040\000C\000o\000m\000p\000a\000r\000e\000\040\000a\000n\000d\000\040\000A\000p\000p\000l\000y\000\040\000B\000e\000s\000t\000\040\000E\000x\000p\000e\000r\000i\000m\000e\000n\000t}{section.15}% 145
\BOOKMARK [2][-]{subsection.15.3}{\376\377\000W\000h\000y\000\040\000T\000h\000i\000s\000\040\000M\000a\000t\000t\000e\000r\000s\000\040\000f\000o\000r\000\040\000R\000o\000l\000l\000b\000a\000c\000k}{section.15}% 146
\BOOKMARK [2][-]{subsection.15.4}{\376\377\000R\000o\000l\000l\000b\000a\000c\000k\000\040\000P\000r\000o\000c\000e\000d\000u\000r\000e}{section.15}% 147
\BOOKMARK [2][-]{subsection.15.5}{\376\377\000C\000o\000m\000p\000l\000e\000t\000e\000\040\000C\000o\000m\000m\000a\000n\000d\000\040\000R\000e\000f\000e\000r\000e\000n\000c\000e}{section.15}% 148
\BOOKMARK [2][-]{subsection.15.6}{\376\377\000U\000n\000d\000e\000r\000s\000t\000a\000n\000d\000i\000n\000g\000\040\000D\000V\000C\000L\000i\000v\000e\000\040\000a\000n\000d\000\040\000L\000o\000c\000a\000l\000\040\000E\000x\000p\000e\000r\000i\000m\000e\000n\000t\000s}{section.15}% 149
\BOOKMARK [2][-]{subsection.15.7}{\376\377\000W\000o\000r\000k\000f\000l\000o\000w\000\040\000V\000i\000s\000u\000a\000l\000i\000z\000a\000t\000i\000o\000n}{section.15}% 150
\BOOKMARK [2][-]{subsection.15.8}{\376\377\000W\000h\000e\000n\000\040\000t\000o\000\040\000U\000s\000e\000\040\000M\000L\000f\000l\000o\000w}{section.15}% 151
\BOOKMARK [1][-]{section.16}{\376\377\000C\000o\000m\000m\000o\000n\000\040\000I\000s\000s\000u\000e\000s\000\040\000a\000n\000d\000\040\000T\000r\000o\000u\000b\000l\000e\000s\000h\000o\000o\000t\000i\000n\000g}{}% 152
\BOOKMARK [2][-]{subsection.16.1}{\376\377\000D\000V\000C\000\040\000I\000s\000s\000u\000e\000s}{section.16}% 153
\BOOKMARK [3][-]{subsubsection.16.1.1}{\376\377\000I\000s\000s\000u\000e\000:\000\040\000"\000S\000t\000a\000g\000e\000\040\000d\000i\000d\000n\000'\000t\000\040\000c\000h\000a\000n\000g\000e\000,\000\040\000s\000k\000i\000p\000p\000i\000n\000g\000"}{subsection.16.1}% 154
\BOOKMARK [3][-]{subsubsection.16.1.2}{\376\377\000I\000s\000s\000u\000e\000:\000\040\000"\000F\000a\000i\000l\000e\000d\000\040\000t\000o\000\040\000p\000u\000s\000h\000\040\000d\000a\000t\000a\000"}{subsection.16.1}% 155
\BOOKMARK [3][-]{subsubsection.16.1.3}{\376\377\000I\000s\000s\000u\000e\000:\000\040\000"\000F\000i\000l\000e\000\040\000n\000o\000t\000\040\000f\000o\000u\000n\000d\000"\000\040\000d\000u\000r\000i\000n\000g\000\040\000d\000v\000c\000\040\000p\000u\000l\000l}{subsection.16.1}% 156
\BOOKMARK [2][-]{subsection.16.2}{\376\377\000G\000i\000t\000\040\000I\000s\000s\000u\000e\000s}{section.16}% 157
\BOOKMARK [3][-]{subsubsection.16.2.1}{\376\377\000I\000s\000s\000u\000e\000:\000\040\000L\000a\000r\000g\000e\000\040\000f\000i\000l\000e\000s\000\040\000i\000n\000\040\000G\000i\000t}{subsection.16.2}% 158
\BOOKMARK [3][-]{subsubsection.16.2.2}{\376\377\000I\000s\000s\000u\000e\000:\000\040\000M\000e\000r\000g\000e\000\040\000c\000o\000n\000f\000l\000i\000c\000t\000s\000\040\000i\000n\000\040\000d\000v\000c\000.\000l\000o\000c\000k}{subsection.16.2}% 159
\BOOKMARK [2][-]{subsection.16.3}{\376\377\000P\000y\000t\000h\000o\000n\000\040\000I\000s\000s\000u\000e\000s}{section.16}% 160
\BOOKMARK [3][-]{subsubsection.16.3.1}{\376\377\000I\000s\000s\000u\000e\000:\000\040\000I\000m\000p\000o\000r\000t\000\040\000e\000r\000r\000o\000r\000s}{subsection.16.3}% 161
\BOOKMARK [3][-]{subsubsection.16.3.2}{\376\377\000I\000s\000s\000u\000e\000:\000\040\000N\000L\000T\000K\000\040\000d\000a\000t\000a\000\040\000n\000o\000t\000\040\000f\000o\000u\000n\000d}{subsection.16.3}% 162
\BOOKMARK [2][-]{subsection.16.4}{\376\377\000A\000W\000S\000\040\000I\000s\000s\000u\000e\000s}{section.16}% 163
\BOOKMARK [3][-]{subsubsection.16.4.1}{\376\377\000I\000s\000s\000u\000e\000:\000\040\000"\000A\000c\000c\000e\000s\000s\000\040\000D\000e\000n\000i\000e\000d\000"\000\040\000o\000n\000\040\000S\0003}{subsection.16.4}% 164
\BOOKMARK [3][-]{subsubsection.16.4.2}{\376\377\000I\000s\000s\000u\000e\000:\000\040\000W\000r\000o\000n\000g\000\040\000r\000e\000g\000i\000o\000n}{subsection.16.4}% 165
\BOOKMARK [2][-]{subsection.16.5}{\376\377\000E\000x\000p\000e\000r\000i\000m\000e\000n\000t\000\040\000T\000r\000a\000c\000k\000i\000n\000g\000\040\000I\000s\000s\000u\000e\000s}{section.16}% 166
\BOOKMARK [3][-]{subsubsection.16.5.1}{\376\377\000I\000s\000s\000u\000e\000:\000\040\000E\000x\000p\000e\000r\000i\000m\000e\000n\000t\000s\000\040\000n\000o\000t\000\040\000s\000h\000o\000w\000i\000n\000g}{subsection.16.5}% 167
\BOOKMARK [3][-]{subsubsection.16.5.2}{\376\377\000I\000s\000s\000u\000e\000:\000\040\000D\000V\000C\000L\000i\000v\000e\000\040\000n\000o\000t\000\040\000l\000o\000g\000g\000i\000n\000g}{subsection.16.5}% 168
\BOOKMARK [1][-]{section.17}{\376\377\000M\000L\000O\000p\000s\000\040\000B\000e\000s\000t\000\040\000P\000r\000a\000c\000t\000i\000c\000e\000s}{}% 169
\BOOKMARK [2][-]{subsection.17.1}{\376\377\000C\000o\000d\000e\000\040\000O\000r\000g\000a\000n\000i\000z\000a\000t\000i\000o\000n\000\040\000B\000e\000s\000t\000\040\000P\000r\000a\000c\000t\000i\000c\000e\000s}{section.17}% 170
\BOOKMARK [3][-]{subsubsection.17.1.1}{\376\377\000M\000o\000d\000u\000l\000a\000r\000\040\000D\000e\000s\000i\000g\000n\000\040\000P\000r\000i\000n\000c\000i\000p\000l\000e\000s}{subsection.17.1}% 171
\BOOKMARK [3][-]{subsubsection.17.1.2}{\376\377\000L\000o\000g\000g\000i\000n\000g\000\040\000B\000e\000s\000t\000\040\000P\000r\000a\000c\000t\000i\000c\000e\000s}{subsection.17.1}% 172
\BOOKMARK [3][-]{subsubsection.17.1.3}{\376\377\000E\000r\000r\000o\000r\000\040\000H\000a\000n\000d\000l\000i\000n\000g\000\040\000P\000a\000t\000t\000e\000r\000n\000s}{subsection.17.1}% 173
\BOOKMARK [2][-]{subsection.17.2}{\376\377\000D\000a\000t\000a\000\040\000M\000a\000n\000a\000g\000e\000m\000e\000n\000t\000\040\000B\000e\000s\000t\000\040\000P\000r\000a\000c\000t\000i\000c\000e\000s}{section.17}% 174
\BOOKMARK [3][-]{subsubsection.17.2.1}{\376\377\000D\000i\000r\000e\000c\000t\000o\000r\000y\000\040\000S\000t\000r\000u\000c\000t\000u\000r\000e\000\040\000P\000h\000i\000l\000o\000s\000o\000p\000h\000y}{subsection.17.2}% 175
\BOOKMARK [3][-]{subsubsection.17.2.2}{\376\377\000D\000a\000t\000a\000\040\000V\000e\000r\000s\000i\000o\000n\000i\000n\000g\000\040\000S\000t\000r\000a\000t\000e\000g\000y}{subsection.17.2}% 176
\BOOKMARK [3][-]{subsubsection.17.2.3}{\376\377\000D\000a\000t\000a\000\040\000V\000a\000l\000i\000d\000a\000t\000i\000o\000n}{subsection.17.2}% 177
\BOOKMARK [2][-]{subsection.17.3}{\376\377\000E\000x\000p\000e\000r\000i\000m\000e\000n\000t\000\040\000M\000a\000n\000a\000g\000e\000m\000e\000n\000t\000\040\000B\000e\000s\000t\000\040\000P\000r\000a\000c\000t\000i\000c\000e\000s}{section.17}% 178
\BOOKMARK [3][-]{subsubsection.17.3.1}{\376\377\000N\000a\000m\000i\000n\000g\000\040\000C\000o\000n\000v\000e\000n\000t\000i\000o\000n\000s}{subsection.17.3}% 179
\BOOKMARK [3][-]{subsubsection.17.3.2}{\376\377\000P\000a\000r\000a\000m\000e\000t\000e\000r\000\040\000M\000a\000n\000a\000g\000e\000m\000e\000n\000t}{subsection.17.3}% 180
\BOOKMARK [3][-]{subsubsection.17.3.3}{\376\377\000M\000e\000t\000r\000i\000c\000\040\000T\000r\000a\000c\000k\000i\000n\000g}{subsection.17.3}% 181
\BOOKMARK [2][-]{subsection.17.4}{\376\377\000C\000o\000l\000l\000a\000b\000o\000r\000a\000t\000i\000o\000n\000\040\000B\000e\000s\000t\000\040\000P\000r\000a\000c\000t\000i\000c\000e\000s}{section.17}% 182
\BOOKMARK [3][-]{subsubsection.17.4.1}{\376\377\000D\000o\000c\000u\000m\000e\000n\000t\000a\000t\000i\000o\000n\000\040\000S\000t\000a\000n\000d\000a\000r\000d\000s}{subsection.17.4}% 183
\BOOKMARK [3][-]{subsubsection.17.4.2}{\376\377\000C\000o\000d\000e\000\040\000R\000e\000v\000i\000e\000w\000\040\000P\000r\000o\000c\000e\000s\000s}{subsection.17.4}% 184
\BOOKMARK [3][-]{subsubsection.17.4.3}{\376\377\000T\000e\000a\000m\000\040\000C\000o\000m\000m\000u\000n\000i\000c\000a\000t\000i\000o\000n}{subsection.17.4}% 185
\BOOKMARK [2][-]{subsection.17.5}{\376\377\000S\000e\000c\000u\000r\000i\000t\000y\000\040\000a\000n\000d\000\040\000C\000o\000m\000p\000l\000i\000a\000n\000c\000e}{section.17}% 186
\BOOKMARK [3][-]{subsubsection.17.5.1}{\376\377\000C\000r\000e\000d\000e\000n\000t\000i\000a\000l\000\040\000M\000a\000n\000a\000g\000e\000m\000e\000n\000t}{subsection.17.5}% 187
\BOOKMARK [3][-]{subsubsection.17.5.2}{\376\377\000D\000a\000t\000a\000\040\000P\000r\000i\000v\000a\000c\000y}{subsection.17.5}% 188
\BOOKMARK [2][-]{subsection.17.6}{\376\377\000P\000e\000r\000f\000o\000r\000m\000a\000n\000c\000e\000\040\000O\000p\000t\000i\000m\000i\000z\000a\000t\000i\000o\000n}{section.17}% 189
\BOOKMARK [3][-]{subsubsection.17.6.1}{\376\377\000C\000a\000c\000h\000i\000n\000g\000\040\000S\000t\000r\000a\000t\000e\000g\000i\000e\000s}{subsection.17.6}% 190
\BOOKMARK [3][-]{subsubsection.17.6.2}{\376\377\000M\000e\000m\000o\000r\000y\000\040\000M\000a\000n\000a\000g\000e\000m\000e\000n\000t}{subsection.17.6}% 191
\BOOKMARK [2][-]{subsection.17.7}{\376\377\000C\000o\000m\000m\000o\000n\000\040\000P\000i\000t\000f\000a\000l\000l\000s\000\040\000t\000o\000\040\000A\000v\000o\000i\000d}{section.17}% 192
\BOOKMARK [1][-]{section.18}{\376\377\000Q\000u\000i\000c\000k\000\040\000R\000e\000f\000e\000r\000e\000n\000c\000e\000\040\000G\000u\000i\000d\000e}{}% 193
\BOOKMARK [2][-]{subsection.18.1}{\376\377\000E\000s\000s\000e\000n\000t\000i\000a\000l\000\040\000D\000V\000C\000\040\000C\000o\000m\000m\000a\000n\000d\000s}{section.18}% 194
\BOOKMARK [2][-]{subsection.18.2}{\376\377\000C\000o\000m\000p\000l\000e\000t\000e\000\040\000W\000o\000r\000k\000f\000l\000o\000w\000\040\000C\000h\000e\000a\000t\000\040\000S\000h\000e\000e\000t}{section.18}% 195
\BOOKMARK [3][-]{subsubsection.18.2.1}{\376\377\000I\000n\000i\000t\000i\000a\000l\000\040\000P\000r\000o\000j\000e\000c\000t\000\040\000S\000e\000t\000u\000p}{subsection.18.2}% 196
\BOOKMARK [3][-]{subsubsection.18.2.2}{\376\377\000F\000u\000l\000l\000\040\000E\000x\000p\000e\000r\000i\000m\000e\000n\000t\000\040\000W\000o\000r\000k\000f\000l\000o\000w}{subsection.18.2}% 197
\BOOKMARK [3][-]{subsubsection.18.2.3}{\376\377\000R\000o\000l\000l\000b\000a\000c\000k\000\040\000t\000o\000\040\000a\000\040\000P\000r\000o\000m\000o\000t\000e\000d\000\040\000\050\000C\000o\000m\000m\000i\000t\000t\000e\000d\000\051\000\040\000E\000x\000p\000e\000r\000i\000m\000e\000n\000t}{subsection.18.2}% 198
\BOOKMARK [3][-]{subsubsection.18.2.4}{\376\377\000A\000W\000S\000\040\000S\0003\000\040\000S\000e\000t\000u\000p\000\040\000W\000o\000r\000k\000f\000l\000o\000w}{subsection.18.2}% 199
\BOOKMARK [2][-]{subsection.18.3}{\376\377\000P\000r\000o\000j\000e\000c\000t\000\040\000S\000t\000r\000u\000c\000t\000u\000r\000e\000\040\000T\000e\000m\000p\000l\000a\000t\000e}{section.18}% 200
\BOOKMARK [2][-]{subsection.18.4}{\376\377\000K\000e\000y\000\040\000F\000i\000l\000e\000\040\000P\000u\000r\000p\000o\000s\000e\000s}{section.18}% 201
\BOOKMARK [2][-]{subsection.18.5}{\376\377\000G\000i\000t\000\040\000v\000s\000\040\000D\000V\000C\000\040\000T\000r\000a\000c\000k\000i\000n\000g}{section.18}% 202
\BOOKMARK [2][-]{subsection.18.6}{\376\377\000p\000a\000r\000a\000m\000s\000.\000y\000a\000m\000l\000\040\000T\000e\000m\000p\000l\000a\000t\000e}{section.18}% 203
\BOOKMARK [2][-]{subsection.18.7}{\376\377\000d\000v\000c\000.\000y\000a\000m\000l\000\040\000T\000e\000m\000p\000l\000a\000t\000e}{section.18}% 204
\BOOKMARK [2][-]{subsection.18.8}{\376\377\000C\000o\000m\000m\000o\000n\000\040\000C\000o\000m\000m\000a\000n\000d\000\040\000C\000o\000m\000b\000i\000n\000a\000t\000i\000o\000n\000s}{section.18}% 205
\BOOKMARK [1][-]{section.19}{\376\377\000C\000o\000n\000c\000l\000u\000s\000i\000o\000n\000\040\000a\000n\000d\000\040\000K\000e\000y\000\040\000T\000a\000k\000e\000a\000w\000a\000y\000s}{}% 206
\BOOKMARK [2][-]{subsection.19.1}{\376\377\000W\000h\000a\000t\000\040\000Y\000o\000u\000'\000v\000e\000\040\000A\000c\000c\000o\000m\000p\000l\000i\000s\000h\000e\000d}{section.19}% 207
\BOOKMARK [2][-]{subsection.19.2}{\376\377\000T\000h\000e\000\040\000M\000L\000O\000p\000s\000\040\000J\000o\000u\000r\000n\000e\000y\000:\000\040\000F\000r\000o\000m\000\040\000N\000o\000t\000e\000b\000o\000o\000k\000\040\000t\000o\000\040\000P\000r\000o\000d\000u\000c\000t\000i\000o\000n}{section.19}% 208
\BOOKMARK [2][-]{subsection.19.3}{\376\377\000C\000o\000r\000e\000\040\000P\000r\000i\000n\000c\000i\000p\000l\000e\000s\000\040\000Y\000o\000u\000'\000v\000e\000\040\000L\000e\000a\000r\000n\000e\000d}{section.19}% 209
\BOOKMARK [3][-]{subsubsection.19.3.1}{\376\377\0001\000.\000\040\000V\000e\000r\000s\000i\000o\000n\000\040\000E\000v\000e\000r\000y\000t\000h\000i\000n\000g}{subsection.19.3}% 210
\BOOKMARK [3][-]{subsubsection.19.3.2}{\376\377\0002\000.\000\040\000A\000u\000t\000o\000m\000a\000t\000e\000\040\000R\000e\000p\000e\000t\000i\000t\000i\000v\000e\000\040\000T\000a\000s\000k\000s}{subsection.19.3}% 211
\BOOKMARK [3][-]{subsubsection.19.3.3}{\376\377\0003\000.\000\040\000M\000a\000k\000e\000\040\000E\000v\000e\000r\000y\000t\000h\000i\000n\000g\000\040\000R\000e\000p\000r\000o\000d\000u\000c\000i\000b\000l\000e}{subsection.19.3}% 212
\BOOKMARK [3][-]{subsubsection.19.3.4}{\376\377\0004\000.\000\040\000T\000r\000a\000c\000k\000\040\000E\000x\000p\000e\000r\000i\000m\000e\000n\000t\000s\000\040\000S\000y\000s\000t\000e\000m\000a\000t\000i\000c\000a\000l\000l\000y}{subsection.19.3}% 213
\BOOKMARK [2][-]{subsection.19.4}{\376\377\000T\000h\000e\000\040\000C\000o\000m\000p\000l\000e\000t\000e\000\040\000W\000o\000r\000k\000f\000l\000o\000w\000\040\000V\000i\000s\000u\000a\000l\000i\000z\000a\000t\000i\000o\000n}{section.19}% 214
\BOOKMARK [2][-]{subsection.19.5}{\376\377\000K\000e\000y\000\040\000L\000e\000s\000s\000o\000n\000s\000\040\000L\000e\000a\000r\000n\000e\000d}{section.19}% 215
