\BOOKMARK [1][-]{section.1}{\376\377\000I\000n\000t\000r\000o\000d\000u\000c\000t\000i\000o\000n\000\040\000t\000o\000\040\000O\000b\000j\000e\000c\000t\000-\000O\000r\000i\000e\000n\000t\000e\000d\000\040\000P\000r\000o\000g\000r\000a\000m\000m\000i\000n\000g}{}% 1
\BOOKMARK [2][-]{subsection.1.1}{\376\377\000W\000h\000a\000t\000\040\000i\000s\000\040\000O\000O\000P\000?}{section.1}% 2
\BOOKMARK [3][-]{subsubsection.1.1.1}{\376\377\000K\000e\000y\000\040\000P\000r\000i\000n\000c\000i\000p\000l\000e\000s\000\040\000o\000f\000\040\000O\000O\000P}{subsection.1.1}% 3
\BOOKMARK [2][-]{subsection.1.2}{\376\377\000O\000O\000P\000\040\000v\000s\000\040\000S\000t\000r\000u\000c\000t\000u\000r\000e\000d\000\040\000P\000r\000o\000g\000r\000a\000m\000m\000i\000n\000g}{section.1}% 4
\BOOKMARK [2][-]{subsection.1.3}{\376\377\000W\000h\000y\000\040\000U\000s\000e\000\040\000O\000O\000P\000?}{section.1}% 5
\BOOKMARK [1][-]{section.2}{\376\377\000C\000l\000a\000s\000s\000e\000s\000\040\000a\000n\000d\000\040\000O\000b\000j\000e\000c\000t\000s}{}% 6
\BOOKMARK [2][-]{subsection.2.1}{\376\377\000U\000n\000d\000e\000r\000s\000t\000a\000n\000d\000i\000n\000g\000\040\000C\000l\000a\000s\000s\000e\000s\000\040\000a\000n\000d\000\040\000O\000b\000j\000e\000c\000t\000s}{section.2}% 7
\BOOKMARK [2][-]{subsection.2.2}{\376\377\000C\000r\000e\000a\000t\000i\000n\000g\000\040\000a\000\040\000C\000l\000a\000s\000s}{section.2}% 8
\BOOKMARK [3][-]{subsubsection.2.2.1}{\376\377\000B\000a\000s\000i\000c\000\040\000C\000l\000a\000s\000s\000\040\000S\000y\000n\000t\000a\000x}{subsection.2.2}% 9
\BOOKMARK [2][-]{subsection.2.3}{\376\377\000T\000h\000e\000\040\000C\000o\000n\000s\000t\000r\000u\000c\000t\000o\000r\000:\000\040\000\137\000\137\000i\000n\000i\000t\000\137\000\137\000\050\000\051}{section.2}% 10
\BOOKMARK [3][-]{subsubsection.2.3.1}{\376\377\000T\000y\000p\000e\000s\000\040\000o\000f\000\040\000C\000o\000n\000s\000t\000r\000u\000c\000t\000o\000r\000s}{subsection.2.3}% 11
\BOOKMARK [2][-]{subsection.2.4}{\376\377\000T\000h\000e\000\040\000s\000e\000l\000f\000\040\000P\000a\000r\000a\000m\000e\000t\000e\000r}{section.2}% 12
\BOOKMARK [1][-]{section.3}{\376\377\000A\000t\000t\000r\000i\000b\000u\000t\000e\000s\000\040\000a\000n\000d\000\040\000M\000e\000t\000h\000o\000d\000s}{}% 13
\BOOKMARK [2][-]{subsection.3.1}{\376\377\000I\000n\000s\000t\000a\000n\000c\000e\000\040\000A\000t\000t\000r\000i\000b\000u\000t\000e\000s}{section.3}% 14
\BOOKMARK [2][-]{subsection.3.2}{\376\377\000C\000l\000a\000s\000s\000\040\000A\000t\000t\000r\000i\000b\000u\000t\000e\000s\000\040\000\050\000S\000t\000a\000t\000i\000c\000\040\000V\000a\000r\000i\000a\000b\000l\000e\000s\000\051}{section.3}% 15
\BOOKMARK [2][-]{subsection.3.3}{\376\377\000I\000n\000s\000t\000a\000n\000c\000e\000\040\000A\000t\000t\000r\000i\000b\000u\000t\000e\000s\000\040\000v\000s\000\040\000C\000l\000a\000s\000s\000\040\000A\000t\000t\000r\000i\000b\000u\000t\000e\000s}{section.3}% 16
\BOOKMARK [2][-]{subsection.3.4}{\376\377\000C\000r\000e\000a\000t\000i\000n\000g\000\040\000A\000t\000t\000r\000i\000b\000u\000t\000e\000s\000\040\000f\000r\000o\000m\000\040\000O\000u\000t\000s\000i\000d\000e\000\040\000t\000h\000e\000\040\000C\000l\000a\000s\000s}{section.3}% 17
\BOOKMARK [1][-]{section.4}{\376\377\000M\000e\000t\000h\000o\000d\000s\000\040\000i\000n\000\040\000P\000y\000t\000h\000o\000n}{}% 18
\BOOKMARK [2][-]{subsection.4.1}{\376\377\000T\000y\000p\000e\000s\000\040\000o\000f\000\040\000M\000e\000t\000h\000o\000d\000s}{section.4}% 19
\BOOKMARK [2][-]{subsection.4.2}{\376\377\000I\000n\000s\000t\000a\000n\000c\000e\000\040\000M\000e\000t\000h\000o\000d\000s}{section.4}% 20
\BOOKMARK [2][-]{subsection.4.3}{\376\377\000C\000l\000a\000s\000s\000\040\000M\000e\000t\000h\000o\000d\000s}{section.4}% 21
\BOOKMARK [2][-]{subsection.4.4}{\376\377\000S\000t\000a\000t\000i\000c\000\040\000M\000e\000t\000h\000o\000d\000s}{section.4}% 22
\BOOKMARK [2][-]{subsection.4.5}{\376\377\000M\000e\000t\000h\000o\000d\000\040\000C\000o\000m\000p\000a\000r\000i\000s\000o\000n\000\040\000T\000a\000b\000l\000e}{section.4}% 23
\BOOKMARK [2][-]{subsection.4.6}{\376\377\000W\000h\000e\000n\000\040\000t\000o\000\040\000U\000s\000e\000\040\000E\000a\000c\000h\000\040\000M\000e\000t\000h\000o\000d\000\040\000T\000y\000p\000e}{section.4}% 24
\BOOKMARK [1][-]{section.5}{\376\377\000E\000n\000c\000a\000p\000s\000u\000l\000a\000t\000i\000o\000n\000\040\000a\000n\000d\000\040\000A\000c\000c\000e\000s\000s\000\040\000M\000o\000d\000i\000f\000i\000e\000r\000s}{}% 25
\BOOKMARK [2][-]{subsection.5.1}{\376\377\000W\000h\000a\000t\000\040\000i\000s\000\040\000E\000n\000c\000a\000p\000s\000u\000l\000a\000t\000i\000o\000n\000?}{section.5}% 26
\BOOKMARK [3][-]{subsubsection.5.1.1}{\376\377\000B\000e\000n\000e\000f\000i\000t\000s\000\040\000o\000f\000\040\000E\000n\000c\000a\000p\000s\000u\000l\000a\000t\000i\000o\000n}{subsection.5.1}% 27
\BOOKMARK [2][-]{subsection.5.2}{\376\377\000A\000c\000c\000e\000s\000s\000\040\000M\000o\000d\000i\000f\000i\000e\000r\000s\000\040\000i\000n\000\040\000P\000y\000t\000h\000o\000n}{section.5}% 28
\BOOKMARK [2][-]{subsection.5.3}{\376\377\000P\000u\000b\000l\000i\000c\000\040\000A\000t\000t\000r\000i\000b\000u\000t\000e\000s}{section.5}% 29
\BOOKMARK [2][-]{subsection.5.4}{\376\377\000P\000r\000o\000t\000e\000c\000t\000e\000d\000\040\000A\000t\000t\000r\000i\000b\000u\000t\000e\000s}{section.5}% 30
\BOOKMARK [2][-]{subsection.5.5}{\376\377\000P\000r\000i\000v\000a\000t\000e\000\040\000A\000t\000t\000r\000i\000b\000u\000t\000e\000s\000\040\000\050\000N\000a\000m\000e\000\040\000M\000a\000n\000g\000l\000i\000n\000g\000\051}{section.5}% 31
\BOOKMARK [2][-]{subsection.5.6}{\376\377\000C\000h\000e\000c\000k\000i\000n\000g\000\040\000A\000t\000t\000r\000i\000b\000u\000t\000e\000s\000\040\000w\000i\000t\000h\000\040\000d\000i\000r\000\050\000\051}{section.5}% 32
\BOOKMARK [2][-]{subsection.5.7}{\376\377\000G\000e\000t\000t\000e\000r\000s\000\040\000a\000n\000d\000\040\000S\000e\000t\000t\000e\000r\000s}{section.5}% 33
\BOOKMARK [1][-]{section.6}{\376\377\000M\000a\000g\000i\000c\000\040\000M\000e\000t\000h\000o\000d\000s\000\040\000\050\000D\000u\000n\000d\000e\000r\000\040\000M\000e\000t\000h\000o\000d\000s\000\051}{}% 34
\BOOKMARK [2][-]{subsection.6.1}{\376\377\000W\000h\000a\000t\000\040\000a\000r\000e\000\040\000M\000a\000g\000i\000c\000\040\000M\000e\000t\000h\000o\000d\000s\000?}{section.6}% 35
\BOOKMARK [2][-]{subsection.6.2}{\376\377\000C\000o\000m\000m\000o\000n\000\040\000M\000a\000g\000i\000c\000\040\000M\000e\000t\000h\000o\000d\000s}{section.6}% 36
\BOOKMARK [2][-]{subsection.6.3}{\376\377\000\137\000\137\000s\000t\000r\000\137\000\137\000\050\000\051\000\040\000v\000s\000\040\000\137\000\137\000r\000e\000p\000r\000\137\000\137\000\050\000\051}{section.6}% 37
\BOOKMARK [2][-]{subsection.6.4}{\376\377\000O\000p\000e\000r\000a\000t\000o\000r\000\040\000O\000v\000e\000r\000l\000o\000a\000d\000i\000n\000g}{section.6}% 38
\BOOKMARK [2][-]{subsection.6.5}{\376\377\000T\000h\000e\000\040\000D\000e\000s\000t\000r\000u\000c\000t\000o\000r\000:\000\040\000\137\000\137\000d\000e\000l\000\137\000\137\000\050\000\051}{section.6}% 39
\BOOKMARK [1][-]{section.7}{\376\377\000I\000n\000h\000e\000r\000i\000t\000a\000n\000c\000e}{}% 40
\BOOKMARK [2][-]{subsection.7.1}{\376\377\000W\000h\000a\000t\000\040\000i\000s\000\040\000I\000n\000h\000e\000r\000i\000t\000a\000n\000c\000e\000?}{section.7}% 41
\BOOKMARK [3][-]{subsubsection.7.1.1}{\376\377\000B\000e\000n\000e\000f\000i\000t\000s\000\040\000o\000f\000\040\000I\000n\000h\000e\000r\000i\000t\000a\000n\000c\000e}{subsection.7.1}% 42
\BOOKMARK [3][-]{subsubsection.7.1.2}{\376\377\000L\000i\000m\000i\000t\000a\000t\000i\000o\000n\000s\000\040\000o\000f\000\040\000I\000n\000h\000e\000r\000i\000t\000a\000n\000c\000e}{subsection.7.1}% 43
\BOOKMARK [2][-]{subsection.7.2}{\376\377\000B\000a\000s\000i\000c\000\040\000I\000n\000h\000e\000r\000i\000t\000a\000n\000c\000e\000\040\000S\000y\000n\000t\000a\000x}{section.7}% 44
\BOOKMARK [2][-]{subsection.7.3}{\376\377\000W\000h\000a\000t\000\040\000G\000e\000t\000s\000\040\000I\000n\000h\000e\000r\000i\000t\000e\000d\000?}{section.7}% 45
\BOOKMARK [2][-]{subsection.7.4}{\376\377\000C\000o\000n\000s\000t\000r\000u\000c\000t\000o\000r\000\040\000I\000n\000h\000e\000r\000i\000t\000a\000n\000c\000e}{section.7}% 46
\BOOKMARK [3][-]{subsubsection.7.4.1}{\376\377\000C\000a\000s\000e\000\040\0001\000:\000\040\000C\000h\000i\000l\000d\000\040\000H\000a\000s\000\040\000N\000o\000\040\000C\000o\000n\000s\000t\000r\000u\000c\000t\000o\000r}{subsection.7.4}% 47
\BOOKMARK [3][-]{subsubsection.7.4.2}{\376\377\000C\000a\000s\000e\000\040\0002\000:\000\040\000C\000h\000i\000l\000d\000\040\000H\000a\000s\000\040\000I\000t\000s\000\040\000O\000w\000n\000\040\000C\000o\000n\000s\000t\000r\000u\000c\000t\000o\000r}{subsection.7.4}% 48
\BOOKMARK [2][-]{subsection.7.5}{\376\377\000T\000h\000e\000\040\000s\000u\000p\000e\000r\000\050\000\051\000\040\000F\000u\000n\000c\000t\000i\000o\000n}{section.7}% 49
\BOOKMARK [2][-]{subsection.7.6}{\376\377\000M\000e\000t\000h\000o\000d\000\040\000O\000v\000e\000r\000r\000i\000d\000i\000n\000g}{section.7}% 50
\BOOKMARK [1][-]{section.8}{\376\377\000T\000y\000p\000e\000s\000\040\000o\000f\000\040\000I\000n\000h\000e\000r\000i\000t\000a\000n\000c\000e}{}% 51
\BOOKMARK [2][-]{subsection.8.1}{\376\377\0001\000.\000\040\000S\000i\000n\000g\000l\000e\000\040\000I\000n\000h\000e\000r\000i\000t\000a\000n\000c\000e}{section.8}% 52
\BOOKMARK [2][-]{subsection.8.2}{\376\377\0002\000.\000\040\000M\000u\000l\000t\000i\000l\000e\000v\000e\000l\000\040\000I\000n\000h\000e\000r\000i\000t\000a\000n\000c\000e}{section.8}% 53
\BOOKMARK [2][-]{subsection.8.3}{\376\377\0003\000.\000\040\000H\000i\000e\000r\000a\000r\000c\000h\000i\000c\000a\000l\000\040\000I\000n\000h\000e\000r\000i\000t\000a\000n\000c\000e}{section.8}% 54
\BOOKMARK [2][-]{subsection.8.4}{\376\377\0004\000.\000\040\000M\000u\000l\000t\000i\000p\000l\000e\000\040\000I\000n\000h\000e\000r\000i\000t\000a\000n\000c\000e}{section.8}% 55
\BOOKMARK [2][-]{subsection.8.5}{\376\377\0005\000.\000\040\000H\000y\000b\000r\000i\000d\000\040\000I\000n\000h\000e\000r\000i\000t\000a\000n\000c\000e}{section.8}% 56
\BOOKMARK [1][-]{section.9}{\376\377\000M\000e\000t\000h\000o\000d\000\040\000R\000e\000s\000o\000l\000u\000t\000i\000o\000n\000\040\000O\000r\000d\000e\000r\000\040\000\050\000M\000R\000O\000\051}{}% 57
\BOOKMARK [2][-]{subsection.9.1}{\376\377\000W\000h\000a\000t\000\040\000i\000s\000\040\000M\000R\000O\000?}{section.9}% 58
\BOOKMARK [2][-]{subsection.9.2}{\376\377\000T\000h\000e\000\040\000D\000i\000a\000m\000o\000n\000d\000\040\000P\000r\000o\000b\000l\000e\000m}{section.9}% 59
\BOOKMARK [2][-]{subsection.9.3}{\376\377\000H\000o\000w\000\040\000P\000y\000t\000h\000o\000n\000\040\000R\000e\000s\000o\000l\000v\000e\000s\000\040\000t\000h\000e\000\040\000D\000i\000a\000m\000o\000n\000d\000\040\000P\000r\000o\000b\000l\000e\000m}{section.9}% 60
\BOOKMARK [2][-]{subsection.9.4}{\376\377\000T\000h\000r\000e\000e\000\040\000C\000a\000s\000e\000s\000\040\000o\000f\000\040\000s\000u\000p\000e\000r\000\050\000\051\000\040\000C\000h\000a\000i\000n\000\040\000B\000e\000h\000a\000v\000i\000o\000r}{section.9}% 61
\BOOKMARK [3][-]{subsubsection.9.4.1}{\376\377\000C\000a\000s\000e\000\040\0001\000:\000\040\000C\000\040\000D\000o\000e\000s\000\040\000N\000O\000T\000\040\000C\000a\000l\000l\000\040\000s\000u\000p\000e\000r\000\050\000\051\000\040\000-\000\040\000C\000h\000a\000i\000n\000\040\000B\000r\000e\000a\000k\000s\000\040\000a\000t\000\040\000C}{subsection.9.4}% 62
\BOOKMARK [3][-]{subsubsection.9.4.2}{\376\377\000C\000a\000s\000e\000\040\0002\000:\000\040\000B\000o\000t\000h\000\040\000B\000\040\000a\000n\000d\000\040\000C\000\040\000C\000a\000l\000l\000\040\000s\000u\000p\000e\000r\000\050\000\051\000\040\000-\000\040\000C\000o\000m\000p\000l\000e\000t\000e\000\040\000C\000h\000a\000i\000n\000\040\000\050\000C\000O\000R\000R\000E\000C\000T\000\051}{subsection.9.4}% 63
\BOOKMARK [3][-]{subsubsection.9.4.3}{\376\377\000C\000a\000s\000e\000\040\0003\000:\000\040\000N\000e\000i\000t\000h\000e\000r\000\040\000B\000\040\000n\000o\000r\000\040\000C\000\040\000C\000a\000l\000l\000\040\000s\000u\000p\000e\000r\000\050\000\051\000\040\000-\000\040\000C\000h\000a\000i\000n\000\040\000B\000r\000e\000a\000k\000s\000\040\000a\000t\000\040\000B}{subsection.9.4}% 64
\BOOKMARK [2][-]{subsection.9.5}{\376\377\000S\000i\000d\000e\000-\000b\000y\000-\000S\000i\000d\000e\000\040\000C\000o\000m\000p\000a\000r\000i\000s\000o\000n}{section.9}% 65
\BOOKMARK [2][-]{subsection.9.6}{\376\377\000V\000i\000s\000u\000a\000l\000\040\000R\000e\000p\000r\000e\000s\000e\000n\000t\000a\000t\000i\000o\000n}{section.9}% 66
\BOOKMARK [2][-]{subsection.9.7}{\376\377\000K\000e\000y\000\040\000T\000a\000k\000e\000a\000w\000a\000y\000s}{section.9}% 67
\BOOKMARK [2][-]{subsection.9.8}{\376\377\000B\000e\000s\000t\000\040\000P\000r\000a\000c\000t\000i\000c\000e\000\040\000P\000a\000t\000t\000e\000r\000n}{section.9}% 68
\BOOKMARK [2][-]{subsection.9.9}{\376\377\000P\000r\000a\000c\000t\000i\000c\000a\000l\000\040\000E\000x\000a\000m\000p\000l\000e\000:\000\040\000W\000h\000y\000\040\000T\000h\000i\000s\000\040\000M\000a\000t\000t\000e\000r\000s}{section.9}% 69
\BOOKMARK [2][-]{subsection.9.10}{\376\377\000V\000i\000e\000w\000i\000n\000g\000\040\000M\000R\000O}{section.9}% 70
\BOOKMARK [1][-]{section.10}{\376\377\000P\000o\000l\000y\000m\000o\000r\000p\000h\000i\000s\000m}{}% 71
\BOOKMARK [2][-]{subsection.10.1}{\376\377\000W\000h\000a\000t\000\040\000i\000s\000\040\000P\000o\000l\000y\000m\000o\000r\000p\000h\000i\000s\000m\000?}{section.10}% 72
\BOOKMARK [3][-]{subsubsection.10.1.1}{\376\377\000T\000y\000p\000e\000s\000\040\000o\000f\000\040\000P\000o\000l\000y\000m\000o\000r\000p\000h\000i\000s\000m\000\040\000i\000n\000\040\000P\000y\000t\000h\000o\000n}{subsection.10.1}% 73
\BOOKMARK [2][-]{subsection.10.2}{\376\377\000M\000e\000t\000h\000o\000d\000\040\000O\000v\000e\000r\000r\000i\000d\000i\000n\000g}{section.10}% 74
\BOOKMARK [2][-]{subsection.10.3}{\376\377\000M\000e\000t\000h\000o\000d\000\040\000O\000v\000e\000r\000l\000o\000a\000d\000i\000n\000g\000\040\000\050\000S\000i\000m\000u\000l\000a\000t\000e\000d\000\051}{section.10}% 75
\BOOKMARK [2][-]{subsection.10.4}{\376\377\000O\000p\000e\000r\000a\000t\000o\000r\000\040\000O\000v\000e\000r\000l\000o\000a\000d\000i\000n\000g}{section.10}% 76
\BOOKMARK [1][-]{section.11}{\376\377\000A\000b\000s\000t\000r\000a\000c\000t\000i\000o\000n}{}% 77
\BOOKMARK [2][-]{subsection.11.1}{\376\377\000W\000h\000a\000t\000\040\000i\000s\000\040\000A\000b\000s\000t\000r\000a\000c\000t\000i\000o\000n\000?}{section.11}% 78
\BOOKMARK [2][-]{subsection.11.2}{\376\377\000A\000b\000s\000t\000r\000a\000c\000t\000\040\000B\000a\000s\000e\000\040\000C\000l\000a\000s\000s\000e\000s\000\040\000\050\000A\000B\000C\000\051}{section.11}% 79
\BOOKMARK [2][-]{subsection.11.3}{\376\377\000K\000e\000y\000\040\000P\000o\000i\000n\000t\000s\000\040\000A\000b\000o\000u\000t\000\040\000A\000b\000s\000t\000r\000a\000c\000t\000i\000o\000n}{section.11}% 80
\BOOKMARK [1][-]{section.12}{\376\377\000A\000g\000g\000r\000e\000g\000a\000t\000i\000o\000n\000\040\000\050\000H\000a\000s\000-\000A\000\040\000R\000e\000l\000a\000t\000i\000o\000n\000s\000h\000i\000p\000\051}{}% 81
\BOOKMARK [2][-]{subsection.12.1}{\376\377\000W\000h\000a\000t\000\040\000i\000s\000\040\000A\000g\000g\000r\000e\000g\000a\000t\000i\000o\000n\000?}{section.12}% 82
\BOOKMARK [2][-]{subsection.12.2}{\376\377\000A\000g\000g\000r\000e\000g\000a\000t\000i\000o\000n\000\040\000v\000s\000\040\000I\000n\000h\000e\000r\000i\000t\000a\000n\000c\000e}{section.12}% 83
\BOOKMARK [1][-]{section.13}{\376\377\000R\000e\000f\000e\000r\000e\000n\000c\000e\000\040\000V\000a\000r\000i\000a\000b\000l\000e\000s\000\040\000a\000n\000d\000\040\000O\000b\000j\000e\000c\000t\000\040\000B\000e\000h\000a\000v\000i\000o\000r}{}% 84
\BOOKMARK [2][-]{subsection.13.1}{\376\377\000R\000e\000f\000e\000r\000e\000n\000c\000e\000\040\000V\000a\000r\000i\000a\000b\000l\000e\000s}{section.13}% 85
\BOOKMARK [2][-]{subsection.13.2}{\376\377\000P\000a\000s\000s\000\040\000b\000y\000\040\000R\000e\000f\000e\000r\000e\000n\000c\000e}{section.13}% 86
\BOOKMARK [2][-]{subsection.13.3}{\376\377\000O\000b\000j\000e\000c\000t\000\040\000M\000u\000t\000a\000b\000i\000l\000i\000t\000y}{section.13}% 87
\BOOKMARK [2][-]{subsection.13.4}{\376\377\000C\000o\000l\000l\000e\000c\000t\000i\000o\000n\000s\000\040\000o\000f\000\040\000O\000b\000j\000e\000c\000t\000s}{section.13}% 88
\BOOKMARK [1][-]{section.14}{\376\377\000A\000d\000v\000a\000n\000c\000e\000d\000\040\000O\000O\000P\000\040\000C\000o\000n\000c\000e\000p\000t\000s}{}% 89
\BOOKMARK [2][-]{subsection.14.1}{\376\377\000D\000e\000c\000o\000r\000a\000t\000o\000r\000s\000\040\000i\000n\000\040\000O\000O\000P}{section.14}% 90
\BOOKMARK [2][-]{subsection.14.2}{\376\377\000i\000s\000i\000n\000s\000t\000a\000n\000c\000e\000\050\000\051\000\040\000a\000n\000d\000\040\000i\000s\000s\000u\000b\000c\000l\000a\000s\000s\000\050\000\051}{section.14}% 91
\BOOKMARK [3][-]{subsubsection.14.2.1}{\376\377\000i\000s\000i\000n\000s\000t\000a\000n\000c\000e\000\050\000\051}{subsection.14.2}% 92
\BOOKMARK [3][-]{subsubsection.14.2.2}{\376\377\000i\000s\000s\000u\000b\000c\000l\000a\000s\000s\000\050\000\051}{subsection.14.2}% 93
\BOOKMARK [2][-]{subsection.14.3}{\376\377\000S\000i\000n\000g\000l\000e\000\040\000v\000s\000\040\000D\000o\000u\000b\000l\000e\000\040\000U\000n\000d\000e\000r\000s\000c\000o\000r\000e\000s}{section.14}% 94
\BOOKMARK [2][-]{subsection.14.4}{\376\377\000H\000a\000s\000h\000i\000n\000g\000\040\000a\000n\000d\000\040\000S\000e\000t\000s}{section.14}% 95
\BOOKMARK [2][-]{subsection.14.5}{\376\377\000e\000n\000u\000m\000e\000r\000a\000t\000e\000\050\000\051\000\040\000F\000u\000n\000c\000t\000i\000o\000n}{section.14}% 96
\BOOKMARK [1][-]{section.15}{\376\377\000P\000r\000a\000c\000t\000i\000c\000a\000l\000\040\000O\000O\000P\000\040\000E\000x\000a\000m\000p\000l\000e\000s}{}% 97
\BOOKMARK [2][-]{subsection.15.1}{\376\377\000A\000T\000M\000\040\000S\000y\000s\000t\000e\000m}{section.15}% 98
\BOOKMARK [2][-]{subsection.15.2}{\376\377\0002\000D\000\040\000P\000o\000i\000n\000t\000\040\000a\000n\000d\000\040\000L\000i\000n\000e\000\040\000S\000y\000s\000t\000e\000m}{section.15}% 99
\BOOKMARK [1][-]{section.16}{\376\377\000O\000O\000P\000\040\000B\000e\000s\000t\000\040\000P\000r\000a\000c\000t\000i\000c\000e\000s\000\040\000a\000n\000d\000\040\000D\000e\000s\000i\000g\000n\000\040\000P\000r\000i\000n\000c\000i\000p\000l\000e\000s}{}% 100
\BOOKMARK [2][-]{subsection.16.1}{\376\377\000S\000O\000L\000I\000D\000\040\000P\000r\000i\000n\000c\000i\000p\000l\000e\000s}{section.16}% 101
\BOOKMARK [3][-]{subsubsection.16.1.1}{\376\377\000S\000\040\000-\000\040\000S\000i\000n\000g\000l\000e\000\040\000R\000e\000s\000p\000o\000n\000s\000i\000b\000i\000l\000i\000t\000y\000\040\000P\000r\000i\000n\000c\000i\000p\000l\000e}{subsection.16.1}% 102
\BOOKMARK [3][-]{subsubsection.16.1.2}{\376\377\000O\000\040\000-\000\040\000O\000p\000e\000n\000/\000C\000l\000o\000s\000e\000d\000\040\000P\000r\000i\000n\000c\000i\000p\000l\000e}{subsection.16.1}% 103
\BOOKMARK [3][-]{subsubsection.16.1.3}{\376\377\000L\000\040\000-\000\040\000L\000i\000s\000k\000o\000v\000\040\000S\000u\000b\000s\000t\000i\000t\000u\000t\000i\000o\000n\000\040\000P\000r\000i\000n\000c\000i\000p\000l\000e}{subsection.16.1}% 104
\BOOKMARK [3][-]{subsubsection.16.1.4}{\376\377\000I\000\040\000-\000\040\000I\000n\000t\000e\000r\000f\000a\000c\000e\000\040\000S\000e\000g\000r\000e\000g\000a\000t\000i\000o\000n\000\040\000P\000r\000i\000n\000c\000i\000p\000l\000e}{subsection.16.1}% 105
\BOOKMARK [3][-]{subsubsection.16.1.5}{\376\377\000D\000\040\000-\000\040\000D\000e\000p\000e\000n\000d\000e\000n\000c\000y\000\040\000I\000n\000v\000e\000r\000s\000i\000o\000n\000\040\000P\000r\000i\000n\000c\000i\000p\000l\000e}{subsection.16.1}% 106
\BOOKMARK [2][-]{subsection.16.2}{\376\377\000G\000e\000n\000e\000r\000a\000l\000\040\000B\000e\000s\000t\000\040\000P\000r\000a\000c\000t\000i\000c\000e\000s}{section.16}% 107
\BOOKMARK [2][-]{subsection.16.3}{\376\377\000C\000o\000m\000m\000o\000n\000\040\000M\000i\000s\000t\000a\000k\000e\000s\000\040\000t\000o\000\040\000A\000v\000o\000i\000d}{section.16}% 108
\BOOKMARK [2][-]{subsection.16.4}{\376\377\000C\000o\000m\000p\000o\000s\000i\000t\000i\000o\000n\000\040\000v\000s\000\040\000I\000n\000h\000e\000r\000i\000t\000a\000n\000c\000e}{section.16}% 109
\BOOKMARK [1][-]{section.17}{\376\377\000C\000o\000m\000m\000o\000n\000\040\000I\000n\000t\000e\000r\000v\000i\000e\000w\000\040\000Q\000u\000e\000s\000t\000i\000o\000n\000s}{}% 110
\BOOKMARK [2][-]{subsection.17.1}{\376\377\000C\000o\000n\000c\000e\000p\000t\000u\000a\000l\000\040\000Q\000u\000e\000s\000t\000i\000o\000n\000s}{section.17}% 111
\BOOKMARK [3][-]{subsubsection.17.1.1}{\376\377\000Q\0001\000:\000\040\000W\000h\000a\000t\000\040\000a\000r\000e\000\040\000t\000h\000e\000\040\000f\000o\000u\000r\000\040\000p\000i\000l\000l\000a\000r\000s\000\040\000o\000f\000\040\000O\000O\000P\000?}{subsection.17.1}% 112
\BOOKMARK [3][-]{subsubsection.17.1.2}{\376\377\000Q\0002\000:\000\040\000E\000x\000p\000l\000a\000i\000n\000\040\000t\000h\000e\000\040\000d\000i\000f\000f\000e\000r\000e\000n\000c\000e\000\040\000b\000e\000t\000w\000e\000e\000n\000\040\000\137\000\137\000s\000t\000r\000\137\000\137\000\040\000a\000n\000d\000\040\000\137\000\137\000r\000e\000p\000r\000\137\000\137}{subsection.17.1}% 113
\BOOKMARK [3][-]{subsubsection.17.1.3}{\376\377\000Q\0003\000:\000\040\000W\000h\000a\000t\000\040\000i\000s\000\040\000t\000h\000e\000\040\000d\000i\000a\000m\000o\000n\000d\000\040\000p\000r\000o\000b\000l\000e\000m\000\040\000a\000n\000d\000\040\000h\000o\000w\000\040\000d\000o\000e\000s\000\040\000P\000y\000t\000h\000o\000n\000\040\000s\000o\000l\000v\000e\000\040\000i\000t\000?}{subsection.17.1}% 114
\BOOKMARK [3][-]{subsubsection.17.1.4}{\376\377\000Q\0004\000:\000\040\000W\000h\000a\000t\000'\000s\000\040\000t\000h\000e\000\040\000d\000i\000f\000f\000e\000r\000e\000n\000c\000e\000\040\000b\000e\000t\000w\000e\000e\000n\000\040\000c\000l\000a\000s\000s\000\040\000m\000e\000t\000h\000o\000d\000\040\000a\000n\000d\000\040\000s\000t\000a\000t\000i\000c\000\040\000m\000e\000t\000h\000o\000d\000?}{subsection.17.1}% 115
\BOOKMARK [2][-]{subsection.17.2}{\376\377\000C\000o\000d\000i\000n\000g\000\040\000Q\000u\000e\000s\000t\000i\000o\000n\000s}{section.17}% 116
\BOOKMARK [3][-]{subsubsection.17.2.1}{\376\377\000Q\0005\000:\000\040\000I\000m\000p\000l\000e\000m\000e\000n\000t\000\040\000a\000\040\000c\000l\000a\000s\000s\000\040\000w\000i\000t\000h\000\040\000p\000r\000i\000v\000a\000t\000e\000\040\000a\000t\000t\000r\000i\000b\000u\000t\000e\000s}{subsection.17.2}% 117
\BOOKMARK [3][-]{subsubsection.17.2.2}{\376\377\000Q\0006\000:\000\040\000C\000r\000e\000a\000t\000e\000\040\000a\000\040\000c\000l\000a\000s\000s\000\040\000h\000i\000e\000r\000a\000r\000c\000h\000y\000\040\000w\000i\000t\000h\000\040\000m\000e\000t\000h\000o\000d\000\040\000o\000v\000e\000r\000r\000i\000d\000i\000n\000g}{subsection.17.2}% 118
\BOOKMARK [1][-]{section.18}{\376\377\000Q\000u\000i\000c\000k\000\040\000R\000e\000f\000e\000r\000e\000n\000c\000e\000\040\000G\000u\000i\000d\000e}{}% 119
\BOOKMARK [2][-]{subsection.18.1}{\376\377\000C\000l\000a\000s\000s\000\040\000D\000e\000f\000i\000n\000i\000t\000i\000o\000n\000\040\000S\000y\000n\000t\000a\000x}{section.18}% 120
\BOOKMARK [2][-]{subsection.18.2}{\376\377\000I\000n\000h\000e\000r\000i\000t\000a\000n\000c\000e\000\040\000T\000e\000m\000p\000l\000a\000t\000e\000s}{section.18}% 121
\BOOKMARK [2][-]{subsection.18.3}{\376\377\000C\000o\000m\000m\000o\000n\000\040\000M\000a\000g\000i\000c\000\040\000M\000e\000t\000h\000o\000d\000s}{section.18}% 122
\BOOKMARK [2][-]{subsection.18.4}{\376\377\000A\000c\000c\000e\000s\000s\000\040\000M\000o\000d\000i\000f\000i\000e\000r\000s\000\040\000C\000h\000e\000a\000t\000\040\000S\000h\000e\000e\000t}{section.18}% 123
\BOOKMARK [1][-]{section.19}{\376\377\000C\000o\000n\000c\000l\000u\000s\000i\000o\000n}{}% 124
\BOOKMARK [2][-]{subsection.19.1}{\376\377\000K\000e\000y\000\040\000T\000a\000k\000e\000a\000w\000a\000y\000s}{section.19}% 125
\BOOKMARK [2][-]{subsection.19.2}{\376\377\000N\000e\000x\000t\000\040\000S\000t\000e\000p\000s}{section.19}% 126
\BOOKMARK [2][-]{subsection.19.3}{\376\377\000A\000d\000d\000i\000t\000i\000o\000n\000a\000l\000\040\000R\000e\000s\000o\000u\000r\000c\000e\000s}{section.19}% 127
