\BOOKMARK [1][-]{section.1}{\376\377\000I\000n\000t\000r\000o\000d\000u\000c\000t\000i\000o\000n\000\040\000t\000o\000\040\000D\000V\000C}{}% 1
\BOOKMARK [2][-]{subsection.1.1}{\376\377\000W\000h\000a\000t\000\040\000i\000s\000\040\000D\000V\000C\000?}{section.1}% 2
\BOOKMARK [3][-]{subsubsection.1.1.1}{\376\377\000C\000o\000r\000e\000\040\000F\000e\000a\000t\000u\000r\000e\000s}{subsection.1.1}% 3
\BOOKMARK [2][-]{subsection.1.2}{\376\377\000W\000h\000y\000\040\000U\000s\000e\000\040\000D\000V\000C\000?}{section.1}% 4
\BOOKMARK [3][-]{subsubsection.1.2.1}{\376\377\000T\000r\000a\000d\000i\000t\000i\000o\000n\000a\000l\000\040\000G\000i\000t\000\040\000L\000i\000m\000i\000t\000a\000t\000i\000o\000n\000s}{subsection.1.2}% 5
\BOOKMARK [3][-]{subsubsection.1.2.2}{\376\377\000D\000V\000C\000\040\000S\000o\000l\000u\000t\000i\000o\000n\000s}{subsection.1.2}% 6
\BOOKMARK [2][-]{subsection.1.3}{\376\377\000D\000V\000C\000\040\000A\000r\000c\000h\000i\000t\000e\000c\000t\000u\000r\000e}{section.1}% 7
\BOOKMARK [3][-]{subsubsection.1.3.1}{\376\377\000C\000o\000r\000e\000\040\000C\000o\000m\000p\000o\000n\000e\000n\000t\000s}{subsection.1.3}% 8
\BOOKMARK [3][-]{subsubsection.1.3.2}{\376\377\000W\000o\000r\000k\000f\000l\000o\000w\000\040\000C\000o\000m\000p\000a\000r\000i\000s\000o\000n}{subsection.1.3}% 9
\BOOKMARK [2][-]{subsection.1.4}{\376\377\000G\000e\000t\000t\000i\000n\000g\000\040\000S\000t\000a\000r\000t\000e\000d}{section.1}% 10
\BOOKMARK [3][-]{subsubsection.1.4.1}{\376\377\000I\000n\000s\000t\000a\000l\000l\000a\000t\000i\000o\000n}{subsection.1.4}% 11
\BOOKMARK [3][-]{subsubsection.1.4.2}{\376\377\000P\000r\000o\000j\000e\000c\000t\000\040\000I\000n\000i\000t\000i\000a\000l\000i\000z\000a\000t\000i\000o\000n}{subsection.1.4}% 12
\BOOKMARK [1][-]{section.2}{\376\377\000U\000n\000d\000e\000r\000s\000t\000a\000n\000d\000i\000n\000g\000\040\000d\000v\000c\000.\000y\000a\000m\000l}{}% 13
\BOOKMARK [2][-]{subsection.2.1}{\376\377\000W\000h\000a\000t\000\040\000i\000s\000\040\000d\000v\000c\000.\000y\000a\000m\000l\000?}{section.2}% 14
\BOOKMARK [2][-]{subsection.2.2}{\376\377\000B\000a\000s\000i\000c\000\040\000S\000t\000r\000u\000c\000t\000u\000r\000e}{section.2}% 15
\BOOKMARK [3][-]{subsubsection.2.2.1}{\376\377\000M\000i\000n\000i\000m\000a\000l\000\040\000P\000i\000p\000e\000l\000i\000n\000e}{subsection.2.2}% 16
\BOOKMARK [3][-]{subsubsection.2.2.2}{\376\377\000C\000o\000m\000p\000l\000e\000t\000e\000\040\000S\000t\000a\000g\000e\000\040\000D\000e\000f\000i\000n\000i\000t\000i\000o\000n}{subsection.2.2}% 17
\BOOKMARK [2][-]{subsection.2.3}{\376\377\000K\000e\000y\000\040\000B\000e\000n\000e\000f\000i\000t\000s}{section.2}% 18
\BOOKMARK [1][-]{section.3}{\376\377\000C\000o\000r\000e\000\040\000C\000o\000m\000p\000o\000n\000e\000n\000t\000s}{}% 19
\BOOKMARK [2][-]{subsection.3.1}{\376\377\000S\000t\000a\000g\000e\000s}{section.3}% 20
\BOOKMARK [3][-]{subsubsection.3.1.1}{\376\377\000S\000t\000a\000g\000e\000\040\000C\000h\000a\000r\000a\000c\000t\000e\000r\000i\000s\000t\000i\000c\000s}{subsection.3.1}% 21
\BOOKMARK [3][-]{subsubsection.3.1.2}{\376\377\000S\000i\000m\000p\000l\000e\000\040\000S\000t\000a\000g\000e\000\040\000E\000x\000a\000m\000p\000l\000e}{subsection.3.1}% 22
\BOOKMARK [2][-]{subsection.3.2}{\376\377\000C\000o\000m\000m\000a\000n\000d\000s\000\040\000\050\000c\000m\000d\000\051}{section.3}% 23
\BOOKMARK [3][-]{subsubsection.3.2.1}{\376\377\000C\000o\000m\000m\000a\000n\000d\000\040\000V\000a\000r\000i\000a\000t\000i\000o\000n\000s}{subsection.3.2}% 24
\BOOKMARK [2][-]{subsection.3.3}{\376\377\000D\000e\000p\000e\000n\000d\000e\000n\000c\000i\000e\000s\000\040\000\050\000d\000e\000p\000s\000\051}{section.3}% 25
\BOOKMARK [3][-]{subsubsection.3.3.1}{\376\377\000D\000e\000p\000e\000n\000d\000e\000n\000c\000y\000\040\000T\000y\000p\000e\000s}{subsection.3.3}% 26
\BOOKMARK [2][-]{subsection.3.4}{\376\377\000O\000u\000t\000p\000u\000t\000s\000\040\000\050\000o\000u\000t\000s\000\051}{section.3}% 27
\BOOKMARK [3][-]{subsubsection.3.4.1}{\376\377\000O\000u\000t\000p\000u\000t\000\040\000C\000o\000n\000f\000i\000g\000u\000r\000a\000t\000i\000o\000n}{subsection.3.4}% 28
\BOOKMARK [3][-]{subsubsection.3.4.2}{\376\377\000O\000u\000t\000p\000u\000t\000\040\000O\000p\000t\000i\000o\000n\000s}{subsection.3.4}% 29
\BOOKMARK [2][-]{subsection.3.5}{\376\377\000P\000a\000r\000a\000m\000e\000t\000e\000r\000s\000\040\000\050\000p\000a\000r\000a\000m\000s\000\051}{section.3}% 30
\BOOKMARK [3][-]{subsubsection.3.5.1}{\376\377\000P\000a\000r\000a\000m\000e\000t\000e\000r\000\040\000U\000s\000a\000g\000e}{subsection.3.5}% 31
\BOOKMARK [3][-]{subsubsection.3.5.2}{\376\377\000M\000u\000l\000t\000i\000p\000l\000e\000\040\000P\000a\000r\000a\000m\000e\000t\000e\000r\000\040\000F\000i\000l\000e\000s}{subsection.3.5}% 32
\BOOKMARK [2][-]{subsection.3.6}{\376\377\000M\000e\000t\000r\000i\000c\000s}{section.3}% 33
\BOOKMARK [3][-]{subsubsection.3.6.1}{\376\377\000M\000e\000t\000r\000i\000c\000\040\000D\000e\000f\000i\000n\000i\000t\000i\000o\000n}{subsection.3.6}% 34
\BOOKMARK [3][-]{subsubsection.3.6.2}{\376\377\000M\000e\000t\000r\000i\000c\000\040\000F\000i\000l\000e\000\040\000F\000o\000r\000m\000a\000t}{subsection.3.6}% 35
\BOOKMARK [3][-]{subsubsection.3.6.3}{\376\377\000V\000i\000e\000w\000i\000n\000g\000\040\000M\000e\000t\000r\000i\000c\000s}{subsection.3.6}% 36
\BOOKMARK [2][-]{subsection.3.7}{\376\377\000P\000l\000o\000t\000s}{section.3}% 37
\BOOKMARK [3][-]{subsubsection.3.7.1}{\376\377\000P\000l\000o\000t\000\040\000C\000o\000n\000f\000i\000g\000u\000r\000a\000t\000i\000o\000n}{subsection.3.7}% 38
\BOOKMARK [3][-]{subsubsection.3.7.2}{\376\377\000P\000l\000o\000t\000\040\000D\000a\000t\000a\000\040\000F\000o\000r\000m\000a\000t}{subsection.3.7}% 39
\BOOKMARK [1][-]{section.4}{\376\377\000A\000d\000v\000a\000n\000c\000e\000d\000\040\000P\000i\000p\000e\000l\000i\000n\000e\000\040\000F\000e\000a\000t\000u\000r\000e\000s}{}% 40
\BOOKMARK [2][-]{subsection.4.1}{\376\377\000W\000o\000r\000k\000i\000n\000g\000\040\000D\000i\000r\000e\000c\000t\000o\000r\000y\000\040\000\050\000w\000d\000i\000r\000\051}{section.4}% 41
\BOOKMARK [2][-]{subsection.4.2}{\376\377\000F\000r\000o\000z\000e\000n\000\040\000S\000t\000a\000g\000e\000s}{section.4}% 42
\BOOKMARK [2][-]{subsection.4.3}{\376\377\000A\000l\000w\000a\000y\000s\000\040\000C\000h\000a\000n\000g\000e\000d\000\040\000S\000t\000a\000g\000e\000s}{section.4}% 43
\BOOKMARK [2][-]{subsection.4.4}{\376\377\000F\000o\000r\000e\000a\000c\000h\000\040\000L\000o\000o\000p\000s}{section.4}% 44
\BOOKMARK [3][-]{subsubsection.4.4.1}{\376\377\000S\000i\000m\000p\000l\000e\000\040\000F\000o\000r\000e\000a\000c\000h}{subsection.4.4}% 45
\BOOKMARK [3][-]{subsubsection.4.4.2}{\376\377\000D\000i\000c\000t\000i\000o\000n\000a\000r\000y\000\040\000F\000o\000r\000e\000a\000c\000h}{subsection.4.4}% 46
\BOOKMARK [3][-]{subsubsection.4.4.3}{\376\377\000M\000a\000t\000r\000i\000x\000\040\000F\000o\000r\000e\000a\000c\000h\000\040\000\050\000H\000y\000p\000e\000r\000p\000a\000r\000a\000m\000e\000t\000e\000r\000\040\000G\000r\000i\000d\000\051}{subsection.4.4}% 47
\BOOKMARK [2][-]{subsection.4.5}{\376\377\000V\000a\000r\000i\000a\000b\000l\000e\000s\000\040\000a\000n\000d\000\040\000T\000e\000m\000p\000l\000a\000t\000i\000n\000g}{section.4}% 48
\BOOKMARK [2][-]{subsection.4.6}{\376\377\000S\000t\000a\000g\000e\000\040\000D\000e\000p\000e\000n\000d\000e\000n\000c\000i\000e\000s}{section.4}% 49
\BOOKMARK [1][-]{section.5}{\376\377\000C\000o\000m\000p\000l\000e\000t\000e\000\040\000M\000L\000\040\000P\000i\000p\000e\000l\000i\000n\000e\000\040\000E\000x\000a\000m\000p\000l\000e}{}% 50
\BOOKMARK [2][-]{subsection.5.1}{\376\377\000P\000r\000o\000j\000e\000c\000t\000\040\000S\000t\000r\000u\000c\000t\000u\000r\000e}{section.5}% 51
\BOOKMARK [2][-]{subsection.5.2}{\376\377\000C\000o\000m\000p\000l\000e\000t\000e\000\040\000d\000v\000c\000.\000y\000a\000m\000l}{section.5}% 52
\BOOKMARK [2][-]{subsection.5.3}{\376\377\000C\000o\000m\000p\000l\000e\000t\000e\000\040\000p\000a\000r\000a\000m\000s\000.\000y\000a\000m\000l}{section.5}% 53
\BOOKMARK [1][-]{section.6}{\376\377\000E\000s\000s\000e\000n\000t\000i\000a\000l\000\040\000D\000V\000C\000\040\000C\000o\000m\000m\000a\000n\000d\000s}{}% 54
\BOOKMARK [2][-]{subsection.6.1}{\376\377\000I\000n\000i\000t\000i\000a\000l\000i\000z\000a\000t\000i\000o\000n\000\040\000a\000n\000d\000\040\000S\000e\000t\000u\000p}{section.6}% 55
\BOOKMARK [2][-]{subsection.6.2}{\376\377\000P\000i\000p\000e\000l\000i\000n\000e\000\040\000O\000p\000e\000r\000a\000t\000i\000o\000n\000s}{section.6}% 56
\BOOKMARK [2][-]{subsection.6.3}{\376\377\000D\000a\000t\000a\000\040\000M\000a\000n\000a\000g\000e\000m\000e\000n\000t}{section.6}% 57
\BOOKMARK [2][-]{subsection.6.4}{\376\377\000M\000e\000t\000r\000i\000c\000s\000\040\000a\000n\000d\000\040\000P\000l\000o\000t\000s}{section.6}% 58
\BOOKMARK [2][-]{subsection.6.5}{\376\377\000E\000x\000p\000e\000r\000i\000m\000e\000n\000t\000s}{section.6}% 59
\BOOKMARK [1][-]{section.7}{\376\377\000B\000e\000s\000t\000\040\000P\000r\000a\000c\000t\000i\000c\000e\000s}{}% 60
\BOOKMARK [2][-]{subsection.7.1}{\376\377\000P\000i\000p\000e\000l\000i\000n\000e\000\040\000D\000e\000s\000i\000g\000n}{section.7}% 61
\BOOKMARK [2][-]{subsection.7.2}{\376\377\000V\000e\000r\000s\000i\000o\000n\000\040\000C\000o\000n\000t\000r\000o\000l\000\040\000I\000n\000t\000e\000g\000r\000a\000t\000i\000o\000n}{section.7}% 62
\BOOKMARK [3][-]{subsubsection.7.2.1}{\376\377\000T\000r\000a\000c\000k\000\040\000w\000i\000t\000h\000\040\000G\000i\000t}{subsection.7.2}% 63
\BOOKMARK [3][-]{subsubsection.7.2.2}{\376\377\000T\000r\000a\000c\000k\000\040\000w\000i\000t\000h\000\040\000D\000V\000C}{subsection.7.2}% 64
\BOOKMARK [2][-]{subsection.7.3}{\376\377\000P\000a\000r\000a\000m\000e\000t\000e\000r\000\040\000M\000a\000n\000a\000g\000e\000m\000e\000n\000t}{section.7}% 65
\BOOKMARK [1][-]{section.8}{\376\377\000T\000r\000o\000u\000b\000l\000e\000s\000h\000o\000o\000t\000i\000n\000g}{}% 66
\BOOKMARK [2][-]{subsection.8.1}{\376\377\000P\000i\000p\000e\000l\000i\000n\000e\000\040\000W\000o\000n\000'\000t\000\040\000R\000u\000n}{section.8}% 67
\BOOKMARK [2][-]{subsection.8.2}{\376\377\000S\000t\000a\000g\000e\000\040\000A\000l\000w\000a\000y\000s\000\040\000R\000e\000-\000r\000u\000n\000s}{section.8}% 68
\BOOKMARK [2][-]{subsection.8.3}{\376\377\000M\000i\000s\000s\000i\000n\000g\000\040\000D\000a\000t\000a\000\040\000F\000i\000l\000e\000s}{section.8}% 69
\BOOKMARK [2][-]{subsection.8.4}{\376\377\000P\000u\000s\000h\000/\000P\000u\000l\000l\000\040\000F\000a\000i\000l\000u\000r\000e\000s}{section.8}% 70
\BOOKMARK [2][-]{subsection.8.5}{\376\377\000C\000a\000c\000h\000e\000\040\000C\000o\000r\000r\000u\000p\000t\000i\000o\000n}{section.8}% 71
\BOOKMARK [2][-]{subsection.8.6}{\376\377\000D\000i\000s\000k\000\040\000S\000p\000a\000c\000e\000\040\000I\000s\000s\000u\000e\000s}{section.8}% 72
\BOOKMARK [2][-]{subsection.8.7}{\376\377\000L\000o\000c\000k\000\040\000F\000i\000l\000e\000\040\000C\000o\000n\000f\000l\000i\000c\000t\000s}{section.8}% 73
\BOOKMARK [2][-]{subsection.8.8}{\376\377\000P\000e\000r\000m\000i\000s\000s\000i\000o\000n\000\040\000I\000s\000s\000u\000e\000s}{section.8}% 74
\BOOKMARK [2][-]{subsection.8.9}{\376\377\000P\000e\000r\000f\000o\000r\000m\000a\000n\000c\000e\000\040\000I\000s\000s\000u\000e\000s}{section.8}% 75
\BOOKMARK [3][-]{subsubsection.8.9.1}{\376\377\000S\000l\000o\000w\000\040\000P\000i\000p\000e\000l\000i\000n\000e\000\040\000E\000x\000e\000c\000u\000t\000i\000o\000n}{subsection.8.9}% 76
\BOOKMARK [3][-]{subsubsection.8.9.2}{\376\377\000S\000l\000o\000w\000\040\000P\000u\000s\000h\000/\000P\000u\000l\000l\000\040\000O\000p\000e\000r\000a\000t\000i\000o\000n\000s}{subsection.8.9}% 77
\BOOKMARK [2][-]{subsection.8.10}{\376\377\000I\000m\000p\000o\000r\000t\000/\000M\000o\000d\000u\000l\000e\000\040\000E\000r\000r\000o\000r\000s}{section.8}% 78
\BOOKMARK [1][-]{section.9}{\376\377\000A\000d\000v\000a\000n\000c\000e\000d\000\040\000T\000o\000p\000i\000c\000s}{}% 79
\BOOKMARK [2][-]{subsection.9.1}{\376\377\000R\000e\000m\000o\000t\000e\000\040\000S\000t\000o\000r\000a\000g\000e\000\040\000C\000o\000n\000f\000i\000g\000u\000r\000a\000t\000i\000o\000n}{section.9}% 80
\BOOKMARK [3][-]{subsubsection.9.1.1}{\376\377\000A\000W\000S\000\040\000S\0003}{subsection.9.1}% 81
\BOOKMARK [3][-]{subsubsection.9.1.2}{\376\377\000G\000o\000o\000g\000l\000e\000\040\000C\000l\000o\000u\000d\000\040\000S\000t\000o\000r\000a\000g\000e}{subsection.9.1}% 82
\BOOKMARK [3][-]{subsubsection.9.1.3}{\376\377\000A\000z\000u\000r\000e\000\040\000B\000l\000o\000b\000\040\000S\000t\000o\000r\000a\000g\000e}{subsection.9.1}% 83
\BOOKMARK [3][-]{subsubsection.9.1.4}{\376\377\000S\000S\000H\000\040\000R\000e\000m\000o\000t\000e}{subsection.9.1}% 84
\BOOKMARK [2][-]{subsection.9.2}{\376\377\000C\000I\000/\000C\000D\000\040\000I\000n\000t\000e\000g\000r\000a\000t\000i\000o\000n}{section.9}% 85
\BOOKMARK [3][-]{subsubsection.9.2.1}{\376\377\000G\000i\000t\000H\000u\000b\000\040\000A\000c\000t\000i\000o\000n\000s}{subsection.9.2}% 86
\BOOKMARK [3][-]{subsubsection.9.2.2}{\376\377\000G\000i\000t\000L\000a\000b\000\040\000C\000I}{subsection.9.2}% 87
\BOOKMARK [2][-]{subsection.9.3}{\376\377\000C\000u\000s\000t\000o\000m\000\040\000M\000e\000t\000r\000i\000c\000s\000\040\000a\000n\000d\000\040\000P\000l\000o\000t\000s}{section.9}% 88
\BOOKMARK [3][-]{subsubsection.9.3.1}{\376\377\000C\000u\000s\000t\000o\000m\000\040\000M\000e\000t\000r\000i\000c\000s\000\040\000S\000t\000r\000u\000c\000t\000u\000r\000e}{subsection.9.3}% 89
\BOOKMARK [3][-]{subsubsection.9.3.2}{\376\377\000C\000u\000s\000t\000o\000m\000\040\000P\000l\000o\000t\000\040\000T\000e\000m\000p\000l\000a\000t\000e\000s}{subsection.9.3}% 90
\BOOKMARK [2][-]{subsection.9.4}{\376\377\000P\000i\000p\000e\000l\000i\000n\000e\000\040\000M\000o\000d\000u\000l\000a\000r\000i\000z\000a\000t\000i\000o\000n}{section.9}% 91
\BOOKMARK [3][-]{subsubsection.9.4.1}{\376\377\000S\000p\000l\000i\000t\000t\000i\000n\000g\000\040\000L\000a\000r\000g\000e\000\040\000P\000i\000p\000e\000l\000i\000n\000e\000s}{subsection.9.4}% 92
\BOOKMARK [2][-]{subsection.9.5}{\376\377\000E\000x\000p\000e\000r\000i\000m\000e\000n\000t\000\040\000M\000a\000n\000a\000g\000e\000m\000e\000n\000t}{section.9}% 93
\BOOKMARK [3][-]{subsubsection.9.5.1}{\376\377\000R\000u\000n\000n\000i\000n\000g\000\040\000M\000u\000l\000t\000i\000p\000l\000e\000\040\000E\000x\000p\000e\000r\000i\000m\000e\000n\000t\000s}{subsection.9.5}% 94
\BOOKMARK [3][-]{subsubsection.9.5.2}{\376\377\000C\000o\000m\000p\000a\000r\000i\000n\000g\000\040\000E\000x\000p\000e\000r\000i\000m\000e\000n\000t\000s}{subsection.9.5}% 95
\BOOKMARK [3][-]{subsubsection.9.5.3}{\376\377\000M\000a\000n\000a\000g\000i\000n\000g\000\040\000E\000x\000p\000e\000r\000i\000m\000e\000n\000t\000s}{subsection.9.5}% 96
\BOOKMARK [1][-]{section.10}{\376\377\000Q\000u\000i\000c\000k\000\040\000R\000e\000f\000e\000r\000e\000n\000c\000e\000\040\000G\000u\000i\000d\000e}{}% 97
\BOOKMARK [2][-]{subsection.10.1}{\376\377\000d\000v\000c\000.\000y\000a\000m\000l\000\040\000C\000o\000m\000p\000o\000n\000e\000n\000t\000s\000\040\000S\000u\000m\000m\000a\000r\000y}{section.10}% 98
\BOOKMARK [2][-]{subsection.10.2}{\376\377\000C\000o\000m\000m\000a\000n\000d\000\040\000C\000h\000e\000a\000t\000\040\000S\000h\000e\000e\000t}{section.10}% 99
\BOOKMARK [2][-]{subsection.10.3}{\376\377\000C\000o\000m\000m\000o\000n\000\040\000W\000o\000r\000k\000f\000l\000o\000w\000s}{section.10}% 100
\BOOKMARK [3][-]{subsubsection.10.3.1}{\376\377\000S\000t\000a\000r\000t\000\040\000N\000e\000w\000\040\000D\000V\000C\000\040\000P\000r\000o\000j\000e\000c\000t}{subsection.10.3}% 101
\BOOKMARK [3][-]{subsubsection.10.3.2}{\376\377\000C\000l\000o\000n\000e\000\040\000D\000V\000C\000\040\000P\000r\000o\000j\000e\000c\000t}{subsection.10.3}% 102
\BOOKMARK [3][-]{subsubsection.10.3.3}{\376\377\000R\000u\000n\000\040\000E\000x\000p\000e\000r\000i\000m\000e\000n\000t\000\040\000w\000i\000t\000h\000\040\000D\000i\000f\000f\000e\000r\000e\000n\000t\000\040\000P\000a\000r\000a\000m\000e\000t\000e\000r\000s}{subsection.10.3}% 103
\BOOKMARK [3][-]{subsubsection.10.3.4}{\376\377\000H\000y\000p\000e\000r\000p\000a\000r\000a\000m\000e\000t\000e\000r\000\040\000T\000u\000n\000i\000n\000g}{subsection.10.3}% 104
\BOOKMARK [1][-]{section.11}{\376\377\000G\000l\000o\000s\000s\000a\000r\000y}{}% 105
\BOOKMARK [1][-]{section.12}{\376\377\000C\000o\000n\000c\000l\000u\000s\000i\000o\000n}{}% 106
\BOOKMARK [2][-]{subsection.12.1}{\376\377\000K\000e\000y\000\040\000T\000a\000k\000e\000a\000w\000a\000y\000s}{section.12}% 107
\BOOKMARK [2][-]{subsection.12.2}{\376\377\000G\000e\000t\000t\000i\000n\000g\000\040\000S\000t\000a\000r\000t\000e\000d\000\040\000C\000h\000e\000c\000k\000l\000i\000s\000t}{section.12}% 108
\BOOKMARK [2][-]{subsection.12.3}{\376\377\000B\000e\000s\000t\000\040\000P\000r\000a\000c\000t\000i\000c\000e\000s\000\040\000R\000e\000c\000a\000p}{section.12}% 109
\BOOKMARK [2][-]{subsection.12.4}{\376\377\000N\000e\000x\000t\000\040\000S\000t\000e\000p\000s}{section.12}% 110
\BOOKMARK [2][-]{subsection.12.5}{\376\377\000A\000d\000d\000i\000t\000i\000o\000n\000a\000l\000\040\000R\000e\000s\000o\000u\000r\000c\000e\000s}{section.12}% 111
