\BOOKMARK [1][-]{section.1}{\376\377\000P\000r\000o\000j\000e\000c\000t\000\040\000O\000v\000e\000r\000v\000i\000e\000w}{}% 1
\BOOKMARK [2][-]{subsection.1.1}{\376\377\000I\000n\000t\000r\000o\000d\000u\000c\000t\000i\000o\000n}{section.1}% 2
\BOOKMARK [2][-]{subsection.1.2}{\376\377\000T\000h\000e\000\040\000P\000r\000o\000b\000l\000e\000m\000\040\000S\000t\000a\000t\000e\000m\000e\000n\000t}{section.1}% 3
\BOOKMARK [3][-]{subsubsection.1.2.1}{\376\377\000C\000u\000r\000r\000e\000n\000t\000\040\000S\000i\000t\000u\000a\000t\000i\000o\000n}{subsection.1.2}% 4
\BOOKMARK [3][-]{subsubsection.1.2.2}{\376\377\000O\000u\000r\000\040\000S\000o\000l\000u\000t\000i\000o\000n}{subsection.1.2}% 5
\BOOKMARK [2][-]{subsection.1.3}{\376\377\000P\000a\000t\000i\000e\000n\000t\000\040\000P\000r\000o\000f\000i\000l\000e\000\040\000S\000t\000r\000u\000c\000t\000u\000r\000e}{section.1}% 6
\BOOKMARK [2][-]{subsection.1.4}{\376\377\000W\000h\000a\000t\000\040\000W\000e\000'\000r\000e\000\040\000B\000u\000i\000l\000d\000i\000n\000g}{section.1}% 7
\BOOKMARK [3][-]{subsubsection.1.4.1}{\376\377\000O\000u\000r\000\040\000T\000a\000s\000k\000\040\000a\000s\000\040\000B\000a\000c\000k\000e\000n\000d\000\040\000E\000n\000g\000i\000n\000e\000e\000r\000s}{subsection.1.4}% 8
\BOOKMARK [2][-]{subsection.1.5}{\376\377\000D\000a\000t\000a\000\040\000S\000t\000o\000r\000a\000g\000e\000\040\000A\000p\000p\000r\000o\000a\000c\000h}{section.1}% 9
\BOOKMARK [3][-]{subsubsection.1.5.1}{\376\377\000D\000e\000v\000e\000l\000o\000p\000m\000e\000n\000t\000\040\000v\000s\000\040\000P\000r\000o\000d\000u\000c\000t\000i\000o\000n}{subsection.1.5}% 10
\BOOKMARK [2][-]{subsection.1.6}{\376\377\000A\000P\000I\000\040\000F\000u\000n\000c\000t\000i\000o\000n\000a\000l\000i\000t\000y\000\040\000O\000v\000e\000r\000v\000i\000e\000w}{section.1}% 11
\BOOKMARK [3][-]{subsubsection.1.6.1}{\376\377\000T\000h\000e\000\040\000F\000i\000v\000e\000\040\000C\000o\000r\000e\000\040\000O\000p\000e\000r\000a\000t\000i\000o\000n\000s}{subsection.1.6}% 12
\BOOKMARK [1][-]{section.2}{\376\377\000U\000n\000d\000e\000r\000s\000t\000a\000n\000d\000i\000n\000g\000\040\000H\000T\000T\000P\000\040\000M\000e\000t\000h\000o\000d\000s}{}% 13
\BOOKMARK [2][-]{subsection.2.1}{\376\377\000S\000o\000f\000t\000w\000a\000r\000e\000\040\000C\000l\000a\000s\000s\000i\000f\000i\000c\000a\000t\000i\000o\000n\000\040\000b\000y\000\040\000U\000s\000e\000r\000\040\000I\000n\000t\000e\000r\000a\000c\000t\000i\000o\000n}{section.2}% 14
\BOOKMARK [2][-]{subsection.2.2}{\376\377\000E\000x\000a\000m\000p\000l\000e\000s\000\040\000o\000f\000\040\000S\000t\000a\000t\000i\000c\000\040\000S\000o\000f\000t\000w\000a\000r\000e}{section.2}% 15
\BOOKMARK [3][-]{subsubsection.2.2.1}{\376\377\000C\000a\000l\000e\000n\000d\000a\000r\000\040\000A\000p\000p\000l\000i\000c\000a\000t\000i\000o\000n}{subsection.2.2}% 16
\BOOKMARK [3][-]{subsubsection.2.2.2}{\376\377\000C\000l\000o\000c\000k\000\040\000A\000p\000p\000l\000i\000c\000a\000t\000i\000o\000n}{subsection.2.2}% 17
\BOOKMARK [2][-]{subsection.2.3}{\376\377\000E\000x\000a\000m\000p\000l\000e\000s\000\040\000o\000f\000\040\000D\000y\000n\000a\000m\000i\000c\000\040\000S\000o\000f\000t\000w\000a\000r\000e}{section.2}% 18
\BOOKMARK [3][-]{subsubsection.2.3.1}{\376\377\000M\000i\000c\000r\000o\000s\000o\000f\000t\000\040\000E\000x\000c\000e\000l}{subsection.2.3}% 19
\BOOKMARK [3][-]{subsubsection.2.3.2}{\376\377\000M\000i\000c\000r\000o\000s\000o\000f\000t\000\040\000W\000o\000r\000d}{subsection.2.3}% 20
\BOOKMARK [2][-]{subsection.2.4}{\376\377\000T\000h\000e\000\040\000C\000R\000U\000D\000\040\000P\000a\000r\000a\000d\000i\000g\000m}{section.2}% 21
\BOOKMARK [3][-]{subsubsection.2.4.1}{\376\377\000W\000h\000a\000t\000\040\000i\000s\000\040\000C\000R\000U\000D\000?}{subsection.2.4}% 22
\BOOKMARK [2][-]{subsection.2.5}{\376\377\000C\000R\000U\000D\000\040\000i\000n\000\040\000M\000i\000c\000r\000o\000s\000o\000f\000t\000\040\000E\000x\000c\000e\000l}{section.2}% 23
\BOOKMARK [2][-]{subsection.2.6}{\376\377\000C\000R\000U\000D\000\040\000i\000n\000\040\000M\000i\000c\000r\000o\000s\000o\000f\000t\000\040\000W\000o\000r\000d}{section.2}% 24
\BOOKMARK [2][-]{subsection.2.7}{\376\377\000F\000r\000o\000m\000\040\000S\000o\000f\000t\000w\000a\000r\000e\000\040\000t\000o\000\040\000W\000e\000b\000s\000i\000t\000e\000s}{section.2}% 25
\BOOKMARK [3][-]{subsubsection.2.7.1}{\376\377\000W\000h\000a\000t\000\040\000i\000s\000\040\000a\000\040\000W\000e\000b\000s\000i\000t\000e\000?}{subsection.2.7}% 26
\BOOKMARK [3][-]{subsubsection.2.7.2}{\376\377\000C\000l\000i\000e\000n\000t\000-\000S\000e\000r\000v\000e\000r\000\040\000A\000r\000c\000h\000i\000t\000e\000c\000t\000u\000r\000e}{subsection.2.7}% 27
\BOOKMARK [2][-]{subsection.2.8}{\376\377\000C\000l\000i\000e\000n\000t\000-\000S\000e\000r\000v\000e\000r\000\040\000C\000o\000m\000m\000u\000n\000i\000c\000a\000t\000i\000o\000n}{section.2}% 28
\BOOKMARK [2][-]{subsection.2.9}{\376\377\000W\000e\000b\000s\000i\000t\000e\000\040\000C\000l\000a\000s\000s\000i\000f\000i\000c\000a\000t\000i\000o\000n}{section.2}% 29
\BOOKMARK [3][-]{subsubsection.2.9.1}{\376\377\000S\000t\000a\000t\000i\000c\000\040\000W\000e\000b\000s\000i\000t\000e\000s}{subsection.2.9}% 30
\BOOKMARK [3][-]{subsubsection.2.9.2}{\376\377\000D\000y\000n\000a\000m\000i\000c\000\040\000W\000e\000b\000s\000i\000t\000e\000s}{subsection.2.9}% 31
\BOOKMARK [2][-]{subsection.2.10}{\376\377\000C\000R\000U\000D\000\040\000i\000n\000\040\000D\000y\000n\000a\000m\000i\000c\000\040\000W\000e\000b\000s\000i\000t\000e\000s}{section.2}% 32
\BOOKMARK [3][-]{subsubsection.2.10.1}{\376\377\000I\000n\000s\000t\000a\000g\000r\000a\000m\000\040\000E\000x\000a\000m\000p\000l\000e}{subsection.2.10}% 33
\BOOKMARK [3][-]{subsubsection.2.10.2}{\376\377\000Z\000o\000m\000a\000t\000o\000\040\000E\000x\000a\000m\000p\000l\000e}{subsection.2.10}% 34
\BOOKMARK [1][-]{section.3}{\376\377\000H\000T\000T\000P\000\040\000M\000e\000t\000h\000o\000d\000s\000\040\000\050\000V\000e\000r\000b\000s\000\051}{}% 35
\BOOKMARK [2][-]{subsection.3.1}{\376\377\000T\000h\000e\000\040\000C\000o\000m\000m\000u\000n\000i\000c\000a\000t\000i\000o\000n\000\040\000C\000h\000a\000l\000l\000e\000n\000g\000e}{section.3}% 36
\BOOKMARK [2][-]{subsection.3.2}{\376\377\000H\000T\000T\000P\000\040\000V\000e\000r\000b\000s\000/\000M\000e\000t\000h\000o\000d\000s}{section.3}% 37
\BOOKMARK [2][-]{subsection.3.3}{\376\377\000T\000h\000e\000\040\000G\000E\000T\000\040\000M\000e\000t\000h\000o\000d}{section.3}% 38
\BOOKMARK [2][-]{subsection.3.4}{\376\377\000T\000h\000e\000\040\000P\000O\000S\000T\000\040\000M\000e\000t\000h\000o\000d}{section.3}% 39
\BOOKMARK [2][-]{subsection.3.5}{\376\377\000T\000h\000e\000\040\000P\000U\000T\000\040\000M\000e\000t\000h\000o\000d}{section.3}% 40
\BOOKMARK [2][-]{subsection.3.6}{\376\377\000T\000h\000e\000\040\000D\000E\000L\000E\000T\000E\000\040\000M\000e\000t\000h\000o\000d}{section.3}% 41
\BOOKMARK [2][-]{subsection.3.7}{\376\377\000H\000T\000T\000P\000\040\000M\000e\000t\000h\000o\000d\000s\000\040\000S\000u\000m\000m\000a\000r\000y}{section.3}% 42
\BOOKMARK [1][-]{section.4}{\376\377\000H\000T\000T\000P\000\040\000M\000e\000t\000h\000o\000d\000s\000\040\000i\000n\000\040\000A\000c\000t\000i\000o\000n}{}% 43
\BOOKMARK [2][-]{subsection.4.1}{\376\377\000I\000n\000s\000p\000e\000c\000t\000i\000n\000g\000\040\000N\000e\000t\000w\000o\000r\000k\000\040\000R\000e\000q\000u\000e\000s\000t\000s}{section.4}% 44
\BOOKMARK [3][-]{subsubsection.4.1.1}{\376\377\000S\000e\000t\000u\000p}{subsection.4.1}% 45
\BOOKMARK [2][-]{subsection.4.2}{\376\377\000E\000x\000a\000m\000p\000l\000e\000\040\0001\000:\000\040\000G\000E\000T\000\040\000R\000e\000q\000u\000e\000s\000t}{section.4}% 46
\BOOKMARK [3][-]{subsubsection.4.2.1}{\376\377\000S\000c\000e\000n\000a\000r\000i\000o\000:\000\040\000A\000c\000c\000e\000s\000s\000i\000n\000g\000\040\000a\000\040\000C\000o\000u\000r\000s\000e\000s\000\040\000P\000a\000g\000e}{subsection.4.2}% 47
\BOOKMARK [2][-]{subsection.4.3}{\376\377\000E\000x\000a\000m\000p\000l\000e\000\040\0002\000:\000\040\000P\000O\000S\000T\000\040\000R\000e\000q\000u\000e\000s\000t}{section.4}% 48
\BOOKMARK [3][-]{subsubsection.4.3.1}{\376\377\000S\000c\000e\000n\000a\000r\000i\000o\000:\000\040\000L\000o\000g\000g\000i\000n\000g\000\040\000I\000n}{subsection.4.3}% 49
\BOOKMARK [2][-]{subsection.4.4}{\376\377\000K\000e\000y\000\040\000O\000b\000s\000e\000r\000v\000a\000t\000i\000o\000n\000s}{section.4}% 50
\BOOKMARK [1][-]{section.5}{\376\377\000S\000t\000a\000r\000t\000i\000n\000g\000\040\000t\000h\000e\000\040\000P\000r\000o\000j\000e\000c\000t}{}% 51
\BOOKMARK [2][-]{subsection.5.1}{\376\377\000E\000n\000v\000i\000r\000o\000n\000m\000e\000n\000t\000\040\000S\000e\000t\000u\000p}{section.5}% 52
\BOOKMARK [3][-]{subsubsection.5.1.1}{\376\377\000A\000c\000t\000i\000v\000a\000t\000i\000n\000g\000\040\000V\000i\000r\000t\000u\000a\000l\000\040\000E\000n\000v\000i\000r\000o\000n\000m\000e\000n\000t}{subsection.5.1}% 53
\BOOKMARK [2][-]{subsection.5.2}{\376\377\000C\000r\000e\000a\000t\000i\000n\000g\000\040\000t\000h\000e\000\040\000D\000a\000t\000a\000\040\000F\000i\000l\000e}{section.5}% 54
\BOOKMARK [3][-]{subsubsection.5.2.1}{\376\377\000p\000a\000t\000i\000e\000n\000t\000s\000.\000j\000s\000o\000n\000\040\000S\000t\000r\000u\000c\000t\000u\000r\000e}{subsection.5.2}% 55
\BOOKMARK [2][-]{subsection.5.3}{\376\377\000U\000n\000d\000e\000r\000s\000t\000a\000n\000d\000i\000n\000g\000\040\000t\000h\000e\000\040\000D\000a\000t\000a\000\040\000S\000t\000r\000u\000c\000t\000u\000r\000e}{section.5}% 56
\BOOKMARK [1][-]{section.6}{\376\377\000B\000u\000i\000l\000d\000i\000n\000g\000\040\000t\000h\000e\000\040\000F\000i\000r\000s\000t\000\040\000A\000P\000I\000\040\000E\000n\000d\000p\000o\000i\000n\000t}{}% 57
\BOOKMARK [2][-]{subsection.6.1}{\376\377\000M\000o\000d\000i\000f\000y\000i\000n\000g\000\040\000E\000x\000i\000s\000t\000i\000n\000g\000\040\000C\000o\000d\000e}{section.6}% 58
\BOOKMARK [3][-]{subsubsection.6.1.1}{\376\377\000U\000p\000d\000a\000t\000e\000d\000\040\000m\000a\000i\000n\000.\000p\000y\000\040\000-\000\040\000I\000n\000i\000t\000i\000a\000l\000\040\000V\000e\000r\000s\000i\000o\000n}{subsection.6.1}% 59
\BOOKMARK [3][-]{subsubsection.6.1.2}{\376\377\000U\000p\000d\000a\000t\000e\000d\000\040\000m\000a\000i\000n\000.\000p\000y\000\040\000-\000\040\000M\000o\000d\000i\000f\000i\000e\000d\000\040\000V\000e\000r\000s\000i\000o\000n}{subsection.6.1}% 60
\BOOKMARK [2][-]{subsection.6.2}{\376\377\000C\000r\000e\000a\000t\000i\000n\000g\000\040\000a\000\040\000H\000e\000l\000p\000e\000r\000\040\000F\000u\000n\000c\000t\000i\000o\000n}{section.6}% 61
\BOOKMARK [3][-]{subsubsection.6.2.1}{\376\377\000W\000h\000y\000\040\000W\000e\000\040\000N\000e\000e\000d\000\040\000a\000\040\000H\000e\000l\000p\000e\000r\000\040\000F\000u\000n\000c\000t\000i\000o\000n}{subsection.6.2}% 62
\BOOKMARK [3][-]{subsubsection.6.2.2}{\376\377\000T\000h\000e\000\040\000l\000o\000a\000d\000\137\000d\000a\000t\000a\000\050\000\051\000\040\000F\000u\000n\000c\000t\000i\000o\000n}{subsection.6.2}% 63
\BOOKMARK [2][-]{subsection.6.3}{\376\377\000B\000u\000i\000l\000d\000i\000n\000g\000\040\000t\000h\000e\000\040\000V\000i\000e\000w\000\040\000A\000l\000l\000\040\000P\000a\000t\000i\000e\000n\000t\000s\000\040\000E\000n\000d\000p\000o\000i\000n\000t}{section.6}% 64
\BOOKMARK [3][-]{subsubsection.6.3.1}{\376\377\000E\000n\000d\000p\000o\000i\000n\000t\000\040\000S\000p\000e\000c\000i\000f\000i\000c\000a\000t\000i\000o\000n}{subsection.6.3}% 65
\BOOKMARK [3][-]{subsubsection.6.3.2}{\376\377\000C\000o\000m\000p\000l\000e\000t\000e\000\040\000C\000o\000d\000e}{subsection.6.3}% 66
\BOOKMARK [2][-]{subsection.6.4}{\376\377\000C\000o\000d\000e\000\040\000E\000x\000p\000l\000a\000n\000a\000t\000i\000o\000n}{section.6}% 67
\BOOKMARK [3][-]{subsubsection.6.4.1}{\376\377\000I\000m\000p\000o\000r\000t\000\040\000S\000t\000a\000t\000e\000m\000e\000n\000t\000s}{subsection.6.4}% 68
\BOOKMARK [3][-]{subsubsection.6.4.2}{\376\377\000T\000h\000e\000\040\000V\000i\000e\000w\000\040\000E\000n\000d\000p\000o\000i\000n\000t}{subsection.6.4}% 69
\BOOKMARK [1][-]{section.7}{\376\377\000T\000e\000s\000t\000i\000n\000g\000\040\000t\000h\000e\000\040\000A\000P\000I}{}% 70
\BOOKMARK [2][-]{subsection.7.1}{\376\377\000S\000t\000a\000r\000t\000i\000n\000g\000\040\000t\000h\000e\000\040\000S\000e\000r\000v\000e\000r}{section.7}% 71
\BOOKMARK [3][-]{subsubsection.7.1.1}{\376\377\000U\000s\000i\000n\000g\000\040\000U\000v\000i\000c\000o\000r\000n}{subsection.7.1}% 72
\BOOKMARK [3][-]{subsubsection.7.1.2}{\376\377\000S\000e\000r\000v\000e\000r\000\040\000O\000u\000t\000p\000u\000t}{subsection.7.1}% 73
\BOOKMARK [2][-]{subsection.7.2}{\376\377\000T\000e\000s\000t\000i\000n\000g\000\040\000E\000n\000d\000p\000o\000i\000n\000t\000s\000\040\000i\000n\000\040\000B\000r\000o\000w\000s\000e\000r}{section.7}% 74
\BOOKMARK [3][-]{subsubsection.7.2.1}{\376\377\000H\000o\000m\000e\000\040\000E\000n\000d\000p\000o\000i\000n\000t}{subsection.7.2}% 75
\BOOKMARK [3][-]{subsubsection.7.2.2}{\376\377\000A\000b\000o\000u\000t\000\040\000E\000n\000d\000p\000o\000i\000n\000t}{subsection.7.2}% 76
\BOOKMARK [3][-]{subsubsection.7.2.3}{\376\377\000V\000i\000e\000w\000\040\000A\000l\000l\000\040\000P\000a\000t\000i\000e\000n\000t\000s\000\040\000E\000n\000d\000p\000o\000i\000n\000t}{subsection.7.2}% 77
\BOOKMARK [2][-]{subsection.7.3}{\376\377\000U\000s\000i\000n\000g\000\040\000F\000a\000s\000t\000A\000P\000I\000'\000s\000\040\000I\000n\000t\000e\000r\000a\000c\000t\000i\000v\000e\000\040\000D\000o\000c\000u\000m\000e\000n\000t\000a\000t\000i\000o\000n}{section.7}% 78
\BOOKMARK [3][-]{subsubsection.7.3.1}{\376\377\000A\000c\000c\000e\000s\000s\000i\000n\000g\000\040\000S\000w\000a\000g\000g\000e\000r\000\040\000U\000I}{subsection.7.3}% 79
\BOOKMARK [3][-]{subsubsection.7.3.2}{\376\377\000T\000e\000s\000t\000i\000n\000g\000\040\000i\000n\000\040\000S\000w\000a\000g\000g\000e\000r\000\040\000U\000I}{subsection.7.3}% 80
\BOOKMARK [2][-]{subsection.7.4}{\376\377\000U\000n\000d\000e\000r\000s\000t\000a\000n\000d\000i\000n\000g\000\040\000t\000h\000e\000\040\000R\000e\000s\000p\000o\000n\000s\000e}{section.7}% 81
\BOOKMARK [3][-]{subsubsection.7.4.1}{\376\377\000W\000h\000a\000t\000\040\000H\000a\000p\000p\000e\000n\000s\000\040\000W\000h\000e\000n\000\040\000Y\000o\000u\000\040\000A\000c\000c\000e\000s\000s\000\040\000/\000v\000i\000e\000w}{subsection.7.4}% 82
\BOOKMARK [1][-]{section.8}{\376\377\000C\000o\000m\000p\000l\000e\000t\000e\000\040\000C\000o\000d\000e\000\040\000R\000e\000f\000e\000r\000e\000n\000c\000e}{}% 83
\BOOKMARK [2][-]{subsection.8.1}{\376\377\000F\000i\000n\000a\000l\000\040\000m\000a\000i\000n\000.\000p\000y}{section.8}% 84
\BOOKMARK [2][-]{subsection.8.2}{\376\377\000p\000a\000t\000i\000e\000n\000t\000s\000.\000j\000s\000o\000n\000\040\000S\000t\000r\000u\000c\000t\000u\000r\000e}{section.8}% 85
\BOOKMARK [2][-]{subsection.8.3}{\376\377\000P\000r\000o\000j\000e\000c\000t\000\040\000S\000t\000r\000u\000c\000t\000u\000r\000e}{section.8}% 86
\BOOKMARK [2][-]{subsection.8.4}{\376\377\000r\000e\000q\000u\000i\000r\000e\000m\000e\000n\000t\000s\000.\000t\000x\000t}{section.8}% 87
\BOOKMARK [1][-]{section.9}{\376\377\000K\000e\000y\000\040\000C\000o\000n\000c\000e\000p\000t\000s\000\040\000S\000u\000m\000m\000a\000r\000y}{}% 88
\BOOKMARK [2][-]{subsection.9.1}{\376\377\000W\000h\000a\000t\000\040\000W\000e\000\040\000L\000e\000a\000r\000n\000e\000d}{section.9}% 89
\BOOKMARK [3][-]{subsubsection.9.1.1}{\376\377\0001\000.\000\040\000P\000r\000o\000j\000e\000c\000t\000\040\000U\000n\000d\000e\000r\000s\000t\000a\000n\000d\000i\000n\000g}{subsection.9.1}% 90
\BOOKMARK [3][-]{subsubsection.9.1.2}{\376\377\0002\000.\000\040\000S\000o\000f\000t\000w\000a\000r\000e\000\040\000C\000l\000a\000s\000s\000i\000f\000i\000c\000a\000t\000i\000o\000n}{subsection.9.1}% 91
\BOOKMARK [3][-]{subsubsection.9.1.3}{\376\377\0003\000.\000\040\000C\000R\000U\000D\000\040\000O\000p\000e\000r\000a\000t\000i\000o\000n\000s}{subsection.9.1}% 92
\BOOKMARK [3][-]{subsubsection.9.1.4}{\376\377\0004\000.\000\040\000H\000T\000T\000P\000\040\000M\000e\000t\000h\000o\000d\000s}{subsection.9.1}% 93
\BOOKMARK [3][-]{subsubsection.9.1.5}{\376\377\0005\000.\000\040\000C\000l\000i\000e\000n\000t\000-\000S\000e\000r\000v\000e\000r\000\040\000A\000r\000c\000h\000i\000t\000e\000c\000t\000u\000r\000e}{subsection.9.1}% 94
\BOOKMARK [3][-]{subsubsection.9.1.6}{\376\377\0006\000.\000\040\000F\000a\000s\000t\000A\000P\000I\000\040\000B\000a\000s\000i\000c\000s}{subsection.9.1}% 95
\BOOKMARK [2][-]{subsection.9.2}{\376\377\000P\000r\000a\000c\000t\000i\000c\000a\000l\000\040\000I\000m\000p\000l\000e\000m\000e\000n\000t\000a\000t\000i\000o\000n}{section.9}% 96
\BOOKMARK [3][-]{subsubsection.9.2.1}{\376\377\000W\000h\000a\000t\000\040\000W\000e\000\040\000B\000u\000i\000l\000t}{subsection.9.2}% 97
\BOOKMARK [3][-]{subsubsection.9.2.2}{\376\377\000C\000o\000d\000e\000\040\000S\000t\000r\000u\000c\000t\000u\000r\000e}{subsection.9.2}% 98
\BOOKMARK [2][-]{subsection.9.3}{\376\377\000I\000m\000p\000o\000r\000t\000a\000n\000t\000\040\000P\000r\000i\000n\000c\000i\000p\000l\000e\000s}{section.9}% 99
\BOOKMARK [1][-]{section.10}{\376\377\000C\000o\000m\000m\000o\000n\000\040\000I\000s\000s\000u\000e\000s\000\040\000a\000n\000d\000\040\000S\000o\000l\000u\000t\000i\000o\000n\000s}{}% 100
\BOOKMARK [2][-]{subsection.10.1}{\376\377\000S\000e\000r\000v\000e\000r\000\040\000W\000o\000n\000'\000t\000\040\000S\000t\000a\000r\000t}{section.10}% 101
\BOOKMARK [3][-]{subsubsection.10.1.1}{\376\377\000P\000r\000o\000b\000l\000e\000m\000:\000\040\000M\000o\000d\000u\000l\000e\000N\000o\000t\000F\000o\000u\000n\000d\000E\000r\000r\000o\000r}{subsection.10.1}% 102
\BOOKMARK [3][-]{subsubsection.10.1.2}{\376\377\000P\000r\000o\000b\000l\000e\000m\000:\000\040\000P\000o\000r\000t\000\040\000A\000l\000r\000e\000a\000d\000y\000\040\000i\000n\000\040\000U\000s\000e}{subsection.10.1}% 103
\BOOKMARK [2][-]{subsection.10.2}{\376\377\000J\000S\000O\000N\000\040\000F\000i\000l\000e\000\040\000I\000s\000s\000u\000e\000s}{section.10}% 104
\BOOKMARK [3][-]{subsubsection.10.2.1}{\376\377\000P\000r\000o\000b\000l\000e\000m\000:\000\040\000F\000i\000l\000e\000N\000o\000t\000F\000o\000u\000n\000d\000E\000r\000r\000o\000r}{subsection.10.2}% 105
\BOOKMARK [3][-]{subsubsection.10.2.2}{\376\377\000P\000r\000o\000b\000l\000e\000m\000:\000\040\000J\000S\000O\000N\000\040\000D\000e\000c\000o\000d\000e\000\040\000E\000r\000r\000o\000r}{subsection.10.2}% 106
\BOOKMARK [2][-]{subsection.10.3}{\376\377\000B\000r\000o\000w\000s\000e\000r\000\040\000I\000s\000s\000u\000e\000s}{section.10}% 107
\BOOKMARK [3][-]{subsubsection.10.3.1}{\376\377\000P\000r\000o\000b\000l\000e\000m\000:\000\040\0004\0000\0004\000\040\000N\000o\000t\000\040\000F\000o\000u\000n\000d}{subsection.10.3}% 108
\BOOKMARK [3][-]{subsubsection.10.3.2}{\376\377\000P\000r\000o\000b\000l\000e\000m\000:\000\040\000E\000m\000p\000t\000y\000\040\000R\000e\000s\000p\000o\000n\000s\000e}{subsection.10.3}% 109
\BOOKMARK [1][-]{section.11}{\376\377\000Q\000u\000i\000c\000k\000\040\000R\000e\000f\000e\000r\000e\000n\000c\000e\000\040\000G\000u\000i\000d\000e}{}% 110
\BOOKMARK [2][-]{subsection.11.1}{\376\377\000E\000s\000s\000e\000n\000t\000i\000a\000l\000\040\000C\000o\000m\000m\000a\000n\000d\000s}{section.11}% 111
\BOOKMARK [2][-]{subsection.11.2}{\376\377\000F\000a\000s\000t\000A\000P\000I\000\040\000E\000n\000d\000p\000o\000i\000n\000t\000\040\000T\000e\000m\000p\000l\000a\000t\000e}{section.11}% 112
\BOOKMARK [2][-]{subsection.11.3}{\376\377\000H\000T\000T\000P\000\040\000M\000e\000t\000h\000o\000d\000s\000\040\000R\000e\000f\000e\000r\000e\000n\000c\000e}{section.11}% 113
\BOOKMARK [2][-]{subsection.11.4}{\376\377\000C\000o\000m\000m\000o\000n\000\040\000H\000T\000T\000P\000\040\000S\000t\000a\000t\000u\000s\000\040\000C\000o\000d\000e\000s}{section.11}% 114
